Bright Maschine Learning software stack loaded.
Files already downloaded and verified
Files already downloaded and verified
Beginning training from epoch: 1
Train Loss 0.249
Train Loss 2.075
Train Loss 2.071
Train Loss 2.004
Train Loss 1.969
Train Loss 1.978
Train Loss 1.934
Train Loss 1.897
Epoch   1 | Time    37 | Train Loss 1.8515 | Test Loss 0.002 | Test Error 55.96
Train Loss 0.183
Train Loss 1.843
Train Loss 1.800
Train Loss 1.799
Train Loss 1.777
Train Loss 1.775
Train Loss 1.761
Train Loss 1.743
Epoch   2 | Time    36 | Train Loss 1.6992 | Test Loss 0.002 | Test Error 53.99
Train Loss 0.178
Train Loss 1.712
Train Loss 1.718
Train Loss 1.688
Train Loss 1.702
Train Loss 1.677
Train Loss 1.680
Train Loss 1.651
Epoch   3 | Time    36 | Train Loss 1.6798 | Test Loss 0.001 | Test Error 51.79
Train Loss 0.168
Train Loss 1.630
Train Loss 1.622
Train Loss 1.639
Train Loss 1.623
Train Loss 1.627
Train Loss 1.611
Train Loss 1.635
Epoch   4 | Time    36 | Train Loss 1.5828 | Test Loss 0.001 | Test Error 49.16
Train Loss 0.146
Train Loss 1.606
Train Loss 1.595
Train Loss 1.571
Train Loss 1.580
Train Loss 1.595
Train Loss 1.560
Train Loss 1.564
Epoch   5 | Time    36 | Train Loss 1.5511 | Test Loss 0.001 | Test Error 47.80
Train Loss 0.160
Train Loss 1.511
Train Loss 1.523
Train Loss 1.508
Train Loss 1.533
Train Loss 1.543
Train Loss 1.508
Train Loss 1.494
Epoch   6 | Time    36 | Train Loss 1.5207 | Test Loss 0.001 | Test Error 44.84
Train Loss 0.166
Train Loss 1.488
Train Loss 1.485
Train Loss 1.475
Train Loss 1.488
Train Loss 1.430
Train Loss 1.480
Train Loss 1.465
Epoch   7 | Time    36 | Train Loss 1.4686 | Test Loss 0.001 | Test Error 43.84
Train Loss 0.147
Train Loss 1.431
Train Loss 1.460
Train Loss 1.485
Train Loss 1.442
Train Loss 1.467
Train Loss 1.427
Train Loss 1.459
Epoch   8 | Time    36 | Train Loss 1.4091 | Test Loss 0.001 | Test Error 42.88
Train Loss 0.138
Train Loss 1.427
Train Loss 1.417
Train Loss 1.393
Train Loss 1.431
Train Loss 1.430
Train Loss 1.404
Train Loss 1.376
Epoch   9 | Time    36 | Train Loss 1.4181 | Test Loss 0.001 | Test Error 40.77
Train Loss 0.138
Train Loss 1.367
Train Loss 1.383
Train Loss 1.361
Train Loss 1.348
Train Loss 1.373
Train Loss 1.406
Train Loss 1.418
Epoch  10 | Time    36 | Train Loss 1.3829 | Test Loss 0.001 | Test Error 40.24
Train Loss 0.133
Train Loss 1.368
Train Loss 1.344
Train Loss 1.352
Train Loss 1.376
Train Loss 1.349
Train Loss 1.318
Train Loss 1.350
Epoch  11 | Time    36 | Train Loss 1.3457 | Test Loss 0.001 | Test Error 40.03
Train Loss 0.136
Train Loss 1.329
Train Loss 1.336
Train Loss 1.329
Train Loss 1.322
Train Loss 1.307
Train Loss 1.314
Train Loss 1.322
Epoch  12 | Time    36 | Train Loss 1.3317 | Test Loss 0.001 | Test Error 39.32
Train Loss 0.133
Train Loss 1.307
Train Loss 1.283
Train Loss 1.289
Train Loss 1.278
Train Loss 1.325
Train Loss 1.326
Train Loss 1.257
Epoch  13 | Time    36 | Train Loss 1.3021 | Test Loss 0.001 | Test Error 38.32
Train Loss 0.147
Train Loss 1.243
Train Loss 1.273
Train Loss 1.279
Train Loss 1.298
Train Loss 1.270
Train Loss 1.280
Train Loss 1.296
Epoch  14 | Time    36 | Train Loss 1.2839 | Test Loss 0.001 | Test Error 37.93
Train Loss 0.140
Train Loss 1.270
Train Loss 1.251
Train Loss 1.244
Train Loss 1.272
Train Loss 1.260
Train Loss 1.247
Train Loss 1.242
Epoch  15 | Time    36 | Train Loss 1.2397 | Test Loss 0.001 | Test Error 36.30
Train Loss 0.111
Train Loss 1.229
Train Loss 1.236
Train Loss 1.221
Train Loss 1.238
Train Loss 1.231
Train Loss 1.236
Train Loss 1.202
Epoch  16 | Time    36 | Train Loss 1.2160 | Test Loss 0.001 | Test Error 35.72
Train Loss 0.117
Train Loss 1.226
Train Loss 1.147
Train Loss 1.223
Train Loss 1.188
Train Loss 1.246
Train Loss 1.226
Train Loss 1.184
Epoch  17 | Time    36 | Train Loss 1.2456 | Test Loss 0.001 | Test Error 35.64
Train Loss 0.128
Train Loss 1.190
Train Loss 1.186
Train Loss 1.178
Train Loss 1.163
Train Loss 1.207
Train Loss 1.209
Train Loss 1.178
Epoch  18 | Time    36 | Train Loss 1.1559 | Test Loss 0.001 | Test Error 34.86
Train Loss 0.121
Train Loss 1.132
Train Loss 1.155
Train Loss 1.187
Train Loss 1.150
Train Loss 1.192
Train Loss 1.173
Train Loss 1.126
Epoch  19 | Time    36 | Train Loss 1.1797 | Test Loss 0.001 | Test Error 33.83
Train Loss 0.113
Train Loss 1.113
Train Loss 1.127
Train Loss 1.174
Train Loss 1.155
Train Loss 1.145
Train Loss 1.145
Train Loss 1.127
Epoch  20 | Time    36 | Train Loss 1.1690 | Test Loss 0.001 | Test Error 33.11
Train Loss 0.118
Train Loss 1.101
Train Loss 1.127
Train Loss 1.106
Train Loss 1.115
Train Loss 1.135
Train Loss 1.128
Train Loss 1.127
Epoch  21 | Time    36 | Train Loss 1.1234 | Test Loss 0.001 | Test Error 32.96
Train Loss 0.107
Train Loss 1.105
Train Loss 1.096
Train Loss 1.094
Train Loss 1.120
Train Loss 1.092
Train Loss 1.113
Train Loss 1.127
Epoch  22 | Time    36 | Train Loss 1.1165 | Test Loss 0.001 | Test Error 32.81
Train Loss 0.103
Train Loss 1.062
Train Loss 1.131
Train Loss 1.084
Train Loss 1.077
Train Loss 1.099
Train Loss 1.050
Train Loss 1.069
Epoch  23 | Time    36 | Train Loss 1.0636 | Test Loss 0.001 | Test Error 32.39
Train Loss 0.099
Train Loss 1.071
Train Loss 1.044
Train Loss 1.066
Train Loss 1.051
Train Loss 1.073
Train Loss 1.072
Train Loss 1.092
Epoch  24 | Time    36 | Train Loss 1.0651 | Test Loss 0.001 | Test Error 31.26
Train Loss 0.120
Train Loss 1.069
Train Loss 1.033
Train Loss 1.031
Train Loss 1.034
Train Loss 1.068
Train Loss 1.039
Train Loss 1.058
Epoch  25 | Time    36 | Train Loss 1.0506 | Test Loss 0.001 | Test Error 31.66
Train Loss 0.096
Train Loss 1.028
Train Loss 1.038
Train Loss 1.034
Train Loss 1.010
Train Loss 0.996
Train Loss 1.011
Train Loss 1.026
Epoch  26 | Time    36 | Train Loss 1.0575 | Test Loss 0.001 | Test Error 30.94
Train Loss 0.104
Train Loss 0.997
Train Loss 0.973
Train Loss 1.027
Train Loss 1.016
Train Loss 1.002
Train Loss 1.043
Train Loss 1.013
Epoch  27 | Time    36 | Train Loss 1.0003 | Test Loss 0.001 | Test Error 30.41
Train Loss 0.097
Train Loss 0.992
Train Loss 1.005
Train Loss 0.995
Train Loss 0.986
Train Loss 0.999
Train Loss 1.006
Train Loss 0.981
Epoch  28 | Time    36 | Train Loss 1.0199 | Test Loss 0.001 | Test Error 30.69
Train Loss 0.107
Train Loss 0.985
Train Loss 0.935
Train Loss 0.974
Train Loss 0.984
Train Loss 0.947
Train Loss 0.924
Train Loss 0.986
Epoch  29 | Time    36 | Train Loss 0.9297 | Test Loss 0.001 | Test Error 29.56
Train Loss 0.096
Train Loss 0.953
Train Loss 0.892
Train Loss 0.937
Train Loss 0.954
Train Loss 0.939
Train Loss 0.955
Train Loss 0.968
Epoch  30 | Time    36 | Train Loss 0.9430 | Test Loss 0.001 | Test Error 29.48
Train Loss 0.100
Train Loss 0.914
Train Loss 0.923
Train Loss 0.945
Train Loss 0.901
Train Loss 0.987
Train Loss 0.915
Train Loss 0.930
Epoch  31 | Time    36 | Train Loss 0.9187 | Test Loss 0.001 | Test Error 29.37
Train Loss 0.088
Train Loss 0.898
Train Loss 0.915
Train Loss 0.900
Train Loss 0.902
Train Loss 0.941
Train Loss 0.915
Train Loss 0.914
Epoch  32 | Time    37 | Train Loss 0.9037 | Test Loss 0.001 | Test Error 29.07
Train Loss 0.091
Train Loss 0.896
Train Loss 0.894
Train Loss 0.920
Train Loss 0.921
Train Loss 0.922
Train Loss 0.925
Train Loss 0.948
Epoch  33 | Time    36 | Train Loss 0.9063 | Test Loss 0.001 | Test Error 28.59
Train Loss 0.089
Train Loss 0.859
Train Loss 0.889
Train Loss 0.861
Train Loss 0.897
Train Loss 0.855
Train Loss 0.905
Train Loss 0.875
Epoch  34 | Time    36 | Train Loss 0.8616 | Test Loss 0.001 | Test Error 29.01
Train Loss 0.100
Train Loss 0.823
Train Loss 0.884
Train Loss 0.860
Train Loss 0.875
Train Loss 0.878
Train Loss 0.882
Train Loss 0.816
Epoch  35 | Time    36 | Train Loss 0.8649 | Test Loss 0.001 | Test Error 28.40
Train Loss 0.081
Train Loss 0.822
Train Loss 0.852
Train Loss 0.847
Train Loss 0.857
Train Loss 0.831
Train Loss 0.837
Train Loss 0.818
Epoch  36 | Time    36 | Train Loss 0.8863 | Test Loss 0.001 | Test Error 28.24
Train Loss 0.091
Train Loss 0.832
Train Loss 0.811
Train Loss 0.825
Train Loss 0.786
Train Loss 0.828
Train Loss 0.830
Train Loss 0.837
Epoch  37 | Time    36 | Train Loss 0.8147 | Test Loss 0.001 | Test Error 28.16
Train Loss 0.082
Train Loss 0.787
Train Loss 0.812
Train Loss 0.820
Train Loss 0.811
Train Loss 0.777
Train Loss 0.813
Train Loss 0.844
Epoch  38 | Time    36 | Train Loss 0.8191 | Test Loss 0.001 | Test Error 27.71
Train Loss 0.068
Train Loss 0.758
Train Loss 0.795
Train Loss 0.790
Train Loss 0.810
Train Loss 0.797
Train Loss 0.773
Train Loss 0.852
Epoch  39 | Time    36 | Train Loss 0.8085 | Test Loss 0.001 | Test Error 27.50
Train Loss 0.078
Train Loss 0.769
Train Loss 0.780
Train Loss 0.776
Train Loss 0.759
Train Loss 0.757
Train Loss 0.758
Train Loss 0.800
Epoch  40 | Time    36 | Train Loss 0.7497 | Test Loss 0.001 | Test Error 27.22
Train Loss 0.077
Train Loss 0.731
Train Loss 0.757
Train Loss 0.760
Train Loss 0.725
Train Loss 0.783
Train Loss 0.758
Train Loss 0.780
Epoch  41 | Time    36 | Train Loss 0.7442 | Test Loss 0.001 | Test Error 27.46
Train Loss 0.069
Train Loss 0.724
Train Loss 0.746
Train Loss 0.737
Train Loss 0.757
Train Loss 0.729
Train Loss 0.728
Train Loss 0.745
Epoch  42 | Time    36 | Train Loss 0.7408 | Test Loss 0.001 | Test Error 27.14
Train Loss 0.059
Train Loss 0.677
Train Loss 0.666
Train Loss 0.730
Train Loss 0.731
Train Loss 0.726
Train Loss 0.735
Train Loss 0.741
Epoch  43 | Time    36 | Train Loss 0.7275 | Test Loss 0.001 | Test Error 26.94
Train Loss 0.062
Train Loss 0.649
Train Loss 0.702
Train Loss 0.681
Train Loss 0.715
Train Loss 0.751
Train Loss 0.731
Train Loss 0.704
Epoch  44 | Time    36 | Train Loss 0.7204 | Test Loss 0.001 | Test Error 27.82
Train Loss 0.082
Train Loss 0.657
Train Loss 0.706
Train Loss 0.708
Train Loss 0.717
Train Loss 0.682
Train Loss 0.698
Train Loss 0.667
Epoch  45 | Time    36 | Train Loss 0.7039 | Test Loss 0.001 | Test Error 26.64
Train Loss 0.077
Train Loss 0.671
Train Loss 0.708
Train Loss 0.702
Train Loss 0.659
Train Loss 0.669
Train Loss 0.679
Train Loss 0.684
Epoch  46 | Time    36 | Train Loss 0.6695 | Test Loss 0.001 | Test Error 26.46
Train Loss 0.061
Train Loss 0.672
Train Loss 0.667
Train Loss 0.676
Train Loss 0.658
Train Loss 0.631
Train Loss 0.652
Train Loss 0.675
Epoch  47 | Time    36 | Train Loss 0.6758 | Test Loss 0.001 | Test Error 26.75
Train Loss 0.056
Train Loss 0.643
Train Loss 0.646
Train Loss 0.661
Train Loss 0.615
Train Loss 0.654
Train Loss 0.659
Train Loss 0.630
Epoch  48 | Time    36 | Train Loss 0.6253 | Test Loss 0.001 | Test Error 26.63
Train Loss 0.058
Train Loss 0.651
Train Loss 0.646
Train Loss 0.626
Train Loss 0.626
Train Loss 0.618
Train Loss 0.629
Train Loss 0.629
Epoch  49 | Time    36 | Train Loss 0.6473 | Test Loss 0.001 | Test Error 26.17
Train Loss 0.052
Train Loss 0.591
Train Loss 0.654
Train Loss 0.580
Train Loss 0.593
Train Loss 0.636
Train Loss 0.629
Train Loss 0.598
Epoch  50 | Time    36 | Train Loss 0.6117 | Test Loss 0.001 | Test Error 26.48
Train Loss 0.060
Train Loss 0.565
Train Loss 0.606
Train Loss 0.609
Train Loss 0.593
Train Loss 0.593
Train Loss 0.595
Train Loss 0.587
Epoch  51 | Time    36 | Train Loss 0.6281 | Test Loss 0.001 | Test Error 26.37
Train Loss 0.063
Train Loss 0.578
Train Loss 0.596
Train Loss 0.579
Train Loss 0.617
Train Loss 0.572
Train Loss 0.591
Train Loss 0.599
Epoch  52 | Time    36 | Train Loss 0.5896 | Test Loss 0.001 | Test Error 26.48
Train Loss 0.066
Train Loss 0.564
Train Loss 0.577
Train Loss 0.559
Train Loss 0.571
Train Loss 0.583
Train Loss 0.575
Train Loss 0.581
Epoch  53 | Time    36 | Train Loss 0.5631 | Test Loss 0.001 | Test Error 26.49
Train Loss 0.036
Train Loss 0.527
Train Loss 0.563
Train Loss 0.581
Train Loss 0.591
Train Loss 0.533
Train Loss 0.619
Train Loss 0.564
Epoch  54 | Time    36 | Train Loss 0.5354 | Test Loss 0.001 | Test Error 26.20
Train Loss 0.054
Train Loss 0.522
Train Loss 0.527
Train Loss 0.553
Train Loss 0.557
Train Loss 0.526
Train Loss 0.553
Train Loss 0.553
Epoch  55 | Time    36 | Train Loss 0.5592 | Test Loss 0.001 | Test Error 26.33
Train Loss 0.055
Train Loss 0.511
Train Loss 0.503
Train Loss 0.543
Train Loss 0.536
Train Loss 0.549
Train Loss 0.529
Train Loss 0.522
Epoch  56 | Time    36 | Train Loss 0.5172 | Test Loss 0.001 | Test Error 25.96
Train Loss 0.052
Train Loss 0.479
Train Loss 0.521
Train Loss 0.506
Train Loss 0.535
Train Loss 0.500
Train Loss 0.589
Train Loss 0.502
Epoch  57 | Time    36 | Train Loss 0.5304 | Test Loss 0.001 | Test Error 26.29
Train Loss 0.053
Train Loss 0.466
Train Loss 0.478
Train Loss 0.472
Train Loss 0.480
Train Loss 0.503
Train Loss 0.526
Train Loss 0.533
Epoch  58 | Time    36 | Train Loss 0.5335 | Test Loss 0.001 | Test Error 26.24
Train Loss 0.038
Train Loss 0.476
Train Loss 0.463
Train Loss 0.494
Train Loss 0.488
Train Loss 0.484
Train Loss 0.516
Train Loss 0.518
Epoch  59 | Time    36 | Train Loss 0.5545 | Test Loss 0.001 | Test Error 25.91
Train Loss 0.046
Train Loss 0.467
Train Loss 0.463
Train Loss 0.460
Train Loss 0.502
Train Loss 0.483
Train Loss 0.504
Train Loss 0.471
Epoch  60 | Time    36 | Train Loss 0.4870 | Test Loss 0.001 | Test Error 26.39
Train Loss 0.058
Train Loss 0.457
Train Loss 0.449
Train Loss 0.490
Train Loss 0.455
Train Loss 0.463
Train Loss 0.443
Train Loss 0.482
Epoch  61 | Time    36 | Train Loss 0.5113 | Test Loss 0.001 | Test Error 26.62
Train Loss 0.042
Train Loss 0.454
Train Loss 0.464
Train Loss 0.470
Train Loss 0.457
Train Loss 0.449
Train Loss 0.492
Train Loss 0.476
Epoch  62 | Time    36 | Train Loss 0.4806 | Test Loss 0.001 | Test Error 26.32
Train Loss 0.050
Train Loss 0.415
Train Loss 0.469
Train Loss 0.436
Train Loss 0.477
Train Loss 0.450
Train Loss 0.475
Train Loss 0.469
Epoch  63 | Time    36 | Train Loss 0.4358 | Test Loss 0.001 | Test Error 26.34
Train Loss 0.050
Train Loss 0.453
Train Loss 0.454
Train Loss 0.440
Train Loss 0.418
Train Loss 0.432
Train Loss 0.433
Train Loss 0.467
Epoch  64 | Time    36 | Train Loss 0.4149 | Test Loss 0.001 | Test Error 26.42
Train Loss 0.030
Train Loss 0.423
Train Loss 0.440
Train Loss 0.408
Train Loss 0.447
Train Loss 0.438
Train Loss 0.463
Train Loss 0.434
Epoch  65 | Time    36 | Train Loss 0.4203 | Test Loss 0.001 | Test Error 26.05
Train Loss 0.043
Train Loss 0.427
Train Loss 0.436
Train Loss 0.432
Train Loss 0.411
Train Loss 0.433
Train Loss 0.429
Train Loss 0.455
Epoch  66 | Time    36 | Train Loss 0.4285 | Test Loss 0.001 | Test Error 26.41
Train Loss 0.038
Train Loss 0.410
Train Loss 0.423
Train Loss 0.385
Train Loss 0.418
Train Loss 0.424
Train Loss 0.371
Train Loss 0.402
Epoch  67 | Time    36 | Train Loss 0.4148 | Test Loss 0.001 | Test Error 26.47
Train Loss 0.023
Train Loss 0.416
Train Loss 0.421
Train Loss 0.403
Train Loss 0.413
Train Loss 0.415
Train Loss 0.417
Train Loss 0.421
Epoch  68 | Time    36 | Train Loss 0.3995 | Test Loss 0.001 | Test Error 26.01
Train Loss 0.036
Train Loss 0.395
Train Loss 0.389
Train Loss 0.398
Train Loss 0.393
Train Loss 0.387
Train Loss 0.392
Train Loss 0.361
Epoch  69 | Time    36 | Train Loss 0.3730 | Test Loss 0.001 | Test Error 26.17
Train Loss 0.035
Train Loss 0.377
Train Loss 0.401
Train Loss 0.364
Train Loss 0.426
Train Loss 0.387
Train Loss 0.364
Train Loss 0.412
Epoch  70 | Time    36 | Train Loss 0.4065 | Test Loss 0.001 | Test Error 26.04
Train Loss 0.051
Train Loss 0.402
Train Loss 0.397
Train Loss 0.358
Train Loss 0.388
Train Loss 0.405
Train Loss 0.382
Train Loss 0.403
Epoch  71 | Time    36 | Train Loss 0.3752 | Test Loss 0.001 | Test Error 26.00
Train Loss 0.037
Train Loss 0.361
Train Loss 0.380
Train Loss 0.405
Train Loss 0.384
Train Loss 0.360
Train Loss 0.330
Train Loss 0.379
Epoch  72 | Time    36 | Train Loss 0.3747 | Test Loss 0.001 | Test Error 25.98
Train Loss 0.033
Train Loss 0.382
Train Loss 0.362
Train Loss 0.356
Train Loss 0.393
Train Loss 0.360
Train Loss 0.361
Train Loss 0.342
Epoch  73 | Time    36 | Train Loss 0.3588 | Test Loss 0.001 | Test Error 25.82
Train Loss 0.027
Train Loss 0.383
Train Loss 0.393
Train Loss 0.359
Train Loss 0.369
Train Loss 0.372
Train Loss 0.365
Train Loss 0.351
Epoch  74 | Time    36 | Train Loss 0.3902 | Test Loss 0.001 | Test Error 26.11
Train Loss 0.029
Train Loss 0.340
Train Loss 0.381
Train Loss 0.346
Train Loss 0.348
Train Loss 0.352
Train Loss 0.359
Train Loss 0.372
Epoch  75 | Time    36 | Train Loss 0.4117 | Test Loss 0.001 | Test Error 26.02
Train Loss 0.028
Train Loss 0.371
Train Loss 0.349
Train Loss 0.343
Train Loss 0.400
Train Loss 0.375
Train Loss 0.363
Train Loss 0.381
Epoch  76 | Time    36 | Train Loss 0.3334 | Test Loss 0.001 | Test Error 26.07
Train Loss 0.033
Train Loss 0.301
Train Loss 0.327
Train Loss 0.370
Train Loss 0.303
Train Loss 0.382
Train Loss 0.375
Train Loss 0.345
Epoch  77 | Time    36 | Train Loss 0.3426 | Test Loss 0.001 | Test Error 26.03
Train Loss 0.031
Train Loss 0.327
Train Loss 0.331
Train Loss 0.321
Train Loss 0.357
Train Loss 0.343
Train Loss 0.332
Train Loss 0.340
Epoch  78 | Time    36 | Train Loss 0.3047 | Test Loss 0.001 | Test Error 26.16
Train Loss 0.037
Train Loss 0.342
Train Loss 0.313
Train Loss 0.360
Train Loss 0.315
Train Loss 0.339
Train Loss 0.333
Train Loss 0.339
Epoch  79 | Time    36 | Train Loss 0.3418 | Test Loss 0.001 | Test Error 26.00
Train Loss 0.023
Train Loss 0.357
Train Loss 0.311
Train Loss 0.345
Train Loss 0.327
Train Loss 0.308
Train Loss 0.329
Train Loss 0.318
Epoch  80 | Time    36 | Train Loss 0.3803 | Test Loss 0.001 | Test Error 25.99
Train Loss 0.042
Train Loss 0.304
Train Loss 0.347
Train Loss 0.319
Train Loss 0.322
Train Loss 0.325
Train Loss 0.346
Train Loss 0.317
Epoch  81 | Time    36 | Train Loss 0.3162 | Test Loss 0.001 | Test Error 26.19
Train Loss 0.041
Train Loss 0.279
Train Loss 0.318
Train Loss 0.303
Train Loss 0.339
Train Loss 0.347
Train Loss 0.352
Train Loss 0.364
Epoch  82 | Time    36 | Train Loss 0.3059 | Test Loss 0.001 | Test Error 26.17
Train Loss 0.041
Train Loss 0.357
Train Loss 0.352
Train Loss 0.359
Train Loss 0.327
Train Loss 0.300
Train Loss 0.340
Train Loss 0.299
Epoch  83 | Time    36 | Train Loss 0.3423 | Test Loss 0.001 | Test Error 26.05
Train Loss 0.023
Train Loss 0.313
Train Loss 0.290
Train Loss 0.317
Train Loss 0.334
Train Loss 0.304
Train Loss 0.327
Train Loss 0.339
Epoch  84 | Time    36 | Train Loss 0.3400 | Test Loss 0.001 | Test Error 25.89
Train Loss 0.033
Train Loss 0.299
Train Loss 0.311
Train Loss 0.329
Train Loss 0.317
Train Loss 0.334
Train Loss 0.318
Train Loss 0.332
Epoch  85 | Time    36 | Train Loss 0.3110 | Test Loss 0.001 | Test Error 25.78
Train Loss 0.034
Train Loss 0.285
Train Loss 0.318
Train Loss 0.305
Train Loss 0.297
Train Loss 0.322
Train Loss 0.290
Train Loss 0.341
Epoch  86 | Time    36 | Train Loss 0.3064 | Test Loss 0.001 | Test Error 25.99
Train Loss 0.035
Train Loss 0.320
Train Loss 0.332
Train Loss 0.305
Train Loss 0.316
Train Loss 0.293
Train Loss 0.328
Train Loss 0.320
Epoch  87 | Time    36 | Train Loss 0.2784 | Test Loss 0.001 | Test Error 25.99
Train Loss 0.037
Train Loss 0.310
Train Loss 0.316
Train Loss 0.281
Train Loss 0.308
Train Loss 0.328
Train Loss 0.250
Train Loss 0.332
Epoch  88 | Time    36 | Train Loss 0.2955 | Test Loss 0.001 | Test Error 25.91
Train Loss 0.036
Train Loss 0.303
Train Loss 0.309
Train Loss 0.314
Train Loss 0.311
Train Loss 0.339
Train Loss 0.294
Train Loss 0.328
Epoch  89 | Time    36 | Train Loss 0.2971 | Test Loss 0.001 | Test Error 26.00
Train Loss 0.020
Train Loss 0.262
Train Loss 0.333
Train Loss 0.310
Train Loss 0.324
Train Loss 0.323
Train Loss 0.297
Train Loss 0.290
Epoch  90 | Time    36 | Train Loss 0.2988 | Test Loss 0.001 | Test Error 26.16
Train Loss 0.043
Train Loss 0.303
Train Loss 0.279
Train Loss 0.301
Train Loss 0.295
Train Loss 0.311
Train Loss 0.302
Train Loss 0.303
Epoch  91 | Time    36 | Train Loss 0.3121 | Test Loss 0.001 | Test Error 25.93
Train Loss 0.028
Train Loss 0.321
Train Loss 0.292
Train Loss 0.300
Train Loss 0.321
Train Loss 0.280
Train Loss 0.290
Train Loss 0.337
Epoch  92 | Time    36 | Train Loss 0.2631 | Test Loss 0.001 | Test Error 26.01
Train Loss 0.026
Train Loss 0.320
Train Loss 0.300
Train Loss 0.303
Train Loss 0.282
Train Loss 0.290
Train Loss 0.285
Train Loss 0.268
Epoch  93 | Time    36 | Train Loss 0.2999 | Test Loss 0.001 | Test Error 25.86
Train Loss 0.026
Train Loss 0.290
Train Loss 0.277
Train Loss 0.333
Train Loss 0.338
Train Loss 0.320
Train Loss 0.283
Train Loss 0.325
Epoch  94 | Time    36 | Train Loss 0.2883 | Test Loss 0.001 | Test Error 25.96
Train Loss 0.025
Train Loss 0.271
Train Loss 0.284
Train Loss 0.302
Train Loss 0.298
Train Loss 0.287
Train Loss 0.306
Train Loss 0.297
Epoch  95 | Time    36 | Train Loss 0.2873 | Test Loss 0.001 | Test Error 25.96
Train Loss 0.039
Train Loss 0.267
Train Loss 0.312
Train Loss 0.288
Train Loss 0.292
Train Loss 0.296
Train Loss 0.300
Train Loss 0.286
Epoch  96 | Time    36 | Train Loss 0.2929 | Test Loss 0.001 | Test Error 25.96
Train Loss 0.018
Train Loss 0.311
Train Loss 0.285
Train Loss 0.297
Train Loss 0.300
Train Loss 0.298
Train Loss 0.299
Train Loss 0.305
Epoch  97 | Time    36 | Train Loss 0.3087 | Test Loss 0.001 | Test Error 26.05
Train Loss 0.028
Train Loss 0.295
Train Loss 0.301
Train Loss 0.278
Train Loss 0.315
Train Loss 0.258
Train Loss 0.287
Train Loss 0.288
Epoch  98 | Time    36 | Train Loss 0.2947 | Test Loss 0.001 | Test Error 26.03
Train Loss 0.040
Train Loss 0.305
Train Loss 0.289
Train Loss 0.305
Train Loss 0.294
Train Loss 0.342
Train Loss 0.304
Train Loss 0.276
Epoch  99 | Time    36 | Train Loss 0.2902 | Test Loss 0.001 | Test Error 26.05
Train Loss 0.041
Train Loss 0.282
Train Loss 0.312
Train Loss 0.289
Train Loss 0.284
Train Loss 0.276
Train Loss 0.275
Train Loss 0.280
Epoch 100 | Time    36 | Train Loss 0.2913 | Test Loss 0.001 | Test Error 26.05
(50000, 32, 32, 3)
gaussian_noise
	Test Loss 0.001 | Test Error 31.308
(50000, 32, 32, 3)
shot_noise
	Test Loss 0.001 | Test Error 29.396
(50000, 32, 32, 3)
impulse_noise
	Test Loss 0.001 | Test Error 34.710
(50000, 32, 32, 3)
defocus_blur
	Test Loss 0.001 | Test Error 27.160
(50000, 32, 32, 3)
glass_blur
	Test Loss 0.001 | Test Error 28.112
(50000, 32, 32, 3)
motion_blur
	Test Loss 0.001 | Test Error 28.768
(50000, 32, 32, 3)
zoom_blur
	Test Loss 0.001 | Test Error 28.248
(50000, 32, 32, 3)
snow
	Test Loss 0.001 | Test Error 31.418
(50000, 32, 32, 3)
frost
	Test Loss 0.001 | Test Error 34.920
(50000, 32, 32, 3)
fog
	Test Loss 0.002 | Test Error 40.920
(50000, 32, 32, 3)
brightness
	Test Loss 0.001 | Test Error 29.920
(50000, 32, 32, 3)
contrast
	Test Loss 0.002 | Test Error 42.968
(50000, 32, 32, 3)
elastic_transform
	Test Loss 0.001 | Test Error 29.574
(50000, 32, 32, 3)
pixelate
	Test Loss 0.001 | Test Error 26.248
(50000, 32, 32, 3)
jpeg_compression
	Test Loss 0.001 | Test Error 27.364
Mean Corruption Error: 31.402

brightness Flipping Prob
0.01885333333333304
Top5 Distance	0.38002
Zipf Distance	0.02462

gaussian_blur Flipping Prob
0.0036633333333333756
Top5 Distance	0.07660
Zipf Distance	0.00483

gaussian_noise Flipping Prob
0.031999999999999994
Top5 Distance	0.70325
Zipf Distance	0.04377

motion_blur Flipping Prob
0.027220000000000237
Top5 Distance	0.56881
Zipf Distance	0.03635

rotate Flipping Prob
0.03229333333333356
Top5 Distance	0.67280
Zipf Distance	0.04290

scale Flipping Prob
0.08185999999999972
Top5 Distance	1.37568
Zipf Distance	0.10165

shot_noise Flipping Prob
0.03970666666666678
Top5 Distance	0.86283
Zipf Distance	0.05405

snow Flipping Prob
0.011083333333333334
Top5 Distance	0.21475
Zipf Distance	0.01420

spatter Flipping Prob
0.025183333333333207
Top5 Distance	0.47411
Zipf Distance	0.03306

speckle_noise Flipping Prob
0.035890000000000095
Top5 Distance	0.79203
Zipf Distance	0.04921

tilt Flipping Prob
0.015033333333332845
Top5 Distance	0.32586
Zipf Distance	0.02022

translate Flipping Prob
0.09776000000000427
Top5 Distance	1.81963
Zipf Distance	0.12565

zoom_blur Flipping Prob
0.0036233333333333785
Top5 Distance	0.08347
Zipf Distance	0.00502
flip_list [0.01885333333333304, 0.0036633333333333756, 0.031999999999999994, 0.027220000000000237, 0.03229333333333356, 0.08185999999999972, 0.03970666666666678, 0.011083333333333334, 0.025183333333333207, 0.035890000000000095, 0.015033333333332845, 0.09776000000000427, 0.0036233333333333785]

Mean Flipping Prob	0.03263
