Bright Maschine Learning software stack loaded.
Files already downloaded and verified
Files already downloaded and verified
Beginning training from epoch: 1
Train Loss 0.235
Train Loss 1.023
Train Loss 0.885
Train Loss 0.843
Train Loss 0.789
Train Loss 0.783
Train Loss 0.754
Train Loss 0.761
Epoch   1 | Time    51 | Train Loss 0.6967 | Test Loss 0.000 | Test Error 15.47
Train Loss 0.074
Train Loss 0.651
Train Loss 0.608
Train Loss 0.616
Train Loss 0.639
Train Loss 0.625
Train Loss 0.606
Train Loss 0.636
Epoch   2 | Time    49 | Train Loss 0.5806 | Test Loss 0.000 | Test Error 12.75
Train Loss 0.061
Train Loss 0.574
Train Loss 0.557
Train Loss 0.569
Train Loss 0.598
Train Loss 0.577
Train Loss 0.541
Train Loss 0.568
Epoch   3 | Time    49 | Train Loss 0.5628 | Test Loss 0.000 | Test Error 12.15
Train Loss 0.052
Train Loss 0.497
Train Loss 0.542
Train Loss 0.542
Train Loss 0.523
Train Loss 0.522
Train Loss 0.538
Train Loss 0.561
Epoch   4 | Time    52 | Train Loss 0.5292 | Test Loss 0.000 | Test Error 11.74
Train Loss 0.036
Train Loss 0.476
Train Loss 0.481
Train Loss 0.494
Train Loss 0.465
Train Loss 0.475
Train Loss 0.496
Train Loss 0.468
Epoch   5 | Time    46 | Train Loss 0.4816 | Test Loss 0.000 | Test Error 12.05
Train Loss 0.040
Train Loss 0.414
Train Loss 0.456
Train Loss 0.444
Train Loss 0.455
Train Loss 0.474
Train Loss 0.455
Train Loss 0.463
Epoch   6 | Time    49 | Train Loss 0.4864 | Test Loss 0.000 | Test Error 11.70
Train Loss 0.049
Train Loss 0.423
Train Loss 0.451
Train Loss 0.428
Train Loss 0.468
Train Loss 0.422
Train Loss 0.443
Train Loss 0.416
Epoch   7 | Time    65 | Train Loss 0.4400 | Test Loss 0.000 | Test Error 11.34
Train Loss 0.038
Train Loss 0.408
Train Loss 0.421
Train Loss 0.404
Train Loss 0.426
Train Loss 0.409
Train Loss 0.422
Train Loss 0.439
Epoch   8 | Time    47 | Train Loss 0.4162 | Test Loss 0.000 | Test Error 11.35
Train Loss 0.041
Train Loss 0.383
Train Loss 0.385
Train Loss 0.394
Train Loss 0.428
Train Loss 0.409
Train Loss 0.426
Train Loss 0.409
Epoch   9 | Time    50 | Train Loss 0.3768 | Test Loss 0.000 | Test Error 11.09
Train Loss 0.047
Train Loss 0.364
Train Loss 0.375
Train Loss 0.356
Train Loss 0.386
Train Loss 0.390
Train Loss 0.394
Train Loss 0.405
Epoch  10 | Time    49 | Train Loss 0.3814 | Test Loss 0.000 | Test Error 10.87
Train Loss 0.030
Train Loss 0.369
Train Loss 0.328
Train Loss 0.337
Train Loss 0.383
Train Loss 0.354
Train Loss 0.350
Train Loss 0.380
Epoch  11 | Time    45 | Train Loss 0.3901 | Test Loss 0.000 | Test Error 10.64
Train Loss 0.031
Train Loss 0.323
Train Loss 0.373
Train Loss 0.361
Train Loss 0.380
Train Loss 0.364
Train Loss 0.344
Train Loss 0.371
Epoch  12 | Time    45 | Train Loss 0.3543 | Test Loss 0.000 | Test Error 10.79
Train Loss 0.028
Train Loss 0.305
Train Loss 0.352
Train Loss 0.346
Train Loss 0.324
Train Loss 0.331
Train Loss 0.339
Train Loss 0.356
Epoch  13 | Time    50 | Train Loss 0.3478 | Test Loss 0.000 | Test Error 10.42
Train Loss 0.035
Train Loss 0.301
Train Loss 0.312
Train Loss 0.353
Train Loss 0.317
Train Loss 0.306
Train Loss 0.332
Train Loss 0.382
Epoch  14 | Time    43 | Train Loss 0.3451 | Test Loss 0.000 | Test Error 10.81
Train Loss 0.036
Train Loss 0.316
Train Loss 0.320
Train Loss 0.305
Train Loss 0.348
Train Loss 0.318
Train Loss 0.349
Train Loss 0.335
Epoch  15 | Time    53 | Train Loss 0.3219 | Test Loss 0.000 | Test Error 10.66
Train Loss 0.038
Train Loss 0.308
Train Loss 0.274
Train Loss 0.276
Train Loss 0.326
Train Loss 0.306
Train Loss 0.335
Train Loss 0.330
Epoch  16 | Time    51 | Train Loss 0.3030 | Test Loss 0.000 | Test Error 10.87
Train Loss 0.035
Train Loss 0.302
Train Loss 0.294
Train Loss 0.274
Train Loss 0.279
Train Loss 0.314
Train Loss 0.302
Train Loss 0.308
Epoch  17 | Time    45 | Train Loss 0.3365 | Test Loss 0.000 | Test Error 11.02
Train Loss 0.023
Train Loss 0.266
Train Loss 0.287
Train Loss 0.275
Train Loss 0.300
Train Loss 0.276
Train Loss 0.284
Train Loss 0.259
Epoch  18 | Time    47 | Train Loss 0.2997 | Test Loss 0.000 | Test Error 11.22
Train Loss 0.030
Train Loss 0.276
Train Loss 0.275
Train Loss 0.267
Train Loss 0.304
Train Loss 0.280
Train Loss 0.297
Train Loss 0.285
Epoch  19 | Time    47 | Train Loss 0.2836 | Test Loss 0.000 | Test Error 10.19
Train Loss 0.030
Train Loss 0.244
Train Loss 0.310
Train Loss 0.277
Train Loss 0.267
Train Loss 0.291
Train Loss 0.306
Train Loss 0.286
Epoch  20 | Time    47 | Train Loss 0.2956 | Test Loss 0.000 | Test Error 10.53
Train Loss 0.033
Train Loss 0.265
Train Loss 0.280
Train Loss 0.239
Train Loss 0.258
Train Loss 0.265
Train Loss 0.247
Train Loss 0.270
Epoch  21 | Time    50 | Train Loss 0.2977 | Test Loss 0.000 | Test Error 10.61
Train Loss 0.028
Train Loss 0.255
Train Loss 0.293
Train Loss 0.230
Train Loss 0.282
Train Loss 0.214
Train Loss 0.248
Train Loss 0.302
Epoch  22 | Time    57 | Train Loss 0.2632 | Test Loss 0.000 | Test Error 10.92
Train Loss 0.030
Train Loss 0.246
Train Loss 0.256
Train Loss 0.246
Train Loss 0.253
Train Loss 0.258
Train Loss 0.231
Train Loss 0.251
Epoch  23 | Time    49 | Train Loss 0.2490 | Test Loss 0.000 | Test Error 10.78
Train Loss 0.025
Train Loss 0.241
Train Loss 0.226
Train Loss 0.253
Train Loss 0.222
Train Loss 0.267
Train Loss 0.234
Train Loss 0.236
Epoch  24 | Time    48 | Train Loss 0.2528 | Test Loss 0.000 | Test Error 10.30
Train Loss 0.022
Train Loss 0.253
Train Loss 0.234
Train Loss 0.209
Train Loss 0.254
Train Loss 0.262
Train Loss 0.208
Train Loss 0.251
Epoch  25 | Time    47 | Train Loss 0.2339 | Test Loss 0.000 | Test Error 10.57
Train Loss 0.015
Train Loss 0.225
Train Loss 0.269
Train Loss 0.228
Train Loss 0.209
Train Loss 0.262
Train Loss 0.215
Train Loss 0.262
Epoch  26 | Time    51 | Train Loss 0.2381 | Test Loss 0.000 | Test Error 11.17
Train Loss 0.029
Train Loss 0.203
Train Loss 0.235
Train Loss 0.220
Train Loss 0.262
Train Loss 0.234
Train Loss 0.249
Train Loss 0.219
Epoch  27 | Time    48 | Train Loss 0.2262 | Test Loss 0.000 | Test Error 10.91
Train Loss 0.019
Train Loss 0.207
Train Loss 0.224
Train Loss 0.231
Train Loss 0.230
Train Loss 0.235
Train Loss 0.255
Train Loss 0.221
Epoch  28 | Time    59 | Train Loss 0.2119 | Test Loss 0.000 | Test Error 10.45
Train Loss 0.033
Train Loss 0.215
Train Loss 0.216
Train Loss 0.210
Train Loss 0.203
Train Loss 0.196
Train Loss 0.194
Train Loss 0.241
Epoch  29 | Time    55 | Train Loss 0.1739 | Test Loss 0.000 | Test Error 10.15
Train Loss 0.015
Train Loss 0.169
Train Loss 0.197
Train Loss 0.187
Train Loss 0.197
Train Loss 0.210
Train Loss 0.205
Train Loss 0.219
Epoch  30 | Time    47 | Train Loss 0.1977 | Test Loss 0.000 | Test Error 10.47
Train Loss 0.017
Train Loss 0.195
Train Loss 0.202
Train Loss 0.190
Train Loss 0.203
Train Loss 0.219
Train Loss 0.210
Train Loss 0.194
Epoch  31 | Time    50 | Train Loss 0.2294 | Test Loss 0.000 | Test Error 10.92
Train Loss 0.019
Train Loss 0.162
Train Loss 0.203
Train Loss 0.206
Train Loss 0.173
Train Loss 0.185
Train Loss 0.217
Train Loss 0.214
Epoch  32 | Time    49 | Train Loss 0.1812 | Test Loss 0.000 | Test Error 9.98
Train Loss 0.014
Train Loss 0.162
Train Loss 0.190
Train Loss 0.179
Train Loss 0.184
Train Loss 0.205
Train Loss 0.207
Train Loss 0.192
Epoch  33 | Time    47 | Train Loss 0.1811 | Test Loss 0.000 | Test Error 10.54
Train Loss 0.010
Train Loss 0.179
Train Loss 0.175
Train Loss 0.193
Train Loss 0.197
Train Loss 0.175
Train Loss 0.190
Train Loss 0.168
Epoch  34 | Time    47 | Train Loss 0.1969 | Test Loss 0.000 | Test Error 10.08
Train Loss 0.017
Train Loss 0.179
Train Loss 0.171
Train Loss 0.179
Train Loss 0.170
Train Loss 0.184
Train Loss 0.192
Train Loss 0.151
Epoch  35 | Time    52 | Train Loss 0.1749 | Test Loss 0.000 | Test Error 10.63
Train Loss 0.018
Train Loss 0.157
Train Loss 0.187
Train Loss 0.169
Train Loss 0.198
Train Loss 0.173
Train Loss 0.172
Train Loss 0.175
Epoch  36 | Time    49 | Train Loss 0.1909 | Test Loss 0.000 | Test Error 10.90
Train Loss 0.023
Train Loss 0.207
Train Loss 0.166
Train Loss 0.161
Train Loss 0.164
Train Loss 0.189
Train Loss 0.180
Train Loss 0.154
Epoch  37 | Time    50 | Train Loss 0.1469 | Test Loss 0.000 | Test Error 10.92
Train Loss 0.017
Train Loss 0.143
Train Loss 0.164
Train Loss 0.154
Train Loss 0.163
Train Loss 0.151
Train Loss 0.197
Train Loss 0.163
Epoch  38 | Time    56 | Train Loss 0.1829 | Test Loss 0.000 | Test Error 10.40
Train Loss 0.010
Train Loss 0.147
Train Loss 0.193
Train Loss 0.157
Train Loss 0.140
Train Loss 0.158
Train Loss 0.127
Train Loss 0.166
Epoch  39 | Time    49 | Train Loss 0.1597 | Test Loss 0.000 | Test Error 10.78
Train Loss 0.014
Train Loss 0.149
Train Loss 0.164
Train Loss 0.171
Train Loss 0.137
Train Loss 0.142
Train Loss 0.165
Train Loss 0.172
Epoch  40 | Time    53 | Train Loss 0.1451 | Test Loss 0.000 | Test Error 10.80
Train Loss 0.012
Train Loss 0.138
Train Loss 0.158
Train Loss 0.146
Train Loss 0.137
Train Loss 0.171
Train Loss 0.158
Train Loss 0.184
Epoch  41 | Time    51 | Train Loss 0.1642 | Test Loss 0.000 | Test Error 10.65
Train Loss 0.016
Train Loss 0.148
Train Loss 0.168
Train Loss 0.153
Train Loss 0.160
Train Loss 0.123
Train Loss 0.168
Train Loss 0.159
Epoch  42 | Time    51 | Train Loss 0.1749 | Test Loss 0.000 | Test Error 10.41
Train Loss 0.013
Train Loss 0.131
Train Loss 0.118
Train Loss 0.158
Train Loss 0.140
Train Loss 0.127
Train Loss 0.145
Train Loss 0.155
Epoch  43 | Time    53 | Train Loss 0.1450 | Test Loss 0.000 | Test Error 10.33
Train Loss 0.009
Train Loss 0.115
Train Loss 0.144
Train Loss 0.120
Train Loss 0.164
Train Loss 0.139
Train Loss 0.158
Train Loss 0.126
Epoch  44 | Time    61 | Train Loss 0.1371 | Test Loss 0.000 | Test Error 10.73
Train Loss 0.007
Train Loss 0.139
Train Loss 0.144
Train Loss 0.114
Train Loss 0.147
Train Loss 0.120
Train Loss 0.169
Train Loss 0.135
Epoch  45 | Time    54 | Train Loss 0.1461 | Test Loss 0.000 | Test Error 10.50
Train Loss 0.011
Train Loss 0.127
Train Loss 0.136
Train Loss 0.145
Train Loss 0.128
Train Loss 0.141
Train Loss 0.143
Train Loss 0.118
Epoch  46 | Time    52 | Train Loss 0.1296 | Test Loss 0.000 | Test Error 10.27
Train Loss 0.012
Train Loss 0.126
Train Loss 0.130
Train Loss 0.144
Train Loss 0.132
Train Loss 0.119
Train Loss 0.133
Train Loss 0.129
Epoch  47 | Time    45 | Train Loss 0.1501 | Test Loss 0.000 | Test Error 10.69
Train Loss 0.009
Train Loss 0.132
Train Loss 0.140
Train Loss 0.137
Train Loss 0.117
Train Loss 0.117
Train Loss 0.111
Train Loss 0.115
Epoch  48 | Time    48 | Train Loss 0.1213 | Test Loss 0.000 | Test Error 9.87
Train Loss 0.002
Train Loss 0.137
Train Loss 0.130
Train Loss 0.116
Train Loss 0.118
Train Loss 0.132
Train Loss 0.139
Train Loss 0.133
Epoch  49 | Time    53 | Train Loss 0.1168 | Test Loss 0.000 | Test Error 9.93
Train Loss 0.009
Train Loss 0.098
Train Loss 0.112
Train Loss 0.126
Train Loss 0.100
Train Loss 0.116
Train Loss 0.124
Train Loss 0.123
Epoch  50 | Time    51 | Train Loss 0.1187 | Test Loss 0.000 | Test Error 10.20
Train Loss 0.003
Train Loss 0.119
Train Loss 0.111
Train Loss 0.126
Train Loss 0.128
Train Loss 0.121
Train Loss 0.099
Train Loss 0.079
Epoch  51 | Time    47 | Train Loss 0.1029 | Test Loss 0.000 | Test Error 10.20
Train Loss 0.005
Train Loss 0.081
Train Loss 0.116
Train Loss 0.107
Train Loss 0.104
Train Loss 0.115
Train Loss 0.124
Train Loss 0.143
Epoch  52 | Time    52 | Train Loss 0.1190 | Test Loss 0.000 | Test Error 10.21
Train Loss 0.011
Train Loss 0.100
Train Loss 0.094
Train Loss 0.111
Train Loss 0.098
Train Loss 0.104
Train Loss 0.112
Train Loss 0.087
Epoch  53 | Time    54 | Train Loss 0.0948 | Test Loss 0.000 | Test Error 10.14
Train Loss 0.006
Train Loss 0.136
Train Loss 0.133
Train Loss 0.114
Train Loss 0.134
Train Loss 0.122
Train Loss 0.103
Train Loss 0.119
Epoch  54 | Time    50 | Train Loss 0.1031 | Test Loss 0.000 | Test Error 10.24
Train Loss 0.021
Train Loss 0.084
Train Loss 0.086
Train Loss 0.113
Train Loss 0.115
Train Loss 0.123
Train Loss 0.096
Train Loss 0.093
Epoch  55 | Time    51 | Train Loss 0.0843 | Test Loss 0.000 | Test Error 9.90
Train Loss 0.008
Train Loss 0.110
Train Loss 0.077
Train Loss 0.089
Train Loss 0.104
Train Loss 0.096
Train Loss 0.098
Train Loss 0.085
Epoch  56 | Time    46 | Train Loss 0.0807 | Test Loss 0.000 | Test Error 9.87
Train Loss 0.009
Train Loss 0.070
Train Loss 0.089
Train Loss 0.096
Train Loss 0.091
Train Loss 0.077
Train Loss 0.113
Train Loss 0.091
Epoch  57 | Time    51 | Train Loss 0.1205 | Test Loss 0.000 | Test Error 10.61
Train Loss 0.006
Train Loss 0.090
Train Loss 0.078
Train Loss 0.082
Train Loss 0.090
Train Loss 0.083
Train Loss 0.110
Train Loss 0.108
Epoch  58 | Time    47 | Train Loss 0.0883 | Test Loss 0.000 | Test Error 10.21
Train Loss 0.010
Train Loss 0.093
Train Loss 0.078
Train Loss 0.085
Train Loss 0.108
Train Loss 0.080
Train Loss 0.116
Train Loss 0.082
Epoch  59 | Time    58 | Train Loss 0.0840 | Test Loss 0.000 | Test Error 9.66
Train Loss 0.013
Train Loss 0.068
Train Loss 0.071
Train Loss 0.085
Train Loss 0.077
Train Loss 0.103
Train Loss 0.075
Train Loss 0.091
Epoch  60 | Time    52 | Train Loss 0.0957 | Test Loss 0.000 | Test Error 9.87
Train Loss 0.016
Train Loss 0.071
Train Loss 0.071
Train Loss 0.067
Train Loss 0.090
Train Loss 0.093
Train Loss 0.073
Train Loss 0.078
Epoch  61 | Time    54 | Train Loss 0.0711 | Test Loss 0.000 | Test Error 9.88
Train Loss 0.015
Train Loss 0.082
Train Loss 0.069
Train Loss 0.078
Train Loss 0.070
Train Loss 0.074
Train Loss 0.090
Train Loss 0.059
Epoch  62 | Time    54 | Train Loss 0.0513 | Test Loss 0.000 | Test Error 9.45
Train Loss 0.009
Train Loss 0.067
Train Loss 0.056
Train Loss 0.071
Train Loss 0.060
Train Loss 0.083
Train Loss 0.077
Train Loss 0.081
Epoch  63 | Time    60 | Train Loss 0.0863 | Test Loss 0.000 | Test Error 9.66
Train Loss 0.002
Train Loss 0.067
Train Loss 0.076
Train Loss 0.079
Train Loss 0.069
Train Loss 0.078
Train Loss 0.074
Train Loss 0.083
Epoch  64 | Time    57 | Train Loss 0.0519 | Test Loss 0.000 | Test Error 9.77
Train Loss 0.007
Train Loss 0.078
Train Loss 0.094
Train Loss 0.070
Train Loss 0.068
Train Loss 0.072
Train Loss 0.077
Train Loss 0.060
Epoch  65 | Time    64 | Train Loss 0.0618 | Test Loss 0.000 | Test Error 9.85
Train Loss 0.001
Train Loss 0.082
Train Loss 0.076
Train Loss 0.072
Train Loss 0.066
Train Loss 0.074
Train Loss 0.060
Train Loss 0.068
Epoch  66 | Time    60 | Train Loss 0.0880 | Test Loss 0.001 | Test Error 10.26
Train Loss 0.001
Train Loss 0.056
Train Loss 0.056
Train Loss 0.055
Train Loss 0.053
Train Loss 0.073
Train Loss 0.060
Train Loss 0.063
Epoch  67 | Time    48 | Train Loss 0.0641 | Test Loss 0.001 | Test Error 9.69
Train Loss 0.006
Train Loss 0.050
Train Loss 0.065
Train Loss 0.051
Train Loss 0.054
Train Loss 0.051
Train Loss 0.039
Train Loss 0.067
Epoch  68 | Time    53 | Train Loss 0.0554 | Test Loss 0.001 | Test Error 9.58
Train Loss 0.001
Train Loss 0.041
Train Loss 0.056
Train Loss 0.046
Train Loss 0.053
Train Loss 0.053
Train Loss 0.069
Train Loss 0.034
Epoch  69 | Time    53 | Train Loss 0.0396 | Test Loss 0.001 | Test Error 9.42
Train Loss 0.015
Train Loss 0.054
Train Loss 0.060
Train Loss 0.068
Train Loss 0.062
Train Loss 0.074
Train Loss 0.037
Train Loss 0.065
Epoch  70 | Time    46 | Train Loss 0.0628 | Test Loss 0.001 | Test Error 9.64
Train Loss 0.008
Train Loss 0.058
Train Loss 0.051
Train Loss 0.050
Train Loss 0.078
Train Loss 0.073
Train Loss 0.058
Train Loss 0.059
Epoch  71 | Time    51 | Train Loss 0.0577 | Test Loss 0.001 | Test Error 9.29
Train Loss 0.001
Train Loss 0.064
Train Loss 0.054
Train Loss 0.063
Train Loss 0.056
Train Loss 0.074
Train Loss 0.041
Train Loss 0.042
Epoch  72 | Time    44 | Train Loss 0.0711 | Test Loss 0.001 | Test Error 9.47
Train Loss 0.006
Train Loss 0.064
Train Loss 0.039
Train Loss 0.033
Train Loss 0.035
Train Loss 0.060
Train Loss 0.043
Train Loss 0.040
Epoch  73 | Time    45 | Train Loss 0.0588 | Test Loss 0.001 | Test Error 9.30
Train Loss 0.000
Train Loss 0.060
Train Loss 0.051
Train Loss 0.049
Train Loss 0.045
Train Loss 0.049
Train Loss 0.045
Train Loss 0.040
Epoch  74 | Time    45 | Train Loss 0.0342 | Test Loss 0.001 | Test Error 9.17
Train Loss 0.002
Train Loss 0.055
Train Loss 0.049
Train Loss 0.032
Train Loss 0.027
Train Loss 0.038
Train Loss 0.045
Train Loss 0.040
Epoch  75 | Time    47 | Train Loss 0.0474 | Test Loss 0.001 | Test Error 9.39
Train Loss 0.000
Train Loss 0.053
Train Loss 0.023
Train Loss 0.043
Train Loss 0.082
Train Loss 0.038
Train Loss 0.043
Train Loss 0.047
Epoch  76 | Time    49 | Train Loss 0.0358 | Test Loss 0.001 | Test Error 9.30
Train Loss 0.004
Train Loss 0.031
Train Loss 0.048
Train Loss 0.048
Train Loss 0.041
Train Loss 0.045
Train Loss 0.039
Train Loss 0.041
Epoch  77 | Time    45 | Train Loss 0.0435 | Test Loss 0.001 | Test Error 9.30
Train Loss 0.000
Train Loss 0.026
Train Loss 0.029
Train Loss 0.062
Train Loss 0.046
Train Loss 0.041
Train Loss 0.043
Train Loss 0.048
Epoch  78 | Time    42 | Train Loss 0.0307 | Test Loss 0.001 | Test Error 9.14
Train Loss 0.006
Train Loss 0.029
Train Loss 0.035
Train Loss 0.049
Train Loss 0.020
Train Loss 0.027
Train Loss 0.039
Train Loss 0.029
Epoch  79 | Time    47 | Train Loss 0.0322 | Test Loss 0.001 | Test Error 9.04
Train Loss 0.000
Train Loss 0.068
Train Loss 0.018
Train Loss 0.017
Train Loss 0.040
Train Loss 0.039
Train Loss 0.036
Train Loss 0.026
Epoch  80 | Time    45 | Train Loss 0.0294 | Test Loss 0.001 | Test Error 8.97
Train Loss 0.003
Train Loss 0.016
Train Loss 0.024
Train Loss 0.026
Train Loss 0.025
Train Loss 0.039
Train Loss 0.016
Train Loss 0.032
Epoch  81 | Time    47 | Train Loss 0.0318 | Test Loss 0.001 | Test Error 9.20
Train Loss 0.004
Train Loss 0.028
Train Loss 0.045
Train Loss 0.024
Train Loss 0.033
Train Loss 0.054
Train Loss 0.035
Train Loss 0.065
Epoch  82 | Time    45 | Train Loss 0.0294 | Test Loss 0.001 | Test Error 8.96
Train Loss 0.000
Train Loss 0.031
Train Loss 0.028
Train Loss 0.027
Train Loss 0.039
Train Loss 0.027
Train Loss 0.027
Train Loss 0.017
Epoch  83 | Time    43 | Train Loss 0.0335 | Test Loss 0.001 | Test Error 9.09
Train Loss 0.003
Train Loss 0.042
Train Loss 0.037
Train Loss 0.032
Train Loss 0.034
Train Loss 0.039
Train Loss 0.032
Train Loss 0.039
Epoch  84 | Time    53 | Train Loss 0.0293 | Test Loss 0.001 | Test Error 9.03
Train Loss 0.000
Train Loss 0.031
Train Loss 0.024
Train Loss 0.032
Train Loss 0.055
Train Loss 0.034
Train Loss 0.018
Train Loss 0.022
Epoch  85 | Time    50 | Train Loss 0.0303 | Test Loss 0.001 | Test Error 8.97
Train Loss 0.006
Train Loss 0.022
Train Loss 0.030
Train Loss 0.040
Train Loss 0.022
Train Loss 0.033
Train Loss 0.036
Train Loss 0.030
Epoch  86 | Time    56 | Train Loss 0.0410 | Test Loss 0.001 | Test Error 8.80
Train Loss 0.006
Train Loss 0.033
Train Loss 0.026
Train Loss 0.035
Train Loss 0.026
Train Loss 0.026
Train Loss 0.030
Train Loss 0.041
Epoch  87 | Time    44 | Train Loss 0.0235 | Test Loss 0.001 | Test Error 8.94
Train Loss 0.003
Train Loss 0.019
Train Loss 0.018
Train Loss 0.020
Train Loss 0.038
Train Loss 0.037
Train Loss 0.008
Train Loss 0.037
Epoch  88 | Time    49 | Train Loss 0.0416 | Test Loss 0.001 | Test Error 8.89
Train Loss 0.012
Train Loss 0.020
Train Loss 0.030
Train Loss 0.031
Train Loss 0.039
Train Loss 0.041
Train Loss 0.051
Train Loss 0.036
Epoch  89 | Time    54 | Train Loss 0.0266 | Test Loss 0.001 | Test Error 8.62
Train Loss 0.000
Train Loss 0.021
Train Loss 0.020
Train Loss 0.034
Train Loss 0.032
Train Loss 0.025
Train Loss 0.038
Train Loss 0.019
Epoch  90 | Time    51 | Train Loss 0.0231 | Test Loss 0.001 | Test Error 8.71
Train Loss 0.006
Train Loss 0.028
Train Loss 0.031
Train Loss 0.032
Train Loss 0.029
Train Loss 0.033
Train Loss 0.019
Train Loss 0.025
Epoch  91 | Time    43 | Train Loss 0.0568 | Test Loss 0.001 | Test Error 8.61
Train Loss 0.000
Train Loss 0.030
Train Loss 0.033
Train Loss 0.028
Train Loss 0.033
Train Loss 0.026
Train Loss 0.026
Train Loss 0.037
Epoch  92 | Time    55 | Train Loss 0.0313 | Test Loss 0.001 | Test Error 8.60
Train Loss 0.003
Train Loss 0.030
Train Loss 0.016
Train Loss 0.016
Train Loss 0.015
Train Loss 0.025
Train Loss 0.026
Train Loss 0.029
Epoch  93 | Time    51 | Train Loss 0.0119 | Test Loss 0.001 | Test Error 8.57
Train Loss 0.006
Train Loss 0.043
Train Loss 0.026
Train Loss 0.023
Train Loss 0.024
Train Loss 0.029
Train Loss 0.020
Train Loss 0.034
Epoch  94 | Time    52 | Train Loss 0.0164 | Test Loss 0.001 | Test Error 8.54
Train Loss 0.000
Train Loss 0.023
Train Loss 0.022
Train Loss 0.015
Train Loss 0.017
Train Loss 0.014
Train Loss 0.018
Train Loss 0.026
Epoch  95 | Time    43 | Train Loss 0.0183 | Test Loss 0.001 | Test Error 8.55
Train Loss 0.006
Train Loss 0.012
Train Loss 0.031
Train Loss 0.018
Train Loss 0.035
Train Loss 0.032
Train Loss 0.023
Train Loss 0.033
Epoch  96 | Time    51 | Train Loss 0.0310 | Test Loss 0.001 | Test Error 8.57
Train Loss 0.000
Train Loss 0.016
Train Loss 0.016
Train Loss 0.023
Train Loss 0.043
Train Loss 0.018
Train Loss 0.028
Train Loss 0.031
Epoch  97 | Time    52 | Train Loss 0.0193 | Test Loss 0.001 | Test Error 8.50
Train Loss 0.000
Train Loss 0.026
Train Loss 0.012
Train Loss 0.021
Train Loss 0.024
Train Loss 0.015
Train Loss 0.030
Train Loss 0.026
Epoch  98 | Time    43 | Train Loss 0.0408 | Test Loss 0.001 | Test Error 8.50
Train Loss 0.006
Train Loss 0.017
Train Loss 0.013
Train Loss 0.020
Train Loss 0.026
Train Loss 0.020
Train Loss 0.017
Train Loss 0.031
Epoch  99 | Time    40 | Train Loss 0.0395 | Test Loss 0.001 | Test Error 8.51
Train Loss 0.006
Train Loss 0.017
Train Loss 0.022
Train Loss 0.024
Train Loss 0.025
Train Loss 0.022
Train Loss 0.045
Train Loss 0.017
Epoch 100 | Time    48 | Train Loss 0.0196 | Test Loss 0.001 | Test Error 8.51
(50000, 32, 32, 3)
gaussian_noise
	Test Loss 0.001 | Test Error 18.726
(50000, 32, 32, 3)
shot_noise
	Test Loss 0.001 | Test Error 15.402
(50000, 32, 32, 3)
impulse_noise
	Test Loss 0.002 | Test Error 20.910
(50000, 32, 32, 3)
defocus_blur
	Test Loss 0.001 | Test Error 10.336
(50000, 32, 32, 3)
glass_blur
	Test Loss 0.002 | Test Error 21.774
(50000, 32, 32, 3)
motion_blur
	Test Loss 0.001 | Test Error 12.544
(50000, 32, 32, 3)
zoom_blur
	Test Loss 0.001 | Test Error 11.624
(50000, 32, 32, 3)
snow
	Test Loss 0.001 | Test Error 15.502
(50000, 32, 32, 3)
frost
	Test Loss 0.001 | Test Error 15.058
(50000, 32, 32, 3)
fog
	Test Loss 0.001 | Test Error 15.870
(50000, 32, 32, 3)
brightness
	Test Loss 0.001 | Test Error 10.218
(50000, 32, 32, 3)
contrast
	Test Loss 0.001 | Test Error 16.840
(50000, 32, 32, 3)
elastic_transform
	Test Loss 0.001 | Test Error 13.042
(50000, 32, 32, 3)
pixelate
	Test Loss 0.001 | Test Error 12.152
(50000, 32, 32, 3)
jpeg_compression
	Test Loss 0.001 | Test Error 12.788
Mean Corruption Error: 14.852

brightness Flipping Prob
0.006840000000000144
Top5 Distance	0.28162
Zipf Distance	0.01277

gaussian_blur Flipping Prob
0.002516666666666675
Top5 Distance	0.11336
Zipf Distance	0.00492

gaussian_noise Flipping Prob
0.02533333333333334
Top5 Distance	1.10639
Zipf Distance	0.05028

motion_blur Flipping Prob
0.026889999999999713
Top5 Distance	0.98370
Zipf Distance	0.04816

rotate Flipping Prob
0.018859999999999898
Top5 Distance	0.76319
Zipf Distance	0.03530

scale Flipping Prob
0.029790000000000073
Top5 Distance	1.02781
Zipf Distance	0.05153

shot_noise Flipping Prob
0.03294333333333338
Top5 Distance	1.38761
Zipf Distance	0.06434

snow Flipping Prob
0.01510000000000001
Top5 Distance	0.47368
Zipf Distance	0.02446

spatter Flipping Prob
0.018126666666666513
Top5 Distance	0.55420
Zipf Distance	0.02991

speckle_noise Flipping Prob
0.030876666666666667
Top5 Distance	1.32100
Zipf Distance	0.06066

tilt Flipping Prob
0.006913333333333404
Top5 Distance	0.32290
Zipf Distance	0.01401

translate Flipping Prob
0.038619999999999766
Top5 Distance	1.55481
Zipf Distance	0.07341

zoom_blur Flipping Prob
0.002203333333333335
Top5 Distance	0.10555
Zipf Distance	0.00449
flip_list [0.006840000000000144, 0.002516666666666675, 0.02533333333333334, 0.026889999999999713, 0.018859999999999898, 0.029790000000000073, 0.03294333333333338, 0.01510000000000001, 0.018126666666666513, 0.030876666666666667, 0.006913333333333404, 0.038619999999999766, 0.002203333333333335]

Mean Flipping Prob	0.01962
