Bright Maschine Learning software stack loaded.
Files already downloaded and verified
Files already downloaded and verified
Beginning training from epoch: 1
Train Loss 0.235
Train Loss 1.439
Train Loss 0.987
Train Loss 0.884
Train Loss 0.804
Train Loss 0.750
Train Loss 0.735
Train Loss 0.702
Epoch   1 | Time    37 | Train Loss 0.6439 | Test Loss 0.000 | Test Error 13.54
Train Loss 0.072
Train Loss 0.634
Train Loss 0.574
Train Loss 0.584
Train Loss 0.585
Train Loss 0.570
Train Loss 0.569
Train Loss 0.585
Epoch   2 | Time    36 | Train Loss 0.5423 | Test Loss 0.000 | Test Error 11.34
Train Loss 0.060
Train Loss 0.532
Train Loss 0.492
Train Loss 0.518
Train Loss 0.529
Train Loss 0.545
Train Loss 0.504
Train Loss 0.503
Epoch   3 | Time    36 | Train Loss 0.5080 | Test Loss 0.000 | Test Error 10.68
Train Loss 0.048
Train Loss 0.453
Train Loss 0.476
Train Loss 0.485
Train Loss 0.472
Train Loss 0.470
Train Loss 0.469
Train Loss 0.478
Epoch   4 | Time    36 | Train Loss 0.4618 | Test Loss 0.000 | Test Error 10.03
Train Loss 0.042
Train Loss 0.422
Train Loss 0.438
Train Loss 0.445
Train Loss 0.399
Train Loss 0.408
Train Loss 0.408
Train Loss 0.408
Epoch   5 | Time    36 | Train Loss 0.4199 | Test Loss 0.000 | Test Error 9.48
Train Loss 0.042
Train Loss 0.350
Train Loss 0.379
Train Loss 0.394
Train Loss 0.405
Train Loss 0.407
Train Loss 0.402
Train Loss 0.381
Epoch   6 | Time    36 | Train Loss 0.4010 | Test Loss 0.000 | Test Error 8.78
Train Loss 0.047
Train Loss 0.354
Train Loss 0.362
Train Loss 0.355
Train Loss 0.401
Train Loss 0.345
Train Loss 0.361
Train Loss 0.355
Epoch   7 | Time    36 | Train Loss 0.3751 | Test Loss 0.000 | Test Error 8.85
Train Loss 0.028
Train Loss 0.354
Train Loss 0.364
Train Loss 0.344
Train Loss 0.340
Train Loss 0.330
Train Loss 0.357
Train Loss 0.333
Epoch   8 | Time    36 | Train Loss 0.3086 | Test Loss 0.000 | Test Error 8.59
Train Loss 0.034
Train Loss 0.323
Train Loss 0.323
Train Loss 0.299
Train Loss 0.337
Train Loss 0.336
Train Loss 0.311
Train Loss 0.321
Epoch   9 | Time    36 | Train Loss 0.3198 | Test Loss 0.000 | Test Error 8.44
Train Loss 0.045
Train Loss 0.288
Train Loss 0.305
Train Loss 0.289
Train Loss 0.328
Train Loss 0.318
Train Loss 0.318
Train Loss 0.311
Epoch  10 | Time    36 | Train Loss 0.2801 | Test Loss 0.000 | Test Error 8.34
Train Loss 0.024
Train Loss 0.301
Train Loss 0.270
Train Loss 0.283
Train Loss 0.313
Train Loss 0.289
Train Loss 0.273
Train Loss 0.293
Epoch  11 | Time    36 | Train Loss 0.3136 | Test Loss 0.000 | Test Error 8.16
Train Loss 0.026
Train Loss 0.284
Train Loss 0.261
Train Loss 0.253
Train Loss 0.276
Train Loss 0.281
Train Loss 0.255
Train Loss 0.293
Epoch  12 | Time    36 | Train Loss 0.2809 | Test Loss 0.000 | Test Error 7.97
Train Loss 0.022
Train Loss 0.259
Train Loss 0.274
Train Loss 0.259
Train Loss 0.256
Train Loss 0.240
Train Loss 0.253
Train Loss 0.247
Epoch  13 | Time    36 | Train Loss 0.2750 | Test Loss 0.000 | Test Error 8.16
Train Loss 0.028
Train Loss 0.219
Train Loss 0.237
Train Loss 0.257
Train Loss 0.250
Train Loss 0.223
Train Loss 0.257
Train Loss 0.282
Epoch  14 | Time    36 | Train Loss 0.2455 | Test Loss 0.000 | Test Error 7.88
Train Loss 0.025
Train Loss 0.250
Train Loss 0.238
Train Loss 0.235
Train Loss 0.266
Train Loss 0.244
Train Loss 0.246
Train Loss 0.240
Epoch  15 | Time    36 | Train Loss 0.2349 | Test Loss 0.000 | Test Error 7.99
Train Loss 0.017
Train Loss 0.215
Train Loss 0.213
Train Loss 0.219
Train Loss 0.235
Train Loss 0.236
Train Loss 0.228
Train Loss 0.237
Epoch  16 | Time    36 | Train Loss 0.2191 | Test Loss 0.000 | Test Error 8.15
Train Loss 0.022
Train Loss 0.209
Train Loss 0.189
Train Loss 0.213
Train Loss 0.228
Train Loss 0.218
Train Loss 0.225
Train Loss 0.213
Epoch  17 | Time    36 | Train Loss 0.2418 | Test Loss 0.000 | Test Error 8.35
Train Loss 0.020
Train Loss 0.225
Train Loss 0.229
Train Loss 0.191
Train Loss 0.242
Train Loss 0.218
Train Loss 0.225
Train Loss 0.195
Epoch  18 | Time    36 | Train Loss 0.1984 | Test Loss 0.000 | Test Error 7.88
Train Loss 0.031
Train Loss 0.189
Train Loss 0.205
Train Loss 0.205
Train Loss 0.221
Train Loss 0.226
Train Loss 0.212
Train Loss 0.216
Epoch  19 | Time    36 | Train Loss 0.2153 | Test Loss 0.000 | Test Error 8.12
Train Loss 0.028
Train Loss 0.205
Train Loss 0.181
Train Loss 0.235
Train Loss 0.228
Train Loss 0.198
Train Loss 0.220
Train Loss 0.194
Epoch  20 | Time    36 | Train Loss 0.1963 | Test Loss 0.000 | Test Error 8.21
Train Loss 0.026
Train Loss 0.181
Train Loss 0.178
Train Loss 0.187
Train Loss 0.179
Train Loss 0.209
Train Loss 0.199
Train Loss 0.212
Epoch  21 | Time    36 | Train Loss 0.1907 | Test Loss 0.000 | Test Error 8.53
Train Loss 0.017
Train Loss 0.165
Train Loss 0.209
Train Loss 0.169
Train Loss 0.177
Train Loss 0.176
Train Loss 0.177
Train Loss 0.198
Epoch  22 | Time    36 | Train Loss 0.1803 | Test Loss 0.000 | Test Error 8.23
Train Loss 0.020
Train Loss 0.157
Train Loss 0.193
Train Loss 0.184
Train Loss 0.183
Train Loss 0.170
Train Loss 0.152
Train Loss 0.168
Epoch  23 | Time    36 | Train Loss 0.1795 | Test Loss 0.000 | Test Error 8.08
Train Loss 0.015
Train Loss 0.163
Train Loss 0.146
Train Loss 0.183
Train Loss 0.168
Train Loss 0.192
Train Loss 0.170
Train Loss 0.162
Epoch  24 | Time    36 | Train Loss 0.1669 | Test Loss 0.000 | Test Error 8.11
Train Loss 0.023
Train Loss 0.191
Train Loss 0.150
Train Loss 0.157
Train Loss 0.161
Train Loss 0.163
Train Loss 0.144
Train Loss 0.160
Epoch  25 | Time    36 | Train Loss 0.1423 | Test Loss 0.000 | Test Error 8.18
Train Loss 0.015
Train Loss 0.159
Train Loss 0.168
Train Loss 0.146
Train Loss 0.149
Train Loss 0.165
Train Loss 0.139
Train Loss 0.186
Epoch  26 | Time    36 | Train Loss 0.1756 | Test Loss 0.000 | Test Error 7.94
Train Loss 0.015
Train Loss 0.135
Train Loss 0.137
Train Loss 0.136
Train Loss 0.177
Train Loss 0.167
Train Loss 0.163
Train Loss 0.182
Epoch  27 | Time    36 | Train Loss 0.1686 | Test Loss 0.000 | Test Error 8.25
Train Loss 0.014
Train Loss 0.137
Train Loss 0.152
Train Loss 0.173
Train Loss 0.138
Train Loss 0.196
Train Loss 0.160
Train Loss 0.179
Epoch  28 | Time    36 | Train Loss 0.1825 | Test Loss 0.000 | Test Error 8.08
Train Loss 0.013
Train Loss 0.159
Train Loss 0.126
Train Loss 0.137
Train Loss 0.166
Train Loss 0.143
Train Loss 0.122
Train Loss 0.153
Epoch  29 | Time    36 | Train Loss 0.1525 | Test Loss 0.000 | Test Error 8.10
Train Loss 0.011
Train Loss 0.132
Train Loss 0.119
Train Loss 0.133
Train Loss 0.146
Train Loss 0.150
Train Loss 0.139
Train Loss 0.132
Epoch  30 | Time    36 | Train Loss 0.1222 | Test Loss 0.000 | Test Error 7.99
Train Loss 0.013
Train Loss 0.125
Train Loss 0.138
Train Loss 0.141
Train Loss 0.134
Train Loss 0.151
Train Loss 0.137
Train Loss 0.125
Epoch  31 | Time    36 | Train Loss 0.1212 | Test Loss 0.000 | Test Error 8.05
Train Loss 0.004
Train Loss 0.125
Train Loss 0.138
Train Loss 0.141
Train Loss 0.135
Train Loss 0.124
Train Loss 0.130
Train Loss 0.180
Epoch  32 | Time    36 | Train Loss 0.1180 | Test Loss 0.000 | Test Error 8.59
Train Loss 0.016
Train Loss 0.110
Train Loss 0.136
Train Loss 0.144
Train Loss 0.141
Train Loss 0.124
Train Loss 0.128
Train Loss 0.139
Epoch  33 | Time    36 | Train Loss 0.1368 | Test Loss 0.000 | Test Error 8.33
Train Loss 0.016
Train Loss 0.107
Train Loss 0.131
Train Loss 0.118
Train Loss 0.121
Train Loss 0.127
Train Loss 0.142
Train Loss 0.120
Epoch  34 | Time    36 | Train Loss 0.1262 | Test Loss 0.000 | Test Error 7.88
Train Loss 0.020
Train Loss 0.101
Train Loss 0.116
Train Loss 0.096
Train Loss 0.106
Train Loss 0.133
Train Loss 0.114
Train Loss 0.126
Epoch  35 | Time    36 | Train Loss 0.1322 | Test Loss 0.000 | Test Error 8.13
Train Loss 0.006
Train Loss 0.105
Train Loss 0.122
Train Loss 0.120
Train Loss 0.134
Train Loss 0.109
Train Loss 0.108
Train Loss 0.126
Epoch  36 | Time    36 | Train Loss 0.1154 | Test Loss 0.000 | Test Error 8.24
Train Loss 0.006
Train Loss 0.126
Train Loss 0.138
Train Loss 0.111
Train Loss 0.140
Train Loss 0.133
Train Loss 0.111
Train Loss 0.130
Epoch  37 | Time    36 | Train Loss 0.1047 | Test Loss 0.000 | Test Error 8.47
Train Loss 0.013
Train Loss 0.122
Train Loss 0.106
Train Loss 0.121
Train Loss 0.113
Train Loss 0.097
Train Loss 0.098
Train Loss 0.123
Epoch  38 | Time    36 | Train Loss 0.1167 | Test Loss 0.000 | Test Error 8.41
Train Loss 0.007
Train Loss 0.097
Train Loss 0.119
Train Loss 0.111
Train Loss 0.110
Train Loss 0.120
Train Loss 0.106
Train Loss 0.124
Epoch  39 | Time    36 | Train Loss 0.1210 | Test Loss 0.000 | Test Error 8.06
Train Loss 0.008
Train Loss 0.124
Train Loss 0.152
Train Loss 0.102
Train Loss 0.083
Train Loss 0.102
Train Loss 0.106
Train Loss 0.117
Epoch  40 | Time    36 | Train Loss 0.1126 | Test Loss 0.000 | Test Error 8.10
Train Loss 0.006
Train Loss 0.090
Train Loss 0.106
Train Loss 0.084
Train Loss 0.083
Train Loss 0.114
Train Loss 0.117
Train Loss 0.100
Epoch  41 | Time    36 | Train Loss 0.1276 | Test Loss 0.000 | Test Error 8.17
Train Loss 0.014
Train Loss 0.102
Train Loss 0.077
Train Loss 0.087
Train Loss 0.094
Train Loss 0.084
Train Loss 0.109
Train Loss 0.129
Epoch  42 | Time    36 | Train Loss 0.0985 | Test Loss 0.000 | Test Error 8.31
Train Loss 0.005
Train Loss 0.088
Train Loss 0.065
Train Loss 0.112
Train Loss 0.100
Train Loss 0.096
Train Loss 0.094
Train Loss 0.103
Epoch  43 | Time    36 | Train Loss 0.1058 | Test Loss 0.000 | Test Error 8.18
Train Loss 0.011
Train Loss 0.074
Train Loss 0.090
Train Loss 0.081
Train Loss 0.094
Train Loss 0.106
Train Loss 0.120
Train Loss 0.105
Epoch  44 | Time    36 | Train Loss 0.0847 | Test Loss 0.000 | Test Error 8.28
Train Loss 0.024
Train Loss 0.076
Train Loss 0.106
Train Loss 0.112
Train Loss 0.097
Train Loss 0.096
Train Loss 0.100
Train Loss 0.079
Epoch  45 | Time    36 | Train Loss 0.0961 | Test Loss 0.000 | Test Error 8.47
Train Loss 0.017
Train Loss 0.122
Train Loss 0.107
Train Loss 0.092
Train Loss 0.095
Train Loss 0.092
Train Loss 0.107
Train Loss 0.101
Epoch  46 | Time    36 | Train Loss 0.1081 | Test Loss 0.000 | Test Error 8.11
Train Loss 0.002
Train Loss 0.084
Train Loss 0.090
Train Loss 0.092
Train Loss 0.081
Train Loss 0.101
Train Loss 0.095
Train Loss 0.104
Epoch  47 | Time    36 | Train Loss 0.0968 | Test Loss 0.000 | Test Error 8.21
Train Loss 0.017
Train Loss 0.097
Train Loss 0.085
Train Loss 0.120
Train Loss 0.087
Train Loss 0.060
Train Loss 0.101
Train Loss 0.083
Epoch  48 | Time    36 | Train Loss 0.0687 | Test Loss 0.000 | Test Error 7.91
Train Loss 0.010
Train Loss 0.107
Train Loss 0.071
Train Loss 0.097
Train Loss 0.101
Train Loss 0.074
Train Loss 0.078
Train Loss 0.112
Epoch  49 | Time    36 | Train Loss 0.0990 | Test Loss 0.000 | Test Error 7.93
Train Loss 0.011
Train Loss 0.071
Train Loss 0.094
Train Loss 0.070
Train Loss 0.079
Train Loss 0.102
Train Loss 0.087
Train Loss 0.066
Epoch  50 | Time    36 | Train Loss 0.0908 | Test Loss 0.000 | Test Error 8.02
Train Loss 0.003
Train Loss 0.089
Train Loss 0.076
Train Loss 0.073
Train Loss 0.079
Train Loss 0.087
Train Loss 0.084
Train Loss 0.071
Epoch  51 | Time    36 | Train Loss 0.0868 | Test Loss 0.000 | Test Error 8.00
Train Loss 0.006
Train Loss 0.072
Train Loss 0.092
Train Loss 0.071
Train Loss 0.091
Train Loss 0.070
Train Loss 0.078
Train Loss 0.083
Epoch  52 | Time    36 | Train Loss 0.0760 | Test Loss 0.000 | Test Error 8.01
Train Loss 0.007
Train Loss 0.063
Train Loss 0.075
Train Loss 0.093
Train Loss 0.079
Train Loss 0.070
Train Loss 0.082
Train Loss 0.070
Epoch  53 | Time    36 | Train Loss 0.0708 | Test Loss 0.000 | Test Error 8.05
Train Loss 0.006
Train Loss 0.069
Train Loss 0.065
Train Loss 0.081
Train Loss 0.080
Train Loss 0.074
Train Loss 0.092
Train Loss 0.067
Epoch  54 | Time    36 | Train Loss 0.0620 | Test Loss 0.000 | Test Error 8.01
Train Loss 0.007
Train Loss 0.090
Train Loss 0.055
Train Loss 0.081
Train Loss 0.084
Train Loss 0.066
Train Loss 0.064
Train Loss 0.088
Epoch  55 | Time    36 | Train Loss 0.0761 | Test Loss 0.000 | Test Error 7.94
Train Loss 0.007
Train Loss 0.062
Train Loss 0.060
Train Loss 0.062
Train Loss 0.080
Train Loss 0.066
Train Loss 0.058
Train Loss 0.062
Epoch  56 | Time    36 | Train Loss 0.0698 | Test Loss 0.000 | Test Error 8.09
Train Loss 0.011
Train Loss 0.053
Train Loss 0.071
Train Loss 0.058
Train Loss 0.056
Train Loss 0.073
Train Loss 0.096
Train Loss 0.055
Epoch  57 | Time    36 | Train Loss 0.0658 | Test Loss 0.000 | Test Error 8.22
Train Loss 0.006
Train Loss 0.073
Train Loss 0.067
Train Loss 0.056
Train Loss 0.081
Train Loss 0.067
Train Loss 0.061
Train Loss 0.067
Epoch  58 | Time    36 | Train Loss 0.0680 | Test Loss 0.000 | Test Error 8.08
Train Loss 0.010
Train Loss 0.075
Train Loss 0.062
Train Loss 0.073
Train Loss 0.086
Train Loss 0.061
Train Loss 0.061
Train Loss 0.062
Epoch  59 | Time    36 | Train Loss 0.0815 | Test Loss 0.000 | Test Error 8.09
Train Loss 0.004
Train Loss 0.054
Train Loss 0.069
Train Loss 0.060
Train Loss 0.057
Train Loss 0.056
Train Loss 0.062
Train Loss 0.062
Epoch  60 | Time    36 | Train Loss 0.0928 | Test Loss 0.000 | Test Error 8.00
Train Loss 0.003
Train Loss 0.060
Train Loss 0.057
Train Loss 0.067
Train Loss 0.073
Train Loss 0.062
Train Loss 0.059
Train Loss 0.057
Epoch  61 | Time    36 | Train Loss 0.0571 | Test Loss 0.000 | Test Error 8.05
Train Loss 0.005
Train Loss 0.078
Train Loss 0.061
Train Loss 0.060
Train Loss 0.056
Train Loss 0.047
Train Loss 0.053
Train Loss 0.061
Epoch  62 | Time    36 | Train Loss 0.0648 | Test Loss 0.000 | Test Error 7.98
Train Loss 0.001
Train Loss 0.057
Train Loss 0.067
Train Loss 0.060
Train Loss 0.055
Train Loss 0.054
Train Loss 0.061
Train Loss 0.058
Epoch  63 | Time    36 | Train Loss 0.0801 | Test Loss 0.000 | Test Error 7.87
Train Loss 0.013
Train Loss 0.076
Train Loss 0.065
Train Loss 0.058
Train Loss 0.065
Train Loss 0.073
Train Loss 0.053
Train Loss 0.056
Epoch  64 | Time    36 | Train Loss 0.0491 | Test Loss 0.000 | Test Error 7.74
Train Loss 0.014
Train Loss 0.064
Train Loss 0.070
Train Loss 0.053
Train Loss 0.059
Train Loss 0.048
Train Loss 0.058
Train Loss 0.060
Epoch  65 | Time    36 | Train Loss 0.0568 | Test Loss 0.000 | Test Error 7.65
Train Loss 0.003
Train Loss 0.057
Train Loss 0.076
Train Loss 0.059
Train Loss 0.054
Train Loss 0.084
Train Loss 0.074
Train Loss 0.051
Epoch  66 | Time    36 | Train Loss 0.0568 | Test Loss 0.000 | Test Error 7.72
Train Loss 0.006
Train Loss 0.079
Train Loss 0.065
Train Loss 0.058
Train Loss 0.036
Train Loss 0.051
Train Loss 0.059
Train Loss 0.047
Epoch  67 | Time    36 | Train Loss 0.0570 | Test Loss 0.000 | Test Error 7.89
Train Loss 0.001
Train Loss 0.055
Train Loss 0.055
Train Loss 0.052
Train Loss 0.061
Train Loss 0.049
Train Loss 0.062
Train Loss 0.054
Epoch  68 | Time    36 | Train Loss 0.0349 | Test Loss 0.000 | Test Error 7.80
Train Loss 0.003
Train Loss 0.048
Train Loss 0.040
Train Loss 0.037
Train Loss 0.048
Train Loss 0.039
Train Loss 0.052
Train Loss 0.039
Epoch  69 | Time    36 | Train Loss 0.0585 | Test Loss 0.000 | Test Error 7.67
Train Loss 0.005
Train Loss 0.050
Train Loss 0.057
Train Loss 0.053
Train Loss 0.067
Train Loss 0.061
Train Loss 0.040
Train Loss 0.073
Epoch  70 | Time    36 | Train Loss 0.0599 | Test Loss 0.000 | Test Error 7.90
Train Loss 0.006
Train Loss 0.050
Train Loss 0.052
Train Loss 0.060
Train Loss 0.048
Train Loss 0.050
Train Loss 0.041
Train Loss 0.039
Epoch  71 | Time    36 | Train Loss 0.0500 | Test Loss 0.000 | Test Error 8.00
Train Loss 0.004
Train Loss 0.050
Train Loss 0.060
Train Loss 0.053
Train Loss 0.045
Train Loss 0.045
Train Loss 0.035
Train Loss 0.041
Epoch  72 | Time    36 | Train Loss 0.0583 | Test Loss 0.000 | Test Error 7.96
Train Loss 0.002
Train Loss 0.043
Train Loss 0.043
Train Loss 0.040
Train Loss 0.053
Train Loss 0.057
Train Loss 0.058
Train Loss 0.043
Epoch  73 | Time    36 | Train Loss 0.0468 | Test Loss 0.000 | Test Error 7.86
Train Loss 0.000
Train Loss 0.076
Train Loss 0.062
Train Loss 0.068
Train Loss 0.043
Train Loss 0.043
Train Loss 0.043
Train Loss 0.043
Epoch  74 | Time    36 | Train Loss 0.0514 | Test Loss 0.000 | Test Error 7.73
Train Loss 0.002
Train Loss 0.041
Train Loss 0.047
Train Loss 0.053
Train Loss 0.047
Train Loss 0.036
Train Loss 0.049
Train Loss 0.039
Epoch  75 | Time    36 | Train Loss 0.0756 | Test Loss 0.000 | Test Error 7.79
Train Loss 0.002
Train Loss 0.059
Train Loss 0.032
Train Loss 0.053
Train Loss 0.069
Train Loss 0.049
Train Loss 0.046
Train Loss 0.051
Epoch  76 | Time    36 | Train Loss 0.0335 | Test Loss 0.000 | Test Error 7.73
Train Loss 0.004
Train Loss 0.065
Train Loss 0.046
Train Loss 0.035
Train Loss 0.064
Train Loss 0.056
Train Loss 0.036
Train Loss 0.038
Epoch  77 | Time    36 | Train Loss 0.0282 | Test Loss 0.000 | Test Error 7.62
Train Loss 0.000
Train Loss 0.039
Train Loss 0.045
Train Loss 0.045
Train Loss 0.031
Train Loss 0.046
Train Loss 0.050
Train Loss 0.030
Epoch  78 | Time    36 | Train Loss 0.0231 | Test Loss 0.000 | Test Error 7.66
Train Loss 0.009
Train Loss 0.031
Train Loss 0.046
Train Loss 0.067
Train Loss 0.034
Train Loss 0.053
Train Loss 0.046
Train Loss 0.041
Epoch  79 | Time    36 | Train Loss 0.0322 | Test Loss 0.000 | Test Error 7.79
Train Loss 0.001
Train Loss 0.065
Train Loss 0.036
Train Loss 0.028
Train Loss 0.049
Train Loss 0.039
Train Loss 0.044
Train Loss 0.034
Epoch  80 | Time    36 | Train Loss 0.0411 | Test Loss 0.000 | Test Error 7.70
Train Loss 0.008
Train Loss 0.036
Train Loss 0.027
Train Loss 0.019
Train Loss 0.041
Train Loss 0.035
Train Loss 0.037
Train Loss 0.027
Epoch  81 | Time    36 | Train Loss 0.0343 | Test Loss 0.000 | Test Error 7.54
Train Loss 0.003
Train Loss 0.024
Train Loss 0.040
Train Loss 0.032
Train Loss 0.037
Train Loss 0.037
Train Loss 0.036
Train Loss 0.054
Epoch  82 | Time    36 | Train Loss 0.0352 | Test Loss 0.000 | Test Error 7.64
Train Loss 0.000
Train Loss 0.054
Train Loss 0.057
Train Loss 0.032
Train Loss 0.035
Train Loss 0.063
Train Loss 0.045
Train Loss 0.038
Epoch  83 | Time    36 | Train Loss 0.0282 | Test Loss 0.000 | Test Error 7.63
Train Loss 0.001
Train Loss 0.035
Train Loss 0.028
Train Loss 0.060
Train Loss 0.039
Train Loss 0.035
Train Loss 0.033
Train Loss 0.041
Epoch  84 | Time    36 | Train Loss 0.0410 | Test Loss 0.000 | Test Error 7.64
Train Loss 0.003
Train Loss 0.029
Train Loss 0.028
Train Loss 0.036
Train Loss 0.041
Train Loss 0.044
Train Loss 0.038
Train Loss 0.049
Epoch  85 | Time    36 | Train Loss 0.0433 | Test Loss 0.000 | Test Error 7.72
Train Loss 0.000
Train Loss 0.039
Train Loss 0.039
Train Loss 0.046
Train Loss 0.033
Train Loss 0.043
Train Loss 0.047
Train Loss 0.045
Epoch  86 | Time    36 | Train Loss 0.0264 | Test Loss 0.000 | Test Error 7.80
Train Loss 0.007
Train Loss 0.033
Train Loss 0.038
Train Loss 0.036
Train Loss 0.024
Train Loss 0.032
Train Loss 0.032
Train Loss 0.034
Epoch  87 | Time    36 | Train Loss 0.0348 | Test Loss 0.000 | Test Error 7.68
Train Loss 0.002
Train Loss 0.034
Train Loss 0.041
Train Loss 0.028
Train Loss 0.048
Train Loss 0.049
Train Loss 0.028
Train Loss 0.049
Epoch  88 | Time    36 | Train Loss 0.0664 | Test Loss 0.000 | Test Error 7.68
Train Loss 0.010
Train Loss 0.040
Train Loss 0.035
Train Loss 0.045
Train Loss 0.038
Train Loss 0.053
Train Loss 0.052
Train Loss 0.039
Epoch  89 | Time    36 | Train Loss 0.0459 | Test Loss 0.000 | Test Error 7.72
Train Loss 0.000
Train Loss 0.039
Train Loss 0.036
Train Loss 0.036
Train Loss 0.038
Train Loss 0.029
Train Loss 0.043
Train Loss 0.029
Epoch  90 | Time    36 | Train Loss 0.0551 | Test Loss 0.000 | Test Error 7.64
Train Loss 0.013
Train Loss 0.032
Train Loss 0.029
Train Loss 0.040
Train Loss 0.028
Train Loss 0.027
Train Loss 0.019
Train Loss 0.050
Epoch  91 | Time    36 | Train Loss 0.0517 | Test Loss 0.000 | Test Error 7.62
Train Loss 0.001
Train Loss 0.048
Train Loss 0.042
Train Loss 0.034
Train Loss 0.044
Train Loss 0.039
Train Loss 0.046
Train Loss 0.039
Epoch  92 | Time    36 | Train Loss 0.0294 | Test Loss 0.000 | Test Error 7.58
Train Loss 0.001
Train Loss 0.039
Train Loss 0.052
Train Loss 0.022
Train Loss 0.036
Train Loss 0.035
Train Loss 0.035
Train Loss 0.050
Epoch  93 | Time    36 | Train Loss 0.0158 | Test Loss 0.000 | Test Error 7.67
Train Loss 0.000
Train Loss 0.044
Train Loss 0.038
Train Loss 0.029
Train Loss 0.031
Train Loss 0.052
Train Loss 0.046
Train Loss 0.040
Epoch  94 | Time    36 | Train Loss 0.0462 | Test Loss 0.000 | Test Error 7.64
Train Loss 0.002
Train Loss 0.027
Train Loss 0.036
Train Loss 0.041
Train Loss 0.031
Train Loss 0.046
Train Loss 0.035
Train Loss 0.034
Epoch  95 | Time    36 | Train Loss 0.0454 | Test Loss 0.000 | Test Error 7.61
Train Loss 0.008
Train Loss 0.032
Train Loss 0.034
Train Loss 0.032
Train Loss 0.043
Train Loss 0.052
Train Loss 0.049
Train Loss 0.042
Epoch  96 | Time    36 | Train Loss 0.0391 | Test Loss 0.000 | Test Error 7.70
Train Loss 0.001
Train Loss 0.042
Train Loss 0.027
Train Loss 0.045
Train Loss 0.029
Train Loss 0.051
Train Loss 0.033
Train Loss 0.046
Epoch  97 | Time    36 | Train Loss 0.0369 | Test Loss 0.000 | Test Error 7.68
Train Loss 0.008
Train Loss 0.047
Train Loss 0.022
Train Loss 0.036
Train Loss 0.033
Train Loss 0.024
Train Loss 0.032
Train Loss 0.038
Epoch  98 | Time    36 | Train Loss 0.0350 | Test Loss 0.000 | Test Error 7.66
Train Loss 0.000
Train Loss 0.040
Train Loss 0.031
Train Loss 0.047
Train Loss 0.041
Train Loss 0.029
Train Loss 0.027
Train Loss 0.036
Epoch  99 | Time    36 | Train Loss 0.0267 | Test Loss 0.000 | Test Error 7.65
Train Loss 0.013
Train Loss 0.032
Train Loss 0.037
Train Loss 0.034
Train Loss 0.035
Train Loss 0.037
Train Loss 0.031
Train Loss 0.038
Epoch 100 | Time    36 | Train Loss 0.0253 | Test Loss 0.000 | Test Error 7.65
(50000, 32, 32, 3)
gaussian_noise
	Test Loss 0.001 | Test Error 15.620
(50000, 32, 32, 3)
shot_noise
	Test Loss 0.001 | Test Error 13.422
(50000, 32, 32, 3)
impulse_noise
	Test Loss 0.001 | Test Error 16.858
(50000, 32, 32, 3)
defocus_blur
	Test Loss 0.000 | Test Error 9.054
(50000, 32, 32, 3)
glass_blur
	Test Loss 0.001 | Test Error 22.412
(50000, 32, 32, 3)
motion_blur
	Test Loss 0.001 | Test Error 10.472
(50000, 32, 32, 3)
zoom_blur
	Test Loss 0.000 | Test Error 9.922
(50000, 32, 32, 3)
snow
	Test Loss 0.001 | Test Error 13.782
(50000, 32, 32, 3)
frost
	Test Loss 0.001 | Test Error 13.500
(50000, 32, 32, 3)
fog
	Test Loss 0.001 | Test Error 13.462
(50000, 32, 32, 3)
brightness
	Test Loss 0.000 | Test Error 8.752
(50000, 32, 32, 3)
contrast
	Test Loss 0.001 | Test Error 11.416
(50000, 32, 32, 3)
elastic_transform
	Test Loss 0.001 | Test Error 11.782
(50000, 32, 32, 3)
pixelate
	Test Loss 0.001 | Test Error 13.132
(50000, 32, 32, 3)
jpeg_compression
	Test Loss 0.001 | Test Error 12.474
Mean Corruption Error: 13.071

brightness Flipping Prob
0.005990000000000081
Top5 Distance	0.25487
Zipf Distance	0.01137

gaussian_blur Flipping Prob
0.002880000000000018
Top5 Distance	0.12415
Zipf Distance	0.00547

gaussian_noise Flipping Prob
0.03211333333333335
Top5 Distance	1.38947
Zipf Distance	0.06371

motion_blur Flipping Prob
0.026339999999999756
Top5 Distance	1.00274
Zipf Distance	0.04820

rotate Flipping Prob
0.017056666666666553
Top5 Distance	0.73174
Zipf Distance	0.03303

scale Flipping Prob
0.025026666666666655
Top5 Distance	0.93285
Zipf Distance	0.04504

shot_noise Flipping Prob
0.03897333333333342
Top5 Distance	1.68366
Zipf Distance	0.07818

snow Flipping Prob
0.014123333333333326
Top5 Distance	0.47879
Zipf Distance	0.02389

spatter Flipping Prob
0.01675333333333308
Top5 Distance	0.53445
Zipf Distance	0.02820

speckle_noise Flipping Prob
0.03663000000000007
Top5 Distance	1.60765
Zipf Distance	0.07409

tilt Flipping Prob
0.007360000000000034
Top5 Distance	0.32999
Zipf Distance	0.01450

translate Flipping Prob
0.03357333333333311
Top5 Distance	1.39014
Zipf Distance	0.06491

zoom_blur Flipping Prob
0.002516666666666674
Top5 Distance	0.11731
Zipf Distance	0.00505
flip_list [0.005990000000000081, 0.002880000000000018, 0.03211333333333335, 0.026339999999999756, 0.017056666666666553, 0.025026666666666655, 0.03897333333333342, 0.014123333333333326, 0.01675333333333308, 0.03663000000000007, 0.007360000000000034, 0.03357333333333311, 0.002516666666666674]

Mean Flipping Prob	0.01995
