Bright Maschine Learning software stack loaded.
Files already downloaded and verified
Files already downloaded and verified
Beginning training from epoch: 1
Train Loss 0.249
Train Loss 2.113
Train Loss 2.016
Train Loss 1.957
Train Loss 1.867
Train Loss 1.873
Train Loss 1.800
Train Loss 1.778
Epoch   1 | Time    40 | Train Loss 1.7239 | Test Loss 0.001 | Test Error 53.34
Train Loss 0.174
Train Loss 1.710
Train Loss 1.675
Train Loss 1.683
Train Loss 1.641
Train Loss 1.637
Train Loss 1.616
Train Loss 1.602
Epoch   2 | Time    39 | Train Loss 1.5584 | Test Loss 0.001 | Test Error 48.69
Train Loss 0.168
Train Loss 1.559
Train Loss 1.559
Train Loss 1.542
Train Loss 1.528
Train Loss 1.526
Train Loss 1.510
Train Loss 1.484
Epoch   3 | Time    38 | Train Loss 1.5088 | Test Loss 0.001 | Test Error 46.70
Train Loss 0.139
Train Loss 1.467
Train Loss 1.461
Train Loss 1.445
Train Loss 1.429
Train Loss 1.434
Train Loss 1.435
Train Loss 1.446
Epoch   4 | Time    38 | Train Loss 1.4217 | Test Loss 0.001 | Test Error 41.82
Train Loss 0.131
Train Loss 1.425
Train Loss 1.412
Train Loss 1.373
Train Loss 1.404
Train Loss 1.368
Train Loss 1.363
Train Loss 1.366
Epoch   5 | Time    38 | Train Loss 1.3465 | Test Loss 0.001 | Test Error 40.67
Train Loss 0.131
Train Loss 1.277
Train Loss 1.313
Train Loss 1.290
Train Loss 1.310
Train Loss 1.354
Train Loss 1.280
Train Loss 1.281
Epoch   6 | Time    40 | Train Loss 1.2830 | Test Loss 0.001 | Test Error 37.46
Train Loss 0.142
Train Loss 1.279
Train Loss 1.266
Train Loss 1.243
Train Loss 1.290
Train Loss 1.206
Train Loss 1.245
Train Loss 1.245
Epoch   7 | Time    38 | Train Loss 1.2546 | Test Loss 0.001 | Test Error 36.94
Train Loss 0.124
Train Loss 1.210
Train Loss 1.204
Train Loss 1.233
Train Loss 1.200
Train Loss 1.214
Train Loss 1.187
Train Loss 1.200
Epoch   8 | Time    37 | Train Loss 1.1763 | Test Loss 0.001 | Test Error 34.27
Train Loss 0.117
Train Loss 1.168
Train Loss 1.154
Train Loss 1.134
Train Loss 1.188
Train Loss 1.186
Train Loss 1.177
Train Loss 1.135
Epoch   9 | Time    40 | Train Loss 1.1513 | Test Loss 0.001 | Test Error 34.01
Train Loss 0.118
Train Loss 1.104
Train Loss 1.103
Train Loss 1.103
Train Loss 1.088
Train Loss 1.094
Train Loss 1.138
Train Loss 1.149
Epoch  10 | Time    37 | Train Loss 1.1106 | Test Loss 0.001 | Test Error 30.87
Train Loss 0.102
Train Loss 1.102
Train Loss 1.064
Train Loss 1.073
Train Loss 1.116
Train Loss 1.072
Train Loss 1.059
Train Loss 1.105
Epoch  11 | Time    38 | Train Loss 1.0740 | Test Loss 0.001 | Test Error 31.84
Train Loss 0.097
Train Loss 1.022
Train Loss 1.053
Train Loss 1.040
Train Loss 1.038
Train Loss 1.027
Train Loss 1.036
Train Loss 1.069
Epoch  12 | Time    37 | Train Loss 1.0693 | Test Loss 0.001 | Test Error 30.18
Train Loss 0.109
Train Loss 1.017
Train Loss 1.004
Train Loss 1.025
Train Loss 0.995
Train Loss 1.036
Train Loss 1.012
Train Loss 0.968
Epoch  13 | Time    38 | Train Loss 1.0335 | Test Loss 0.001 | Test Error 28.92
Train Loss 0.114
Train Loss 0.937
Train Loss 0.970
Train Loss 0.974
Train Loss 1.006
Train Loss 0.957
Train Loss 0.992
Train Loss 0.989
Epoch  14 | Time    37 | Train Loss 0.9706 | Test Loss 0.001 | Test Error 29.65
Train Loss 0.110
Train Loss 0.960
Train Loss 0.937
Train Loss 0.916
Train Loss 0.953
Train Loss 0.954
Train Loss 0.926
Train Loss 0.947
Epoch  15 | Time    38 | Train Loss 0.9222 | Test Loss 0.001 | Test Error 27.88
Train Loss 0.084
Train Loss 0.907
Train Loss 0.912
Train Loss 0.896
Train Loss 0.898
Train Loss 0.911
Train Loss 0.911
Train Loss 0.896
Epoch  16 | Time    37 | Train Loss 0.9109 | Test Loss 0.001 | Test Error 27.68
Train Loss 0.085
Train Loss 0.885
Train Loss 0.820
Train Loss 0.877
Train Loss 0.864
Train Loss 0.936
Train Loss 0.900
Train Loss 0.856
Epoch  17 | Time    39 | Train Loss 0.9084 | Test Loss 0.001 | Test Error 26.85
Train Loss 0.084
Train Loss 0.849
Train Loss 0.858
Train Loss 0.845
Train Loss 0.833
Train Loss 0.885
Train Loss 0.858
Train Loss 0.839
Epoch  18 | Time    38 | Train Loss 0.8163 | Test Loss 0.001 | Test Error 25.59
Train Loss 0.081
Train Loss 0.802
Train Loss 0.807
Train Loss 0.818
Train Loss 0.809
Train Loss 0.836
Train Loss 0.830
Train Loss 0.805
Epoch  19 | Time    39 | Train Loss 0.8404 | Test Loss 0.001 | Test Error 25.29
Train Loss 0.076
Train Loss 0.775
Train Loss 0.779
Train Loss 0.824
Train Loss 0.788
Train Loss 0.780
Train Loss 0.817
Train Loss 0.778
Epoch  20 | Time    38 | Train Loss 0.8205 | Test Loss 0.001 | Test Error 24.50
Train Loss 0.074
Train Loss 0.738
Train Loss 0.781
Train Loss 0.745
Train Loss 0.759
Train Loss 0.783
Train Loss 0.770
Train Loss 0.786
Epoch  21 | Time    38 | Train Loss 0.7823 | Test Loss 0.001 | Test Error 25.15
Train Loss 0.073
Train Loss 0.717
Train Loss 0.749
Train Loss 0.734
Train Loss 0.741
Train Loss 0.705
Train Loss 0.740
Train Loss 0.756
Epoch  22 | Time    38 | Train Loss 0.7285 | Test Loss 0.001 | Test Error 24.53
Train Loss 0.069
Train Loss 0.680
Train Loss 0.735
Train Loss 0.741
Train Loss 0.709
Train Loss 0.707
Train Loss 0.653
Train Loss 0.701
Epoch  23 | Time    37 | Train Loss 0.6763 | Test Loss 0.001 | Test Error 23.78
Train Loss 0.062
Train Loss 0.652
Train Loss 0.637
Train Loss 0.680
Train Loss 0.672
Train Loss 0.673
Train Loss 0.689
Train Loss 0.685
Epoch  24 | Time    37 | Train Loss 0.6998 | Test Loss 0.001 | Test Error 23.08
Train Loss 0.073
Train Loss 0.649
Train Loss 0.639
Train Loss 0.637
Train Loss 0.644
Train Loss 0.706
Train Loss 0.665
Train Loss 0.677
Epoch  25 | Time    37 | Train Loss 0.6555 | Test Loss 0.001 | Test Error 23.71
Train Loss 0.055
Train Loss 0.631
Train Loss 0.615
Train Loss 0.628
Train Loss 0.615
Train Loss 0.631
Train Loss 0.619
Train Loss 0.652
Epoch  26 | Time    38 | Train Loss 0.6726 | Test Loss 0.001 | Test Error 23.19
Train Loss 0.061
Train Loss 0.585
Train Loss 0.565
Train Loss 0.606
Train Loss 0.618
Train Loss 0.609
Train Loss 0.643
Train Loss 0.639
Epoch  27 | Time    38 | Train Loss 0.6400 | Test Loss 0.001 | Test Error 23.25
Train Loss 0.062
Train Loss 0.564
Train Loss 0.602
Train Loss 0.588
Train Loss 0.591
Train Loss 0.600
Train Loss 0.597
Train Loss 0.576
Epoch  28 | Time    38 | Train Loss 0.6032 | Test Loss 0.001 | Test Error 23.17
Train Loss 0.069
Train Loss 0.562
Train Loss 0.544
Train Loss 0.534
Train Loss 0.572
Train Loss 0.555
Train Loss 0.542
Train Loss 0.588
Epoch  29 | Time    38 | Train Loss 0.5348 | Test Loss 0.001 | Test Error 22.78
Train Loss 0.056
Train Loss 0.558
Train Loss 0.476
Train Loss 0.537
Train Loss 0.566
Train Loss 0.532
Train Loss 0.540
Train Loss 0.546
Epoch  30 | Time    38 | Train Loss 0.5499 | Test Loss 0.001 | Test Error 22.66
Train Loss 0.053
Train Loss 0.550
Train Loss 0.538
Train Loss 0.503
Train Loss 0.503
Train Loss 0.572
Train Loss 0.519
Train Loss 0.540
Epoch  31 | Time    37 | Train Loss 0.5388 | Test Loss 0.001 | Test Error 23.27
Train Loss 0.048
Train Loss 0.489
Train Loss 0.521
Train Loss 0.471
Train Loss 0.509
Train Loss 0.488
Train Loss 0.520
Train Loss 0.508
Epoch  32 | Time    39 | Train Loss 0.4721 | Test Loss 0.001 | Test Error 22.56
Train Loss 0.053
Train Loss 0.477
Train Loss 0.480
Train Loss 0.501
Train Loss 0.514
Train Loss 0.517
Train Loss 0.531
Train Loss 0.534
Epoch  33 | Time    41 | Train Loss 0.5110 | Test Loss 0.001 | Test Error 22.52
Train Loss 0.041
Train Loss 0.459
Train Loss 0.484
Train Loss 0.459
Train Loss 0.475
Train Loss 0.470
Train Loss 0.490
Train Loss 0.485
Epoch  34 | Time    37 | Train Loss 0.4693 | Test Loss 0.001 | Test Error 23.34
Train Loss 0.057
Train Loss 0.403
Train Loss 0.479
Train Loss 0.469
Train Loss 0.494
Train Loss 0.473
Train Loss 0.470
Train Loss 0.444
Epoch  35 | Time    38 | Train Loss 0.4608 | Test Loss 0.001 | Test Error 23.06
Train Loss 0.035
Train Loss 0.437
Train Loss 0.450
Train Loss 0.462
Train Loss 0.468
Train Loss 0.442
Train Loss 0.447
Train Loss 0.453
Epoch  36 | Time    37 | Train Loss 0.4598 | Test Loss 0.001 | Test Error 23.57
Train Loss 0.055
Train Loss 0.442
Train Loss 0.420
Train Loss 0.436
Train Loss 0.398
Train Loss 0.424
Train Loss 0.443
Train Loss 0.450
Epoch  37 | Time    38 | Train Loss 0.4204 | Test Loss 0.001 | Test Error 22.62
Train Loss 0.033
Train Loss 0.422
Train Loss 0.423
Train Loss 0.412
Train Loss 0.442
Train Loss 0.385
Train Loss 0.475
Train Loss 0.440
Epoch  38 | Time    38 | Train Loss 0.4380 | Test Loss 0.001 | Test Error 23.07
Train Loss 0.029
Train Loss 0.377
Train Loss 0.401
Train Loss 0.372
Train Loss 0.391
Train Loss 0.416
Train Loss 0.386
Train Loss 0.439
Epoch  39 | Time    38 | Train Loss 0.4361 | Test Loss 0.001 | Test Error 22.68
Train Loss 0.045
Train Loss 0.405
Train Loss 0.413
Train Loss 0.390
Train Loss 0.375
Train Loss 0.392
Train Loss 0.402
Train Loss 0.445
Epoch  40 | Time    38 | Train Loss 0.3964 | Test Loss 0.001 | Test Error 22.93
Train Loss 0.042
Train Loss 0.361
Train Loss 0.395
Train Loss 0.389
Train Loss 0.358
Train Loss 0.424
Train Loss 0.373
Train Loss 0.424
Epoch  41 | Time    38 | Train Loss 0.4062 | Test Loss 0.001 | Test Error 22.57
Train Loss 0.034
Train Loss 0.390
Train Loss 0.361
Train Loss 0.373
Train Loss 0.382
Train Loss 0.378
Train Loss 0.388
Train Loss 0.370
Epoch  42 | Time    38 | Train Loss 0.3758 | Test Loss 0.001 | Test Error 22.71
Train Loss 0.025
Train Loss 0.347
Train Loss 0.332
Train Loss 0.372
Train Loss 0.394
Train Loss 0.383
Train Loss 0.379
Train Loss 0.373
Epoch  43 | Time    38 | Train Loss 0.4014 | Test Loss 0.001 | Test Error 21.91
Train Loss 0.033
Train Loss 0.330
Train Loss 0.353
Train Loss 0.345
Train Loss 0.351
Train Loss 0.392
Train Loss 0.346
Train Loss 0.336
Epoch  44 | Time    38 | Train Loss 0.3723 | Test Loss 0.001 | Test Error 22.06
Train Loss 0.033
Train Loss 0.337
Train Loss 0.373
Train Loss 0.344
Train Loss 0.367
Train Loss 0.319
Train Loss 0.361
Train Loss 0.330
Epoch  45 | Time    37 | Train Loss 0.3565 | Test Loss 0.001 | Test Error 22.12
Train Loss 0.037
Train Loss 0.326
Train Loss 0.347
Train Loss 0.372
Train Loss 0.340
Train Loss 0.339
Train Loss 0.347
Train Loss 0.330
Epoch  46 | Time    37 | Train Loss 0.3632 | Test Loss 0.001 | Test Error 22.50
Train Loss 0.025
Train Loss 0.320
Train Loss 0.313
Train Loss 0.348
Train Loss 0.333
Train Loss 0.303
Train Loss 0.315
Train Loss 0.340
Epoch  47 | Time    38 | Train Loss 0.3373 | Test Loss 0.001 | Test Error 22.29
Train Loss 0.024
Train Loss 0.340
Train Loss 0.329
Train Loss 0.338
Train Loss 0.301
Train Loss 0.353
Train Loss 0.300
Train Loss 0.305
Epoch  48 | Time    39 | Train Loss 0.2873 | Test Loss 0.001 | Test Error 21.42
Train Loss 0.028
Train Loss 0.326
Train Loss 0.303
Train Loss 0.306
Train Loss 0.301
Train Loss 0.319
Train Loss 0.324
Train Loss 0.322
Epoch  49 | Time    38 | Train Loss 0.2875 | Test Loss 0.001 | Test Error 21.81
Train Loss 0.029
Train Loss 0.298
Train Loss 0.322
Train Loss 0.293
Train Loss 0.303
Train Loss 0.309
Train Loss 0.305
Train Loss 0.309
Epoch  50 | Time    38 | Train Loss 0.2871 | Test Loss 0.001 | Test Error 22.03
Train Loss 0.018
Train Loss 0.277
Train Loss 0.309
Train Loss 0.320
Train Loss 0.288
Train Loss 0.278
Train Loss 0.284
Train Loss 0.262
Epoch  51 | Time    37 | Train Loss 0.3044 | Test Loss 0.001 | Test Error 21.90
Train Loss 0.025
Train Loss 0.305
Train Loss 0.292
Train Loss 0.296
Train Loss 0.289
Train Loss 0.252
Train Loss 0.298
Train Loss 0.325
Epoch  52 | Time    38 | Train Loss 0.2435 | Test Loss 0.001 | Test Error 21.94
Train Loss 0.022
Train Loss 0.278
Train Loss 0.281
Train Loss 0.295
Train Loss 0.286
Train Loss 0.313
Train Loss 0.266
Train Loss 0.265
Epoch  53 | Time    37 | Train Loss 0.2886 | Test Loss 0.001 | Test Error 21.85
Train Loss 0.013
Train Loss 0.252
Train Loss 0.289
Train Loss 0.292
Train Loss 0.284
Train Loss 0.269
Train Loss 0.312
Train Loss 0.285
Epoch  54 | Time    38 | Train Loss 0.2465 | Test Loss 0.001 | Test Error 22.63
Train Loss 0.020
Train Loss 0.269
Train Loss 0.234
Train Loss 0.292
Train Loss 0.247
Train Loss 0.260
Train Loss 0.267
Train Loss 0.258
Epoch  55 | Time    41 | Train Loss 0.2867 | Test Loss 0.001 | Test Error 22.55
Train Loss 0.016
Train Loss 0.242
Train Loss 0.236
Train Loss 0.249
Train Loss 0.238
Train Loss 0.272
Train Loss 0.256
Train Loss 0.232
Epoch  56 | Time    38 | Train Loss 0.2604 | Test Loss 0.001 | Test Error 22.53
Train Loss 0.047
Train Loss 0.225
Train Loss 0.253
Train Loss 0.225
Train Loss 0.279
Train Loss 0.224
Train Loss 0.302
Train Loss 0.246
Epoch  57 | Time    38 | Train Loss 0.2482 | Test Loss 0.001 | Test Error 22.51
Train Loss 0.019
Train Loss 0.237
Train Loss 0.235
Train Loss 0.217
Train Loss 0.212
Train Loss 0.261
Train Loss 0.249
Train Loss 0.249
Epoch  58 | Time    39 | Train Loss 0.2433 | Test Loss 0.001 | Test Error 22.50
Train Loss 0.027
Train Loss 0.254
Train Loss 0.215
Train Loss 0.279
Train Loss 0.247
Train Loss 0.228
Train Loss 0.272
Train Loss 0.246
Epoch  59 | Time    38 | Train Loss 0.2494 | Test Loss 0.001 | Test Error 22.02
Train Loss 0.025
Train Loss 0.200
Train Loss 0.192
Train Loss 0.209
Train Loss 0.268
Train Loss 0.240
Train Loss 0.230
Train Loss 0.229
Epoch  60 | Time    38 | Train Loss 0.2266 | Test Loss 0.001 | Test Error 22.25
Train Loss 0.029
Train Loss 0.208
Train Loss 0.251
Train Loss 0.230
Train Loss 0.213
Train Loss 0.213
Train Loss 0.190
Train Loss 0.222
Epoch  61 | Time    40 | Train Loss 0.2664 | Test Loss 0.001 | Test Error 21.97
Train Loss 0.024
Train Loss 0.228
Train Loss 0.215
Train Loss 0.231
Train Loss 0.206
Train Loss 0.205
Train Loss 0.245
Train Loss 0.198
Epoch  62 | Time    39 | Train Loss 0.2036 | Test Loss 0.001 | Test Error 22.11
Train Loss 0.041
Train Loss 0.204
Train Loss 0.212
Train Loss 0.226
Train Loss 0.218
Train Loss 0.209
Train Loss 0.192
Train Loss 0.233
Epoch  63 | Time    37 | Train Loss 0.2151 | Test Loss 0.001 | Test Error 22.28
Train Loss 0.027
Train Loss 0.193
Train Loss 0.235
Train Loss 0.209
Train Loss 0.222
Train Loss 0.197
Train Loss 0.215
Train Loss 0.244
Epoch  64 | Time    37 | Train Loss 0.1850 | Test Loss 0.001 | Test Error 21.40
Train Loss 0.013
Train Loss 0.196
Train Loss 0.222
Train Loss 0.188
Train Loss 0.184
Train Loss 0.184
Train Loss 0.219
Train Loss 0.195
Epoch  65 | Time    38 | Train Loss 0.1875 | Test Loss 0.001 | Test Error 21.30
Train Loss 0.027
Train Loss 0.190
Train Loss 0.228
Train Loss 0.207
Train Loss 0.197
Train Loss 0.208
Train Loss 0.205
Train Loss 0.231
Epoch  66 | Time    38 | Train Loss 0.2225 | Test Loss 0.001 | Test Error 21.60
Train Loss 0.011
Train Loss 0.181
Train Loss 0.189
Train Loss 0.191
Train Loss 0.188
Train Loss 0.176
Train Loss 0.167
Train Loss 0.203
Epoch  67 | Time    37 | Train Loss 0.1781 | Test Loss 0.001 | Test Error 21.63
Train Loss 0.004
Train Loss 0.165
Train Loss 0.181
Train Loss 0.217
Train Loss 0.190
Train Loss 0.166
Train Loss 0.159
Train Loss 0.180
Epoch  68 | Time    37 | Train Loss 0.1876 | Test Loss 0.001 | Test Error 21.53
Train Loss 0.023
Train Loss 0.164
Train Loss 0.184
Train Loss 0.183
Train Loss 0.148
Train Loss 0.162
Train Loss 0.190
Train Loss 0.133
Epoch  69 | Time    38 | Train Loss 0.1909 | Test Loss 0.001 | Test Error 21.58
Train Loss 0.010
Train Loss 0.159
Train Loss 0.211
Train Loss 0.158
Train Loss 0.183
Train Loss 0.168
Train Loss 0.158
Train Loss 0.209
Epoch  70 | Time    37 | Train Loss 0.1983 | Test Loss 0.001 | Test Error 21.82
Train Loss 0.015
Train Loss 0.178
Train Loss 0.172
Train Loss 0.143
Train Loss 0.200
Train Loss 0.188
Train Loss 0.165
Train Loss 0.167
Epoch  71 | Time    38 | Train Loss 0.1606 | Test Loss 0.001 | Test Error 21.70
Train Loss 0.020
Train Loss 0.157
Train Loss 0.164
Train Loss 0.175
Train Loss 0.142
Train Loss 0.136
Train Loss 0.120
Train Loss 0.183
Epoch  72 | Time    38 | Train Loss 0.1458 | Test Loss 0.001 | Test Error 21.59
Train Loss 0.005
Train Loss 0.157
Train Loss 0.158
Train Loss 0.142
Train Loss 0.171
Train Loss 0.166
Train Loss 0.132
Train Loss 0.128
Epoch  73 | Time    38 | Train Loss 0.1427 | Test Loss 0.001 | Test Error 21.86
Train Loss 0.003
Train Loss 0.195
Train Loss 0.207
Train Loss 0.172
Train Loss 0.171
Train Loss 0.170
Train Loss 0.154
Train Loss 0.175
Epoch  74 | Time    38 | Train Loss 0.1288 | Test Loss 0.001 | Test Error 21.42
Train Loss 0.006
Train Loss 0.124
Train Loss 0.190
Train Loss 0.151
Train Loss 0.149
Train Loss 0.141
Train Loss 0.157
Train Loss 0.146
Epoch  75 | Time    39 | Train Loss 0.1697 | Test Loss 0.001 | Test Error 21.27
Train Loss 0.003
Train Loss 0.149
Train Loss 0.151
Train Loss 0.149
Train Loss 0.170
Train Loss 0.147
Train Loss 0.126
Train Loss 0.166
Epoch  76 | Time    37 | Train Loss 0.1508 | Test Loss 0.001 | Test Error 21.29
Train Loss 0.013
Train Loss 0.115
Train Loss 0.117
Train Loss 0.163
Train Loss 0.163
Train Loss 0.117
Train Loss 0.160
Train Loss 0.136
Epoch  77 | Time    42 | Train Loss 0.1098 | Test Loss 0.001 | Test Error 21.50
Train Loss 0.008
Train Loss 0.139
Train Loss 0.153
Train Loss 0.127
Train Loss 0.149
Train Loss 0.117
Train Loss 0.156
Train Loss 0.125
Epoch  78 | Time    37 | Train Loss 0.1176 | Test Loss 0.001 | Test Error 21.60
Train Loss 0.013
Train Loss 0.125
Train Loss 0.130
Train Loss 0.142
Train Loss 0.139
Train Loss 0.172
Train Loss 0.129
Train Loss 0.125
Epoch  79 | Time    37 | Train Loss 0.1304 | Test Loss 0.001 | Test Error 21.38
Train Loss 0.004
Train Loss 0.170
Train Loss 0.151
Train Loss 0.133
Train Loss 0.120
Train Loss 0.123
Train Loss 0.158
Train Loss 0.136
Epoch  80 | Time    38 | Train Loss 0.1754 | Test Loss 0.001 | Test Error 21.26
Train Loss 0.022
Train Loss 0.095
Train Loss 0.158
Train Loss 0.106
Train Loss 0.130
Train Loss 0.148
Train Loss 0.143
Train Loss 0.113
Epoch  81 | Time    39 | Train Loss 0.1335 | Test Loss 0.001 | Test Error 21.36
Train Loss 0.016
Train Loss 0.120
Train Loss 0.120
Train Loss 0.125
Train Loss 0.113
Train Loss 0.121
Train Loss 0.139
Train Loss 0.179
Epoch  82 | Time    38 | Train Loss 0.1395 | Test Loss 0.001 | Test Error 21.56
Train Loss 0.016
Train Loss 0.157
Train Loss 0.128
Train Loss 0.114
Train Loss 0.124
Train Loss 0.124
Train Loss 0.126
Train Loss 0.082
Epoch  83 | Time    38 | Train Loss 0.1152 | Test Loss 0.001 | Test Error 21.14
Train Loss 0.003
Train Loss 0.136
Train Loss 0.085
Train Loss 0.134
Train Loss 0.109
Train Loss 0.119
Train Loss 0.111
Train Loss 0.135
Epoch  84 | Time    38 | Train Loss 0.1271 | Test Loss 0.001 | Test Error 21.02
Train Loss 0.008
Train Loss 0.113
Train Loss 0.110
Train Loss 0.110
Train Loss 0.115
Train Loss 0.131
Train Loss 0.132
Train Loss 0.120
Epoch  85 | Time    37 | Train Loss 0.1263 | Test Loss 0.001 | Test Error 21.47
Train Loss 0.018
Train Loss 0.109
Train Loss 0.154
Train Loss 0.123
Train Loss 0.140
Train Loss 0.103
Train Loss 0.096
Train Loss 0.129
Epoch  86 | Time    38 | Train Loss 0.0854 | Test Loss 0.001 | Test Error 21.03
Train Loss 0.015
Train Loss 0.107
Train Loss 0.122
Train Loss 0.117
Train Loss 0.121
Train Loss 0.138
Train Loss 0.112
Train Loss 0.130
Epoch  87 | Time    38 | Train Loss 0.0836 | Test Loss 0.001 | Test Error 21.35
Train Loss 0.019
Train Loss 0.103
Train Loss 0.115
Train Loss 0.085
Train Loss 0.093
Train Loss 0.118
Train Loss 0.073
Train Loss 0.130
Epoch  88 | Time    39 | Train Loss 0.1249 | Test Loss 0.001 | Test Error 21.00
Train Loss 0.014
Train Loss 0.110
Train Loss 0.101
Train Loss 0.144
Train Loss 0.112
Train Loss 0.141
Train Loss 0.123
Train Loss 0.118
Epoch  89 | Time    40 | Train Loss 0.1049 | Test Loss 0.001 | Test Error 20.87
Train Loss 0.007
Train Loss 0.075
Train Loss 0.133
Train Loss 0.118
Train Loss 0.134
Train Loss 0.121
Train Loss 0.108
Train Loss 0.104
Epoch  90 | Time    40 | Train Loss 0.1040 | Test Loss 0.001 | Test Error 21.05
Train Loss 0.019
Train Loss 0.074
Train Loss 0.075
Train Loss 0.122
Train Loss 0.110
Train Loss 0.112
Train Loss 0.101
Train Loss 0.082
Epoch  91 | Time    39 | Train Loss 0.1013 | Test Loss 0.001 | Test Error 21.04
Train Loss 0.005
Train Loss 0.122
Train Loss 0.100
Train Loss 0.092
Train Loss 0.104
Train Loss 0.114
Train Loss 0.110
Train Loss 0.101
Epoch  92 | Time    37 | Train Loss 0.0814 | Test Loss 0.001 | Test Error 21.21
Train Loss 0.009
Train Loss 0.106
Train Loss 0.089
Train Loss 0.098
Train Loss 0.104
Train Loss 0.096
Train Loss 0.098
Train Loss 0.083
Epoch  93 | Time    37 | Train Loss 0.1011 | Test Loss 0.001 | Test Error 21.11
Train Loss 0.003
Train Loss 0.093
Train Loss 0.131
Train Loss 0.111
Train Loss 0.134
Train Loss 0.105
Train Loss 0.118
Train Loss 0.138
Epoch  94 | Time    39 | Train Loss 0.1074 | Test Loss 0.001 | Test Error 21.14
Train Loss 0.009
Train Loss 0.112
Train Loss 0.092
Train Loss 0.104
Train Loss 0.105
Train Loss 0.098
Train Loss 0.083
Train Loss 0.117
Epoch  95 | Time    38 | Train Loss 0.1082 | Test Loss 0.001 | Test Error 21.13
Train Loss 0.020
Train Loss 0.087
Train Loss 0.130
Train Loss 0.098
Train Loss 0.131
Train Loss 0.125
Train Loss 0.096
Train Loss 0.104
Epoch  96 | Time    37 | Train Loss 0.1151 | Test Loss 0.001 | Test Error 21.16
Train Loss 0.012
Train Loss 0.121
Train Loss 0.083
Train Loss 0.093
Train Loss 0.113
Train Loss 0.086
Train Loss 0.111
Train Loss 0.135
Epoch  97 | Time    37 | Train Loss 0.1285 | Test Loss 0.001 | Test Error 21.09
Train Loss 0.001
Train Loss 0.100
Train Loss 0.091
Train Loss 0.109
Train Loss 0.088
Train Loss 0.088
Train Loss 0.119
Train Loss 0.082
Epoch  98 | Time    38 | Train Loss 0.0838 | Test Loss 0.001 | Test Error 21.08
Train Loss 0.007
Train Loss 0.108
Train Loss 0.069
Train Loss 0.089
Train Loss 0.106
Train Loss 0.115
Train Loss 0.098
Train Loss 0.114
Epoch  99 | Time    37 | Train Loss 0.1017 | Test Loss 0.001 | Test Error 21.13
Train Loss 0.011
Train Loss 0.104
Train Loss 0.123
Train Loss 0.099
Train Loss 0.090
Train Loss 0.123
Train Loss 0.085
Train Loss 0.081
Epoch 100 | Time    38 | Train Loss 0.0779 | Test Loss 0.001 | Test Error 21.14
(50000, 32, 32, 3)
gaussian_noise
	Test Loss 0.002 | Test Error 25.072
(50000, 32, 32, 3)
shot_noise
	Test Loss 0.002 | Test Error 23.676
(50000, 32, 32, 3)
impulse_noise
	Test Loss 0.002 | Test Error 28.184
(50000, 32, 32, 3)
defocus_blur
	Test Loss 0.002 | Test Error 22.302
(50000, 32, 32, 3)
glass_blur
	Test Loss 0.002 | Test Error 25.724
(50000, 32, 32, 3)
motion_blur
	Test Loss 0.002 | Test Error 25.232
(50000, 32, 32, 3)
zoom_blur
	Test Loss 0.002 | Test Error 23.618
(50000, 32, 32, 3)
snow
	Test Loss 0.002 | Test Error 27.590
(50000, 32, 32, 3)
frost
	Test Loss 0.002 | Test Error 28.814
(50000, 32, 32, 3)
fog
	Test Loss 0.003 | Test Error 32.588
(50000, 32, 32, 3)
brightness
	Test Loss 0.002 | Test Error 24.208
(50000, 32, 32, 3)
contrast
	Test Loss 0.003 | Test Error 37.062
(50000, 32, 32, 3)
elastic_transform
	Test Loss 0.002 | Test Error 25.264
(50000, 32, 32, 3)
pixelate
	Test Loss 0.002 | Test Error 22.036
(50000, 32, 32, 3)
jpeg_compression
	Test Loss 0.002 | Test Error 23.000
Mean Corruption Error: 26.291

brightness Flipping Prob
0.016819999999999582
Top5 Distance	0.36363
Zipf Distance	0.02264

gaussian_blur Flipping Prob
0.0033666666666667035
Top5 Distance	0.07903
Zipf Distance	0.00467

gaussian_noise Flipping Prob
0.029683333333333332
Top5 Distance	0.68384
Zipf Distance	0.04129

motion_blur Flipping Prob
0.03602500000000038
Top5 Distance	0.76403
Zipf Distance	0.04857

rotate Flipping Prob
0.03254666666666687
Top5 Distance	0.71999
Zipf Distance	0.04447

scale Flipping Prob
0.07575666666666726
Top5 Distance	1.28053
Zipf Distance	0.09448

shot_noise Flipping Prob
0.0350866666666668
Top5 Distance	0.82789
Zipf Distance	0.04942

snow Flipping Prob
0.01496999999999991
Top5 Distance	0.30100
Zipf Distance	0.01956

spatter Flipping Prob
0.027623333333333253
Top5 Distance	0.55182
Zipf Distance	0.03700

speckle_noise Flipping Prob
0.03214333333333334
Top5 Distance	0.77048
Zipf Distance	0.04555

tilt Flipping Prob
0.01379999999999968
Top5 Distance	0.31775
Zipf Distance	0.01912

translate Flipping Prob
0.08554666666666944
Top5 Distance	1.72274
Zipf Distance	0.11390

zoom_blur Flipping Prob
0.003456666666666707
Top5 Distance	0.08517
Zipf Distance	0.00494
flip_list [0.016819999999999582, 0.0033666666666667035, 0.029683333333333332, 0.03602500000000038, 0.03254666666666687, 0.07575666666666726, 0.0350866666666668, 0.01496999999999991, 0.027623333333333253, 0.03214333333333334, 0.01379999999999968, 0.08554666666666944, 0.003456666666666707]

Mean Flipping Prob	0.03129
