Bright Maschine Learning software stack loaded.
Files already downloaded and verified
Files already downloaded and verified
Beginning training from epoch: 1
Train Loss 0.235
Train Loss 1.023
Train Loss 0.885
Train Loss 0.843
Train Loss 0.789
Train Loss 0.783
Train Loss 0.755
Train Loss 0.753
Epoch   1 | Time    56 | Train Loss 0.6902 | Test Loss 0.000 | Test Error 15.77
Train Loss 0.073
Train Loss 0.657
Train Loss 0.636
Train Loss 0.619
Train Loss 0.628
Train Loss 0.604
Train Loss 0.618
Train Loss 0.624
Epoch   2 | Time    50 | Train Loss 0.5842 | Test Loss 0.000 | Test Error 13.08
Train Loss 0.060
Train Loss 0.593
Train Loss 0.537
Train Loss 0.576
Train Loss 0.584
Train Loss 0.596
Train Loss 0.553
Train Loss 0.552
Epoch   3 | Time    55 | Train Loss 0.5822 | Test Loss 0.000 | Test Error 11.93
Train Loss 0.051
Train Loss 0.510
Train Loss 0.531
Train Loss 0.557
Train Loss 0.534
Train Loss 0.525
Train Loss 0.547
Train Loss 0.544
Epoch   4 | Time    49 | Train Loss 0.5295 | Test Loss 0.000 | Test Error 12.26
Train Loss 0.037
Train Loss 0.466
Train Loss 0.511
Train Loss 0.485
Train Loss 0.479
Train Loss 0.504
Train Loss 0.492
Train Loss 0.486
Epoch   5 | Time    45 | Train Loss 0.4743 | Test Loss 0.000 | Test Error 11.42
Train Loss 0.038
Train Loss 0.449
Train Loss 0.457
Train Loss 0.459
Train Loss 0.452
Train Loss 0.493
Train Loss 0.473
Train Loss 0.473
Epoch   6 | Time    48 | Train Loss 0.4938 | Test Loss 0.000 | Test Error 11.15
Train Loss 0.056
Train Loss 0.450
Train Loss 0.429
Train Loss 0.430
Train Loss 0.453
Train Loss 0.441
Train Loss 0.445
Train Loss 0.414
Epoch   7 | Time    49 | Train Loss 0.4364 | Test Loss 0.000 | Test Error 11.08
Train Loss 0.039
Train Loss 0.400
Train Loss 0.433
Train Loss 0.419
Train Loss 0.405
Train Loss 0.414
Train Loss 0.425
Train Loss 0.424
Epoch   8 | Time    60 | Train Loss 0.4106 | Test Loss 0.000 | Test Error 11.54
Train Loss 0.048
Train Loss 0.391
Train Loss 0.376
Train Loss 0.385
Train Loss 0.421
Train Loss 0.402
Train Loss 0.399
Train Loss 0.411
Epoch   9 | Time    44 | Train Loss 0.4029 | Test Loss 0.000 | Test Error 10.86
Train Loss 0.042
Train Loss 0.377
Train Loss 0.387
Train Loss 0.374
Train Loss 0.384
Train Loss 0.381
Train Loss 0.417
Train Loss 0.398
Epoch  10 | Time    50 | Train Loss 0.3704 | Test Loss 0.000 | Test Error 10.24
Train Loss 0.029
Train Loss 0.366
Train Loss 0.347
Train Loss 0.366
Train Loss 0.362
Train Loss 0.353
Train Loss 0.339
Train Loss 0.387
Epoch  11 | Time    45 | Train Loss 0.3905 | Test Loss 0.000 | Test Error 11.06
Train Loss 0.029
Train Loss 0.321
Train Loss 0.327
Train Loss 0.344
Train Loss 0.383
Train Loss 0.343
Train Loss 0.374
Train Loss 0.399
Epoch  12 | Time    43 | Train Loss 0.3724 | Test Loss 0.000 | Test Error 10.34
Train Loss 0.034
Train Loss 0.338
Train Loss 0.328
Train Loss 0.348
Train Loss 0.345
Train Loss 0.296
Train Loss 0.327
Train Loss 0.338
Epoch  13 | Time    44 | Train Loss 0.3384 | Test Loss 0.000 | Test Error 10.74
Train Loss 0.031
Train Loss 0.299
Train Loss 0.316
Train Loss 0.345
Train Loss 0.334
Train Loss 0.343
Train Loss 0.347
Train Loss 0.321
Epoch  14 | Time    51 | Train Loss 0.3548 | Test Loss 0.000 | Test Error 10.64
Train Loss 0.034
Train Loss 0.296
Train Loss 0.326
Train Loss 0.323
Train Loss 0.315
Train Loss 0.314
Train Loss 0.341
Train Loss 0.310
Epoch  15 | Time    46 | Train Loss 0.3157 | Test Loss 0.000 | Test Error 10.90
Train Loss 0.031
Train Loss 0.333
Train Loss 0.308
Train Loss 0.267
Train Loss 0.345
Train Loss 0.299
Train Loss 0.325
Train Loss 0.339
Epoch  16 | Time    48 | Train Loss 0.2992 | Test Loss 0.000 | Test Error 10.22
Train Loss 0.027
Train Loss 0.279
Train Loss 0.281
Train Loss 0.299
Train Loss 0.296
Train Loss 0.311
Train Loss 0.318
Train Loss 0.284
Epoch  17 | Time    46 | Train Loss 0.2914 | Test Loss 0.000 | Test Error 10.32
Train Loss 0.021
Train Loss 0.260
Train Loss 0.255
Train Loss 0.296
Train Loss 0.306
Train Loss 0.286
Train Loss 0.304
Train Loss 0.273
Epoch  18 | Time    55 | Train Loss 0.3095 | Test Loss 0.000 | Test Error 10.79
Train Loss 0.027
Train Loss 0.258
Train Loss 0.280
Train Loss 0.272
Train Loss 0.281
Train Loss 0.296
Train Loss 0.303
Train Loss 0.283
Epoch  19 | Time    47 | Train Loss 0.2544 | Test Loss 0.000 | Test Error 10.36
Train Loss 0.022
Train Loss 0.254
Train Loss 0.298
Train Loss 0.288
Train Loss 0.276
Train Loss 0.254
Train Loss 0.308
Train Loss 0.313
Epoch  20 | Time    44 | Train Loss 0.2953 | Test Loss 0.000 | Test Error 10.46
Train Loss 0.023
Train Loss 0.273
Train Loss 0.253
Train Loss 0.253
Train Loss 0.290
Train Loss 0.288
Train Loss 0.239
Train Loss 0.290
Epoch  21 | Time    45 | Train Loss 0.2841 | Test Loss 0.000 | Test Error 10.55
Train Loss 0.027
Train Loss 0.228
Train Loss 0.254
Train Loss 0.256
Train Loss 0.268
Train Loss 0.246
Train Loss 0.261
Train Loss 0.284
Epoch  22 | Time    45 | Train Loss 0.2484 | Test Loss 0.000 | Test Error 10.67
Train Loss 0.021
Train Loss 0.234
Train Loss 0.261
Train Loss 0.251
Train Loss 0.268
Train Loss 0.238
Train Loss 0.234
Train Loss 0.246
Epoch  23 | Time    46 | Train Loss 0.2316 | Test Loss 0.000 | Test Error 10.89
Train Loss 0.020
Train Loss 0.256
Train Loss 0.223
Train Loss 0.253
Train Loss 0.228
Train Loss 0.240
Train Loss 0.250
Train Loss 0.242
Epoch  24 | Time    47 | Train Loss 0.2679 | Test Loss 0.000 | Test Error 10.42
Train Loss 0.031
Train Loss 0.237
Train Loss 0.247
Train Loss 0.211
Train Loss 0.245
Train Loss 0.258
Train Loss 0.217
Train Loss 0.244
Epoch  25 | Time    43 | Train Loss 0.2672 | Test Loss 0.000 | Test Error 10.18
Train Loss 0.020
Train Loss 0.215
Train Loss 0.240
Train Loss 0.203
Train Loss 0.222
Train Loss 0.231
Train Loss 0.249
Train Loss 0.250
Epoch  26 | Time    53 | Train Loss 0.2531 | Test Loss 0.000 | Test Error 11.00
Train Loss 0.018
Train Loss 0.197
Train Loss 0.208
Train Loss 0.239
Train Loss 0.225
Train Loss 0.254
Train Loss 0.230
Train Loss 0.248
Epoch  27 | Time    46 | Train Loss 0.2521 | Test Loss 0.000 | Test Error 10.84
Train Loss 0.018
Train Loss 0.220
Train Loss 0.234
Train Loss 0.246
Train Loss 0.236
Train Loss 0.227
Train Loss 0.205
Train Loss 0.197
Epoch  28 | Time    48 | Train Loss 0.2333 | Test Loss 0.000 | Test Error 11.08
Train Loss 0.025
Train Loss 0.221
Train Loss 0.213
Train Loss 0.225
Train Loss 0.195
Train Loss 0.192
Train Loss 0.210
Train Loss 0.214
Epoch  29 | Time    45 | Train Loss 0.1874 | Test Loss 0.000 | Test Error 10.41
Train Loss 0.016
Train Loss 0.210
Train Loss 0.206
Train Loss 0.222
Train Loss 0.208
Train Loss 0.193
Train Loss 0.220
Train Loss 0.222
Epoch  30 | Time    53 | Train Loss 0.1906 | Test Loss 0.000 | Test Error 10.55
Train Loss 0.015
Train Loss 0.188
Train Loss 0.196
Train Loss 0.198
Train Loss 0.209
Train Loss 0.236
Train Loss 0.194
Train Loss 0.186
Epoch  31 | Time    51 | Train Loss 0.2018 | Test Loss 0.000 | Test Error 10.84
Train Loss 0.031
Train Loss 0.177
Train Loss 0.189
Train Loss 0.168
Train Loss 0.202
Train Loss 0.196
Train Loss 0.200
Train Loss 0.218
Epoch  32 | Time    48 | Train Loss 0.1923 | Test Loss 0.000 | Test Error 10.36
Train Loss 0.016
Train Loss 0.166
Train Loss 0.153
Train Loss 0.213
Train Loss 0.185
Train Loss 0.213
Train Loss 0.178
Train Loss 0.204
Epoch  33 | Time    50 | Train Loss 0.2023 | Test Loss 0.000 | Test Error 10.84
Train Loss 0.020
Train Loss 0.187
Train Loss 0.178
Train Loss 0.169
Train Loss 0.189
Train Loss 0.178
Train Loss 0.196
Train Loss 0.180
Epoch  34 | Time    47 | Train Loss 0.1876 | Test Loss 0.000 | Test Error 10.77
Train Loss 0.017
Train Loss 0.172
Train Loss 0.197
Train Loss 0.184
Train Loss 0.208
Train Loss 0.179
Train Loss 0.200
Train Loss 0.190
Epoch  35 | Time    51 | Train Loss 0.1878 | Test Loss 0.000 | Test Error 11.17
Train Loss 0.010
Train Loss 0.154
Train Loss 0.212
Train Loss 0.178
Train Loss 0.204
Train Loss 0.180
Train Loss 0.156
Train Loss 0.200
Epoch  36 | Time    57 | Train Loss 0.1950 | Test Loss 0.000 | Test Error 10.48
Train Loss 0.013
Train Loss 0.179
Train Loss 0.183
Train Loss 0.169
Train Loss 0.185
Train Loss 0.147
Train Loss 0.189
Train Loss 0.172
Epoch  37 | Time    47 | Train Loss 0.1669 | Test Loss 0.000 | Test Error 10.46
Train Loss 0.007
Train Loss 0.170
Train Loss 0.149
Train Loss 0.169
Train Loss 0.183
Train Loss 0.165
Train Loss 0.166
Train Loss 0.165
Epoch  38 | Time    46 | Train Loss 0.1952 | Test Loss 0.000 | Test Error 10.54
Train Loss 0.011
Train Loss 0.155
Train Loss 0.178
Train Loss 0.180
Train Loss 0.148
Train Loss 0.166
Train Loss 0.156
Train Loss 0.185
Epoch  39 | Time    49 | Train Loss 0.1821 | Test Loss 0.000 | Test Error 10.47
Train Loss 0.017
Train Loss 0.172
Train Loss 0.149
Train Loss 0.166
Train Loss 0.135
Train Loss 0.155
Train Loss 0.151
Train Loss 0.179
Epoch  40 | Time    49 | Train Loss 0.1669 | Test Loss 0.000 | Test Error 10.62
Train Loss 0.016
Train Loss 0.144
Train Loss 0.151
Train Loss 0.155
Train Loss 0.136
Train Loss 0.161
Train Loss 0.152
Train Loss 0.167
Epoch  41 | Time    49 | Train Loss 0.1293 | Test Loss 0.000 | Test Error 10.50
Train Loss 0.003
Train Loss 0.162
Train Loss 0.128
Train Loss 0.141
Train Loss 0.173
Train Loss 0.149
Train Loss 0.170
Train Loss 0.161
Epoch  42 | Time    48 | Train Loss 0.1558 | Test Loss 0.000 | Test Error 10.86
Train Loss 0.015
Train Loss 0.110
Train Loss 0.136
Train Loss 0.169
Train Loss 0.151
Train Loss 0.157
Train Loss 0.138
Train Loss 0.164
Epoch  43 | Time    45 | Train Loss 0.1667 | Test Loss 0.000 | Test Error 10.66
Train Loss 0.016
Train Loss 0.103
Train Loss 0.129
Train Loss 0.129
Train Loss 0.116
Train Loss 0.167
Train Loss 0.157
Train Loss 0.142
Epoch  44 | Time    55 | Train Loss 0.1448 | Test Loss 0.000 | Test Error 10.88
Train Loss 0.008
Train Loss 0.102
Train Loss 0.154
Train Loss 0.136
Train Loss 0.159
Train Loss 0.126
Train Loss 0.131
Train Loss 0.142
Epoch  45 | Time    51 | Train Loss 0.1297 | Test Loss 0.000 | Test Error 10.34
Train Loss 0.019
Train Loss 0.124
Train Loss 0.162
Train Loss 0.127
Train Loss 0.140
Train Loss 0.109
Train Loss 0.117
Train Loss 0.131
Epoch  46 | Time    49 | Train Loss 0.1458 | Test Loss 0.000 | Test Error 11.23
Train Loss 0.009
Train Loss 0.144
Train Loss 0.112
Train Loss 0.133
Train Loss 0.102
Train Loss 0.133
Train Loss 0.151
Train Loss 0.129
Epoch  47 | Time    54 | Train Loss 0.1276 | Test Loss 0.000 | Test Error 10.15
Train Loss 0.010
Train Loss 0.117
Train Loss 0.125
Train Loss 0.117
Train Loss 0.121
Train Loss 0.123
Train Loss 0.119
Train Loss 0.113
Epoch  48 | Time    55 | Train Loss 0.0855 | Test Loss 0.000 | Test Error 10.26
Train Loss 0.011
Train Loss 0.108
Train Loss 0.140
Train Loss 0.124
Train Loss 0.120
Train Loss 0.105
Train Loss 0.141
Train Loss 0.124
Epoch  49 | Time    45 | Train Loss 0.1212 | Test Loss 0.000 | Test Error 10.47
Train Loss 0.012
Train Loss 0.107
Train Loss 0.121
Train Loss 0.096
Train Loss 0.117
Train Loss 0.118
Train Loss 0.124
Train Loss 0.101
Epoch  50 | Time    51 | Train Loss 0.1038 | Test Loss 0.000 | Test Error 10.12
Train Loss 0.003
Train Loss 0.102
Train Loss 0.118
Train Loss 0.105
Train Loss 0.102
Train Loss 0.120
Train Loss 0.120
Train Loss 0.085
Epoch  51 | Time    46 | Train Loss 0.1062 | Test Loss 0.000 | Test Error 10.63
Train Loss 0.002
Train Loss 0.115
Train Loss 0.114
Train Loss 0.124
Train Loss 0.108
Train Loss 0.093
Train Loss 0.112
Train Loss 0.130
Epoch  52 | Time    51 | Train Loss 0.1177 | Test Loss 0.000 | Test Error 10.04
Train Loss 0.003
Train Loss 0.108
Train Loss 0.109
Train Loss 0.120
Train Loss 0.133
Train Loss 0.104
Train Loss 0.108
Train Loss 0.082
Epoch  53 | Time    50 | Train Loss 0.0970 | Test Loss 0.000 | Test Error 10.30
Train Loss 0.006
Train Loss 0.079
Train Loss 0.106
Train Loss 0.096
Train Loss 0.120
Train Loss 0.112
Train Loss 0.113
Train Loss 0.093
Epoch  54 | Time    59 | Train Loss 0.1106 | Test Loss 0.000 | Test Error 10.48
Train Loss 0.008
Train Loss 0.086
Train Loss 0.117
Train Loss 0.094
Train Loss 0.099
Train Loss 0.127
Train Loss 0.103
Train Loss 0.114
Epoch  55 | Time    46 | Train Loss 0.0947 | Test Loss 0.000 | Test Error 10.69
Train Loss 0.010
Train Loss 0.092
Train Loss 0.077
Train Loss 0.112
Train Loss 0.106
Train Loss 0.115
Train Loss 0.116
Train Loss 0.105
Epoch  56 | Time    57 | Train Loss 0.1002 | Test Loss 0.000 | Test Error 10.54
Train Loss 0.005
Train Loss 0.084
Train Loss 0.111
Train Loss 0.098
Train Loss 0.110
Train Loss 0.088
Train Loss 0.116
Train Loss 0.073
Epoch  57 | Time    56 | Train Loss 0.0898 | Test Loss 0.000 | Test Error 10.25
Train Loss 0.002
Train Loss 0.072
Train Loss 0.075
Train Loss 0.053
Train Loss 0.101
Train Loss 0.090
Train Loss 0.106
Train Loss 0.108
Epoch  58 | Time    50 | Train Loss 0.0813 | Test Loss 0.000 | Test Error 10.69
Train Loss 0.003
Train Loss 0.079
Train Loss 0.082
Train Loss 0.125
Train Loss 0.104
Train Loss 0.078
Train Loss 0.105
Train Loss 0.076
Epoch  59 | Time    53 | Train Loss 0.0863 | Test Loss 0.000 | Test Error 10.37
Train Loss 0.001
Train Loss 0.060
Train Loss 0.092
Train Loss 0.084
Train Loss 0.104
Train Loss 0.082
Train Loss 0.070
Train Loss 0.067
Epoch  60 | Time    49 | Train Loss 0.0805 | Test Loss 0.000 | Test Error 10.02
Train Loss 0.028
Train Loss 0.084
Train Loss 0.075
Train Loss 0.100
Train Loss 0.072
Train Loss 0.059
Train Loss 0.084
Train Loss 0.074
Epoch  61 | Time    43 | Train Loss 0.0832 | Test Loss 0.000 | Test Error 10.17
Train Loss 0.005
Train Loss 0.081
Train Loss 0.068
Train Loss 0.073
Train Loss 0.073
Train Loss 0.082
Train Loss 0.072
Train Loss 0.080
Epoch  62 | Time    49 | Train Loss 0.0783 | Test Loss 0.000 | Test Error 10.22
Train Loss 0.006
Train Loss 0.067
Train Loss 0.078
Train Loss 0.079
Train Loss 0.065
Train Loss 0.081
Train Loss 0.064
Train Loss 0.082
Epoch  63 | Time    51 | Train Loss 0.1039 | Test Loss 0.000 | Test Error 10.34
Train Loss 0.009
Train Loss 0.077
Train Loss 0.080
Train Loss 0.094
Train Loss 0.057
Train Loss 0.069
Train Loss 0.054
Train Loss 0.058
Epoch  64 | Time    48 | Train Loss 0.0548 | Test Loss 0.001 | Test Error 10.00
Train Loss 0.006
Train Loss 0.077
Train Loss 0.077
Train Loss 0.070
Train Loss 0.060
Train Loss 0.038
Train Loss 0.072
Train Loss 0.082
Epoch  65 | Time    54 | Train Loss 0.0723 | Test Loss 0.001 | Test Error 10.33
Train Loss 0.002
Train Loss 0.054
Train Loss 0.053
Train Loss 0.060
Train Loss 0.065
Train Loss 0.074
Train Loss 0.064
Train Loss 0.093
Epoch  66 | Time    46 | Train Loss 0.0612 | Test Loss 0.001 | Test Error 10.27
Train Loss 0.000
Train Loss 0.064
Train Loss 0.071
Train Loss 0.081
Train Loss 0.055
Train Loss 0.076
Train Loss 0.059
Train Loss 0.069
Epoch  67 | Time    51 | Train Loss 0.0575 | Test Loss 0.001 | Test Error 9.96
Train Loss 0.000
Train Loss 0.049
Train Loss 0.055
Train Loss 0.069
Train Loss 0.063
Train Loss 0.053
Train Loss 0.068
Train Loss 0.064
Epoch  68 | Time    45 | Train Loss 0.0631 | Test Loss 0.001 | Test Error 10.22
Train Loss 0.002
Train Loss 0.064
Train Loss 0.041
Train Loss 0.062
Train Loss 0.075
Train Loss 0.065
Train Loss 0.055
Train Loss 0.042
Epoch  69 | Time    44 | Train Loss 0.0516 | Test Loss 0.001 | Test Error 10.45
Train Loss 0.004
Train Loss 0.060
Train Loss 0.068
Train Loss 0.064
Train Loss 0.056
Train Loss 0.059
Train Loss 0.056
Train Loss 0.077
Epoch  70 | Time    50 | Train Loss 0.0531 | Test Loss 0.001 | Test Error 10.14
Train Loss 0.001
Train Loss 0.068
Train Loss 0.063
Train Loss 0.042
Train Loss 0.069
Train Loss 0.062
Train Loss 0.066
Train Loss 0.056
Epoch  71 | Time    42 | Train Loss 0.0658 | Test Loss 0.001 | Test Error 10.18
Train Loss 0.000
Train Loss 0.058
Train Loss 0.042
Train Loss 0.058
Train Loss 0.046
Train Loss 0.037
Train Loss 0.046
Train Loss 0.048
Epoch  72 | Time    46 | Train Loss 0.0506 | Test Loss 0.001 | Test Error 9.91
Train Loss 0.001
Train Loss 0.044
Train Loss 0.060
Train Loss 0.045
Train Loss 0.046
Train Loss 0.058
Train Loss 0.031
Train Loss 0.058
Epoch  73 | Time    49 | Train Loss 0.0498 | Test Loss 0.001 | Test Error 9.99
Train Loss 0.006
Train Loss 0.064
Train Loss 0.040
Train Loss 0.041
Train Loss 0.051
Train Loss 0.040
Train Loss 0.056
Train Loss 0.038
Epoch  74 | Time    46 | Train Loss 0.0467 | Test Loss 0.001 | Test Error 10.18
Train Loss 0.009
Train Loss 0.056
Train Loss 0.041
Train Loss 0.041
Train Loss 0.031
Train Loss 0.046
Train Loss 0.060
Train Loss 0.047
Epoch  75 | Time    45 | Train Loss 0.0362 | Test Loss 0.001 | Test Error 9.77
Train Loss 0.001
Train Loss 0.034
Train Loss 0.040
Train Loss 0.043
Train Loss 0.059
Train Loss 0.040
Train Loss 0.035
Train Loss 0.051
Epoch  76 | Time    49 | Train Loss 0.0306 | Test Loss 0.001 | Test Error 9.38
Train Loss 0.005
Train Loss 0.033
Train Loss 0.031
Train Loss 0.041
Train Loss 0.040
Train Loss 0.059
Train Loss 0.045
Train Loss 0.032
Epoch  77 | Time    45 | Train Loss 0.0353 | Test Loss 0.001 | Test Error 9.44
Train Loss 0.000
Train Loss 0.022
Train Loss 0.033
Train Loss 0.034
Train Loss 0.040
Train Loss 0.036
Train Loss 0.028
Train Loss 0.035
Epoch  78 | Time    52 | Train Loss 0.0208 | Test Loss 0.001 | Test Error 9.32
Train Loss 0.011
Train Loss 0.029
Train Loss 0.032
Train Loss 0.036
Train Loss 0.029
Train Loss 0.055
Train Loss 0.052
Train Loss 0.027
Epoch  79 | Time    48 | Train Loss 0.0354 | Test Loss 0.001 | Test Error 9.34
Train Loss 0.000
Train Loss 0.056
Train Loss 0.034
Train Loss 0.035
Train Loss 0.039
Train Loss 0.031
Train Loss 0.045
Train Loss 0.040
Epoch  80 | Time    47 | Train Loss 0.0358 | Test Loss 0.001 | Test Error 9.78
Train Loss 0.001
Train Loss 0.029
Train Loss 0.031
Train Loss 0.040
Train Loss 0.043
Train Loss 0.038
Train Loss 0.033
Train Loss 0.030
Epoch  81 | Time    43 | Train Loss 0.0247 | Test Loss 0.001 | Test Error 9.58
Train Loss 0.001
Train Loss 0.016
Train Loss 0.057
Train Loss 0.031
Train Loss 0.027
Train Loss 0.028
Train Loss 0.023
Train Loss 0.047
Epoch  82 | Time    52 | Train Loss 0.0558 | Test Loss 0.001 | Test Error 9.78
Train Loss 0.000
Train Loss 0.035
Train Loss 0.037
Train Loss 0.027
Train Loss 0.027
Train Loss 0.034
Train Loss 0.050
Train Loss 0.026
Epoch  83 | Time    51 | Train Loss 0.0226 | Test Loss 0.001 | Test Error 9.81
Train Loss 0.000
Train Loss 0.036
Train Loss 0.023
Train Loss 0.028
Train Loss 0.038
Train Loss 0.039
Train Loss 0.030
Train Loss 0.041
Epoch  84 | Time    42 | Train Loss 0.0412 | Test Loss 0.001 | Test Error 9.60
Train Loss 0.000
Train Loss 0.039
Train Loss 0.028
Train Loss 0.037
Train Loss 0.036
Train Loss 0.022
Train Loss 0.028
Train Loss 0.029
Epoch  85 | Time    46 | Train Loss 0.0197 | Test Loss 0.001 | Test Error 9.48
Train Loss 0.006
Train Loss 0.038
Train Loss 0.028
Train Loss 0.038
Train Loss 0.038
Train Loss 0.026
Train Loss 0.021
Train Loss 0.037
Epoch  86 | Time    46 | Train Loss 0.0326 | Test Loss 0.001 | Test Error 9.56
Train Loss 0.012
Train Loss 0.023
Train Loss 0.039
Train Loss 0.028
Train Loss 0.010
Train Loss 0.035
Train Loss 0.025
Train Loss 0.028
Epoch  87 | Time    45 | Train Loss 0.0261 | Test Loss 0.001 | Test Error 9.66
Train Loss 0.006
Train Loss 0.018
Train Loss 0.028
Train Loss 0.019
Train Loss 0.032
Train Loss 0.025
Train Loss 0.015
Train Loss 0.034
Epoch  88 | Time    49 | Train Loss 0.0486 | Test Loss 0.001 | Test Error 9.60
Train Loss 0.008
Train Loss 0.014
Train Loss 0.029
Train Loss 0.037
Train Loss 0.034
Train Loss 0.035
Train Loss 0.027
Train Loss 0.029
Epoch  89 | Time    47 | Train Loss 0.0285 | Test Loss 0.001 | Test Error 9.59
Train Loss 0.000
Train Loss 0.026
Train Loss 0.026
Train Loss 0.024
Train Loss 0.035
Train Loss 0.016
Train Loss 0.032
Train Loss 0.022
Epoch  90 | Time    48 | Train Loss 0.0238 | Test Loss 0.001 | Test Error 9.50
Train Loss 0.011
Train Loss 0.013
Train Loss 0.021
Train Loss 0.035
Train Loss 0.038
Train Loss 0.030
Train Loss 0.036
Train Loss 0.020
Epoch  91 | Time    49 | Train Loss 0.0241 | Test Loss 0.001 | Test Error 9.65
Train Loss 0.004
Train Loss 0.032
Train Loss 0.036
Train Loss 0.030
Train Loss 0.025
Train Loss 0.026
Train Loss 0.027
Train Loss 0.032
Epoch  92 | Time    51 | Train Loss 0.0178 | Test Loss 0.001 | Test Error 9.50
Train Loss 0.002
Train Loss 0.027
Train Loss 0.022
Train Loss 0.020
Train Loss 0.023
Train Loss 0.029
Train Loss 0.022
Train Loss 0.021
Epoch  93 | Time    49 | Train Loss 0.0118 | Test Loss 0.001 | Test Error 9.56
Train Loss 0.000
Train Loss 0.015
Train Loss 0.022
Train Loss 0.028
Train Loss 0.033
Train Loss 0.045
Train Loss 0.021
Train Loss 0.029
Epoch  94 | Time    48 | Train Loss 0.0216 | Test Loss 0.001 | Test Error 9.48
Train Loss 0.000
Train Loss 0.025
Train Loss 0.024
Train Loss 0.022
Train Loss 0.033
Train Loss 0.019
Train Loss 0.025
Train Loss 0.009
Epoch  95 | Time    48 | Train Loss 0.0422 | Test Loss 0.001 | Test Error 9.45
Train Loss 0.000
Train Loss 0.026
Train Loss 0.032
Train Loss 0.017
Train Loss 0.031
Train Loss 0.033
Train Loss 0.028
Train Loss 0.021
Epoch  96 | Time    47 | Train Loss 0.0214 | Test Loss 0.001 | Test Error 9.45
Train Loss 0.000
Train Loss 0.029
Train Loss 0.024
Train Loss 0.023
Train Loss 0.029
Train Loss 0.012
Train Loss 0.032
Train Loss 0.025
Epoch  97 | Time    43 | Train Loss 0.0279 | Test Loss 0.001 | Test Error 9.36
Train Loss 0.000
Train Loss 0.033
Train Loss 0.028
Train Loss 0.014
Train Loss 0.018
Train Loss 0.016
Train Loss 0.027
Train Loss 0.024
Epoch  98 | Time    44 | Train Loss 0.0201 | Test Loss 0.001 | Test Error 9.38
Train Loss 0.004
Train Loss 0.036
Train Loss 0.024
Train Loss 0.017
Train Loss 0.023
Train Loss 0.028
Train Loss 0.022
Train Loss 0.023
Epoch  99 | Time    48 | Train Loss 0.0207 | Test Loss 0.001 | Test Error 9.38
Train Loss 0.004
Train Loss 0.023
Train Loss 0.027
Train Loss 0.016
Train Loss 0.019
Train Loss 0.026
Train Loss 0.028
Train Loss 0.020
Epoch 100 | Time    44 | Train Loss 0.0186 | Test Loss 0.001 | Test Error 9.38
(50000, 32, 32, 3)
gaussian_noise
	Test Loss 0.002 | Test Error 20.026
(50000, 32, 32, 3)
shot_noise
	Test Loss 0.001 | Test Error 16.400
(50000, 32, 32, 3)
impulse_noise
	Test Loss 0.002 | Test Error 22.714
(50000, 32, 32, 3)
defocus_blur
	Test Loss 0.001 | Test Error 11.198
(50000, 32, 32, 3)
glass_blur
	Test Loss 0.002 | Test Error 22.596
(50000, 32, 32, 3)
motion_blur
	Test Loss 0.001 | Test Error 13.140
(50000, 32, 32, 3)
zoom_blur
	Test Loss 0.001 | Test Error 12.168
(50000, 32, 32, 3)
snow
	Test Loss 0.001 | Test Error 16.026
(50000, 32, 32, 3)
frost
	Test Loss 0.001 | Test Error 15.680
(50000, 32, 32, 3)
fog
	Test Loss 0.001 | Test Error 16.872
(50000, 32, 32, 3)
brightness
	Test Loss 0.001 | Test Error 10.810
(50000, 32, 32, 3)
contrast
	Test Loss 0.001 | Test Error 17.724
(50000, 32, 32, 3)
elastic_transform
	Test Loss 0.001 | Test Error 13.518
(50000, 32, 32, 3)
pixelate
	Test Loss 0.001 | Test Error 12.880
(50000, 32, 32, 3)
jpeg_compression
	Test Loss 0.001 | Test Error 13.442
Mean Corruption Error: 15.680

brightness Flipping Prob
0.007076666666666796
Top5 Distance	0.29024
Zipf Distance	0.01319

gaussian_blur Flipping Prob
0.0028200000000000182
Top5 Distance	0.11664
Zipf Distance	0.00530

gaussian_noise Flipping Prob
0.024363333333333303
Top5 Distance	1.13411
Zipf Distance	0.05029

motion_blur Flipping Prob
0.02787499999999976
Top5 Distance	1.02544
Zipf Distance	0.05019

rotate Flipping Prob
0.019113333333333208
Top5 Distance	0.78039
Zipf Distance	0.03605

scale Flipping Prob
0.03086666666666679
Top5 Distance	1.07163
Zipf Distance	0.05382

shot_noise Flipping Prob
0.032013333333333324
Top5 Distance	1.44684
Zipf Distance	0.06530

snow Flipping Prob
0.014276666666666656
Top5 Distance	0.48039
Zipf Distance	0.02416

spatter Flipping Prob
0.017723333333333154
Top5 Distance	0.55726
Zipf Distance	0.02964

speckle_noise Flipping Prob
0.029473333333333306
Top5 Distance	1.37265
Zipf Distance	0.06114

tilt Flipping Prob
0.0075566666666667375
Top5 Distance	0.33439
Zipf Distance	0.01480

translate Flipping Prob
0.038186666666666425
Top5 Distance	1.59608
Zipf Distance	0.07471

zoom_blur Flipping Prob
0.002433333333333339
Top5 Distance	0.10782
Zipf Distance	0.00476
flip_list [0.007076666666666796, 0.0028200000000000182, 0.024363333333333303, 0.02787499999999976, 0.019113333333333208, 0.03086666666666679, 0.032013333333333324, 0.014276666666666656, 0.017723333333333154, 0.029473333333333306, 0.0075566666666667375, 0.038186666666666425, 0.002433333333333339]

Mean Flipping Prob	0.01952
