Bright Maschine Learning software stack loaded.
Files already downloaded and verified
Files already downloaded and verified
Beginning training from epoch: 1
Train Loss 0.249
Train Loss 2.351
Train Loss 2.163
Train Loss 2.133
Train Loss 2.090
Train Loss 2.084
Train Loss 2.040
Train Loss 2.009
Epoch   1 | Time    47 | Train Loss 1.9593 | Test Loss 0.002 | Test Error 66.39
Train Loss 0.192
Train Loss 1.919
Train Loss 1.893
Train Loss 1.856
Train Loss 1.831
Train Loss 1.816
Train Loss 1.794
Train Loss 1.770
Epoch   2 | Time    56 | Train Loss 1.7219 | Test Loss 0.002 | Test Error 57.65
Train Loss 0.184
Train Loss 1.742
Train Loss 1.716
Train Loss 1.698
Train Loss 1.694
Train Loss 1.688
Train Loss 1.646
Train Loss 1.632
Epoch   3 | Time    48 | Train Loss 1.6355 | Test Loss 0.001 | Test Error 53.39
Train Loss 0.153
Train Loss 1.604
Train Loss 1.597
Train Loss 1.627
Train Loss 1.592
Train Loss 1.570
Train Loss 1.552
Train Loss 1.557
Epoch   4 | Time    52 | Train Loss 1.5397 | Test Loss 0.001 | Test Error 47.75
Train Loss 0.148
Train Loss 1.554
Train Loss 1.544
Train Loss 1.502
Train Loss 1.514
Train Loss 1.481
Train Loss 1.495
Train Loss 1.478
Epoch   5 | Time    45 | Train Loss 1.4643 | Test Loss 0.001 | Test Error 44.76
Train Loss 0.152
Train Loss 1.426
Train Loss 1.437
Train Loss 1.425
Train Loss 1.444
Train Loss 1.461
Train Loss 1.426
Train Loss 1.377
Epoch   6 | Time    54 | Train Loss 1.3916 | Test Loss 0.001 | Test Error 42.13
Train Loss 0.160
Train Loss 1.394
Train Loss 1.402
Train Loss 1.358
Train Loss 1.388
Train Loss 1.336
Train Loss 1.348
Train Loss 1.342
Epoch   7 | Time    43 | Train Loss 1.3701 | Test Loss 0.001 | Test Error 39.27
Train Loss 0.132
Train Loss 1.332
Train Loss 1.337
Train Loss 1.347
Train Loss 1.303
Train Loss 1.343
Train Loss 1.300
Train Loss 1.309
Epoch   8 | Time    42 | Train Loss 1.2795 | Test Loss 0.001 | Test Error 36.84
Train Loss 0.132
Train Loss 1.282
Train Loss 1.251
Train Loss 1.260
Train Loss 1.261
Train Loss 1.286
Train Loss 1.254
Train Loss 1.217
Epoch   9 | Time    46 | Train Loss 1.2449 | Test Loss 0.001 | Test Error 35.87
Train Loss 0.121
Train Loss 1.200
Train Loss 1.207
Train Loss 1.191
Train Loss 1.163
Train Loss 1.172
Train Loss 1.249
Train Loss 1.252
Epoch  10 | Time    41 | Train Loss 1.1939 | Test Loss 0.001 | Test Error 33.96
Train Loss 0.120
Train Loss 1.191
Train Loss 1.190
Train Loss 1.163
Train Loss 1.177
Train Loss 1.134
Train Loss 1.137
Train Loss 1.156
Epoch  11 | Time    48 | Train Loss 1.1630 | Test Loss 0.001 | Test Error 34.02
Train Loss 0.112
Train Loss 1.130
Train Loss 1.152
Train Loss 1.115
Train Loss 1.086
Train Loss 1.124
Train Loss 1.097
Train Loss 1.113
Epoch  12 | Time    51 | Train Loss 1.1233 | Test Loss 0.001 | Test Error 30.38
Train Loss 0.115
Train Loss 1.083
Train Loss 1.081
Train Loss 1.072
Train Loss 1.068
Train Loss 1.107
Train Loss 1.083
Train Loss 1.040
Epoch  13 | Time    51 | Train Loss 1.0885 | Test Loss 0.001 | Test Error 29.25
Train Loss 0.109
Train Loss 1.026
Train Loss 1.036
Train Loss 1.040
Train Loss 1.066
Train Loss 1.038
Train Loss 1.024
Train Loss 1.050
Epoch  14 | Time    44 | Train Loss 1.0534 | Test Loss 0.001 | Test Error 28.54
Train Loss 0.113
Train Loss 1.023
Train Loss 1.003
Train Loss 1.015
Train Loss 1.029
Train Loss 1.002
Train Loss 1.007
Train Loss 1.028
Epoch  15 | Time    54 | Train Loss 1.0061 | Test Loss 0.001 | Test Error 26.57
Train Loss 0.101
Train Loss 0.989
Train Loss 0.982
Train Loss 0.964
Train Loss 1.009
Train Loss 0.990
Train Loss 0.992
Train Loss 0.960
Epoch  16 | Time    61 | Train Loss 0.9421 | Test Loss 0.001 | Test Error 25.76
Train Loss 0.084
Train Loss 0.974
Train Loss 0.914
Train Loss 0.949
Train Loss 0.933
Train Loss 1.017
Train Loss 0.973
Train Loss 0.931
Epoch  17 | Time    55 | Train Loss 1.0051 | Test Loss 0.001 | Test Error 25.11
Train Loss 0.099
Train Loss 0.930
Train Loss 0.951
Train Loss 0.954
Train Loss 0.925
Train Loss 0.950
Train Loss 0.929
Train Loss 0.911
Epoch  18 | Time    49 | Train Loss 0.9042 | Test Loss 0.001 | Test Error 25.81
Train Loss 0.094
Train Loss 0.894
Train Loss 0.904
Train Loss 0.920
Train Loss 0.910
Train Loss 0.917
Train Loss 0.912
Train Loss 0.893
Epoch  19 | Time    46 | Train Loss 0.9287 | Test Loss 0.001 | Test Error 24.69
Train Loss 0.094
Train Loss 0.921
Train Loss 0.901
Train Loss 0.931
Train Loss 0.911
Train Loss 0.903
Train Loss 0.899
Train Loss 0.891
Epoch  20 | Time    47 | Train Loss 0.8972 | Test Loss 0.001 | Test Error 22.92
Train Loss 0.086
Train Loss 0.835
Train Loss 0.883
Train Loss 0.856
Train Loss 0.877
Train Loss 0.909
Train Loss 0.835
Train Loss 0.898
Epoch  21 | Time    48 | Train Loss 0.8956 | Test Loss 0.001 | Test Error 22.67
Train Loss 0.083
Train Loss 0.838
Train Loss 0.862
Train Loss 0.831
Train Loss 0.844
Train Loss 0.830
Train Loss 0.862
Train Loss 0.896
Epoch  22 | Time    52 | Train Loss 0.8709 | Test Loss 0.001 | Test Error 23.03
Train Loss 0.098
Train Loss 0.813
Train Loss 0.870
Train Loss 0.858
Train Loss 0.848
Train Loss 0.848
Train Loss 0.785
Train Loss 0.799
Epoch  23 | Time    49 | Train Loss 0.8091 | Test Loss 0.001 | Test Error 21.45
Train Loss 0.083
Train Loss 0.813
Train Loss 0.778
Train Loss 0.822
Train Loss 0.814
Train Loss 0.820
Train Loss 0.815
Train Loss 0.811
Epoch  24 | Time    53 | Train Loss 0.8025 | Test Loss 0.001 | Test Error 21.17
Train Loss 0.098
Train Loss 0.831
Train Loss 0.783
Train Loss 0.787
Train Loss 0.804
Train Loss 0.794
Train Loss 0.802
Train Loss 0.824
Epoch  25 | Time    42 | Train Loss 0.7993 | Test Loss 0.001 | Test Error 21.44
Train Loss 0.074
Train Loss 0.800
Train Loss 0.781
Train Loss 0.793
Train Loss 0.768
Train Loss 0.787
Train Loss 0.789
Train Loss 0.804
Epoch  26 | Time    53 | Train Loss 0.8074 | Test Loss 0.001 | Test Error 20.95
Train Loss 0.081
Train Loss 0.751
Train Loss 0.771
Train Loss 0.781
Train Loss 0.779
Train Loss 0.767
Train Loss 0.810
Train Loss 0.788
Epoch  27 | Time    51 | Train Loss 0.7969 | Test Loss 0.001 | Test Error 21.53
Train Loss 0.073
Train Loss 0.752
Train Loss 0.764
Train Loss 0.796
Train Loss 0.754
Train Loss 0.762
Train Loss 0.805
Train Loss 0.768
Epoch  28 | Time    55 | Train Loss 0.7883 | Test Loss 0.001 | Test Error 20.25
Train Loss 0.085
Train Loss 0.766
Train Loss 0.718
Train Loss 0.735
Train Loss 0.769
Train Loss 0.754
Train Loss 0.742
Train Loss 0.764
Epoch  29 | Time    44 | Train Loss 0.7320 | Test Loss 0.001 | Test Error 20.03
Train Loss 0.073
Train Loss 0.773
Train Loss 0.695
Train Loss 0.709
Train Loss 0.756
Train Loss 0.730
Train Loss 0.752
Train Loss 0.768
Epoch  30 | Time    53 | Train Loss 0.7245 | Test Loss 0.001 | Test Error 20.55
Train Loss 0.072
Train Loss 0.713
Train Loss 0.716
Train Loss 0.736
Train Loss 0.732
Train Loss 0.804
Train Loss 0.746
Train Loss 0.748
Epoch  31 | Time    46 | Train Loss 0.7235 | Test Loss 0.001 | Test Error 19.75
Train Loss 0.067
Train Loss 0.707
Train Loss 0.723
Train Loss 0.730
Train Loss 0.700
Train Loss 0.738
Train Loss 0.705
Train Loss 0.712
Epoch  32 | Time    63 | Train Loss 0.7285 | Test Loss 0.001 | Test Error 19.13
Train Loss 0.073
Train Loss 0.694
Train Loss 0.700
Train Loss 0.743
Train Loss 0.715
Train Loss 0.714
Train Loss 0.731
Train Loss 0.715
Epoch  33 | Time    47 | Train Loss 0.7111 | Test Loss 0.001 | Test Error 20.46
Train Loss 0.066
Train Loss 0.696
Train Loss 0.690
Train Loss 0.667
Train Loss 0.715
Train Loss 0.695
Train Loss 0.738
Train Loss 0.705
Epoch  34 | Time    45 | Train Loss 0.6922 | Test Loss 0.001 | Test Error 19.18
Train Loss 0.075
Train Loss 0.632
Train Loss 0.705
Train Loss 0.670
Train Loss 0.684
Train Loss 0.709
Train Loss 0.700
Train Loss 0.671
Epoch  35 | Time    45 | Train Loss 0.6671 | Test Loss 0.001 | Test Error 18.07
Train Loss 0.060
Train Loss 0.668
Train Loss 0.694
Train Loss 0.687
Train Loss 0.696
Train Loss 0.681
Train Loss 0.658
Train Loss 0.657
Epoch  36 | Time    49 | Train Loss 0.7156 | Test Loss 0.001 | Test Error 17.74
Train Loss 0.067
Train Loss 0.641
Train Loss 0.687
Train Loss 0.659
Train Loss 0.626
Train Loss 0.639
Train Loss 0.712
Train Loss 0.682
Epoch  37 | Time    47 | Train Loss 0.6399 | Test Loss 0.001 | Test Error 18.84
Train Loss 0.069
Train Loss 0.655
Train Loss 0.673
Train Loss 0.671
Train Loss 0.677
Train Loss 0.646
Train Loss 0.682
Train Loss 0.688
Epoch  38 | Time    45 | Train Loss 0.6550 | Test Loss 0.001 | Test Error 18.69
Train Loss 0.055
Train Loss 0.610
Train Loss 1.784
Train Loss 1.564
Train Loss 1.304
Train Loss 1.143
Train Loss 1.031
Train Loss 1.039
Epoch  39 | Time    54 | Train Loss 0.9324 | Test Loss 0.001 | Test Error 24.43
Train Loss 0.091
Train Loss 0.857
Train Loss 0.844
Train Loss 0.851
Train Loss 0.793
Train Loss 0.790
Train Loss 0.758
Train Loss 0.783
Epoch  40 | Time    49 | Train Loss 0.7298 | Test Loss 0.001 | Test Error 19.44
Train Loss 0.069
Train Loss 0.722
Train Loss 0.722
Train Loss 0.708
Train Loss 0.692
Train Loss 0.739
Train Loss 0.696
Train Loss 0.665
Epoch  41 | Time    53 | Train Loss 0.7019 | Test Loss 0.001 | Test Error 18.30
Train Loss 0.066
Train Loss 0.665
Train Loss 0.674
Train Loss 0.684
Train Loss 0.685
Train Loss 0.653
Train Loss 0.667
Train Loss 0.645
Epoch  42 | Time    51 | Train Loss 0.6502 | Test Loss 0.001 | Test Error 17.18
Train Loss 0.044
Train Loss 0.643
Train Loss 0.612
Train Loss 0.651
Train Loss 0.662
Train Loss 0.678
Train Loss 0.663
Train Loss 0.666
Epoch  43 | Time    46 | Train Loss 0.6469 | Test Loss 0.001 | Test Error 17.74
Train Loss 0.052
Train Loss 0.620
Train Loss 0.639
Train Loss 0.606
Train Loss 0.619
Train Loss 0.649
Train Loss 0.660
Train Loss 0.603
Epoch  44 | Time    52 | Train Loss 0.6180 | Test Loss 0.001 | Test Error 16.90
Train Loss 0.067
Train Loss 0.596
Train Loss 0.641
Train Loss 0.614
Train Loss 0.664
Train Loss 0.597
Train Loss 0.611
Train Loss 0.601
Epoch  45 | Time    57 | Train Loss 0.6249 | Test Loss 0.001 | Test Error 17.35
Train Loss 0.072
Train Loss 0.613
Train Loss 0.615
Train Loss 0.625
Train Loss 0.620
Train Loss 0.601
Train Loss 0.596
Train Loss 0.616
Epoch  46 | Time    48 | Train Loss 0.6203 | Test Loss 0.001 | Test Error 16.96
Train Loss 0.054
Train Loss 0.605
Train Loss 0.576
Train Loss 0.585
Train Loss 0.603
Train Loss 0.555
Train Loss 0.593
Train Loss 0.610
Epoch  47 | Time    50 | Train Loss 0.6109 | Test Loss 0.001 | Test Error 16.66
Train Loss 0.053
Train Loss 0.585
Train Loss 0.587
Train Loss 0.616
Train Loss 0.562
Train Loss 0.600
Train Loss 0.619
Train Loss 0.607
Epoch  48 | Time    43 | Train Loss 0.5751 | Test Loss 0.000 | Test Error 16.67
Train Loss 0.058
Train Loss 0.643
Train Loss 0.600
Train Loss 0.592
Train Loss 0.563
Train Loss 0.559
Train Loss 0.594
Train Loss 0.570
Epoch  49 | Time    42 | Train Loss 0.6077 | Test Loss 0.001 | Test Error 17.11
Train Loss 0.049
Train Loss 0.585
Train Loss 0.593
Train Loss 0.569
Train Loss 0.546
Train Loss 0.580
Train Loss 0.574
Train Loss 0.580
Epoch  50 | Time    53 | Train Loss 0.6002 | Test Loss 0.000 | Test Error 16.39
Train Loss 0.059
Train Loss 0.570
Train Loss 0.581
Train Loss 0.554
Train Loss 0.559
Train Loss 0.568
Train Loss 0.564
Train Loss 0.559
Epoch  51 | Time    59 | Train Loss 0.6052 | Test Loss 0.000 | Test Error 16.59
Train Loss 0.050
Train Loss 0.551
Train Loss 0.578
Train Loss 0.585
Train Loss 0.576
Train Loss 0.564
Train Loss 0.590
Train Loss 0.585
Epoch  52 | Time    56 | Train Loss 0.5727 | Test Loss 0.000 | Test Error 16.08
Train Loss 0.046
Train Loss 0.559
Train Loss 0.564
Train Loss 0.557
Train Loss 0.574
Train Loss 0.553
Train Loss 0.560
Train Loss 0.545
Epoch  53 | Time    49 | Train Loss 0.5600 | Test Loss 0.000 | Test Error 16.18
Train Loss 0.035
Train Loss 0.548
Train Loss 0.537
Train Loss 0.577
Train Loss 0.566
Train Loss 0.555
Train Loss 0.594
Train Loss 0.558
Epoch  54 | Time    57 | Train Loss 0.5263 | Test Loss 0.000 | Test Error 16.31
Train Loss 0.050
Train Loss 0.506
Train Loss 0.512
Train Loss 0.568
Train Loss 0.537
Train Loss 0.563
Train Loss 0.569
Train Loss 0.564
Epoch  55 | Time    50 | Train Loss 0.5512 | Test Loss 0.000 | Test Error 16.05
Train Loss 0.057
Train Loss 0.524
Train Loss 0.510
Train Loss 0.572
Train Loss 0.541
Train Loss 0.566
Train Loss 0.524
Train Loss 0.541
Epoch  56 | Time    46 | Train Loss 0.5136 | Test Loss 0.000 | Test Error 16.60
Train Loss 0.050
Train Loss 0.501
Train Loss 0.517
Train Loss 0.526
Train Loss 0.534
Train Loss 0.515
Train Loss 0.582
Train Loss 0.527
Epoch  57 | Time    45 | Train Loss 0.5483 | Test Loss 0.000 | Test Error 15.54
Train Loss 0.049
Train Loss 0.496
Train Loss 0.506
Train Loss 0.506
Train Loss 0.507
Train Loss 0.534
Train Loss 0.521
Train Loss 0.548
Epoch  58 | Time    50 | Train Loss 0.5431 | Test Loss 0.000 | Test Error 15.98
Train Loss 0.050
Train Loss 0.542
Train Loss 0.482
Train Loss 0.504
Train Loss 0.524
Train Loss 0.524
Train Loss 0.526
Train Loss 0.536
Epoch  59 | Time    55 | Train Loss 0.5312 | Test Loss 0.000 | Test Error 15.82
Train Loss 0.055
Train Loss 0.475
Train Loss 0.511
Train Loss 0.501
Train Loss 0.529
Train Loss 0.495
Train Loss 0.522
Train Loss 0.501
Epoch  60 | Time    46 | Train Loss 0.5349 | Test Loss 0.000 | Test Error 15.75
Train Loss 0.057
Train Loss 0.492
Train Loss 0.497
Train Loss 0.504
Train Loss 0.501
Train Loss 0.502
Train Loss 0.476
Train Loss 0.495
Epoch  61 | Time    45 | Train Loss 0.5172 | Test Loss 0.000 | Test Error 15.89
Train Loss 0.057
Train Loss 0.494
Train Loss 0.490
Train Loss 0.520
Train Loss 0.515
Train Loss 0.473
Train Loss 0.508
Train Loss 0.495
Epoch  62 | Time    57 | Train Loss 0.5183 | Test Loss 0.000 | Test Error 15.73
Train Loss 0.062
Train Loss 0.492
Train Loss 0.477
Train Loss 0.471
Train Loss 0.516
Train Loss 0.493
Train Loss 0.467
Train Loss 0.508
Epoch  63 | Time    55 | Train Loss 0.4780 | Test Loss 0.000 | Test Error 15.37
Train Loss 0.050
Train Loss 0.489
Train Loss 0.495
Train Loss 0.470
Train Loss 0.476
Train Loss 0.483
Train Loss 0.451
Train Loss 0.516
Epoch  64 | Time    46 | Train Loss 0.4534 | Test Loss 0.000 | Test Error 15.35
Train Loss 0.039
Train Loss 0.493
Train Loss 0.498
Train Loss 0.458
Train Loss 0.487
Train Loss 0.469
Train Loss 0.448
Train Loss 0.470
Epoch  65 | Time    50 | Train Loss 0.4560 | Test Loss 0.000 | Test Error 15.04
Train Loss 0.041
Train Loss 0.480
Train Loss 0.461
Train Loss 0.479
Train Loss 0.466
Train Loss 0.483
Train Loss 0.482
Train Loss 0.477
Epoch  66 | Time    57 | Train Loss 0.4842 | Test Loss 0.000 | Test Error 15.23
Train Loss 0.048
Train Loss 0.470
Train Loss 0.457
Train Loss 0.443
Train Loss 0.465
Train Loss 0.478
Train Loss 0.467
Train Loss 0.466
Epoch  67 | Time    47 | Train Loss 0.4573 | Test Loss 0.000 | Test Error 15.28
Train Loss 0.030
Train Loss 0.447
Train Loss 0.455
Train Loss 0.451
Train Loss 0.440
Train Loss 0.434
Train Loss 0.450
Train Loss 0.462
Epoch  68 | Time    49 | Train Loss 0.4664 | Test Loss 0.000 | Test Error 15.00
Train Loss 0.047
Train Loss 0.440
Train Loss 0.446
Train Loss 0.445
Train Loss 0.420
Train Loss 0.430
Train Loss 0.434
Train Loss 0.423
Epoch  69 | Time    55 | Train Loss 0.4631 | Test Loss 0.000 | Test Error 15.06
Train Loss 0.045
Train Loss 0.448
Train Loss 0.472
Train Loss 0.438
Train Loss 0.444
Train Loss 0.436
Train Loss 0.457
Train Loss 0.462
Epoch  70 | Time    52 | Train Loss 0.4778 | Test Loss 0.000 | Test Error 15.35
Train Loss 0.058
Train Loss 0.443
Train Loss 0.439
Train Loss 0.443
Train Loss 0.450
Train Loss 0.453
Train Loss 0.454
Train Loss 0.424
Epoch  71 | Time    53 | Train Loss 0.4415 | Test Loss 0.000 | Test Error 15.01
Train Loss 0.050
Train Loss 0.448
Train Loss 0.404
Train Loss 0.427
Train Loss 0.437
Train Loss 0.428
Train Loss 0.398
Train Loss 0.437
Epoch  72 | Time    42 | Train Loss 0.4185 | Test Loss 0.000 | Test Error 15.26
Train Loss 0.036
Train Loss 0.401
Train Loss 0.440
Train Loss 0.435
Train Loss 0.438
Train Loss 0.419
Train Loss 0.408
Train Loss 0.415
Epoch  73 | Time    51 | Train Loss 0.4257 | Test Loss 0.000 | Test Error 14.94
Train Loss 0.036
Train Loss 0.443
Train Loss 0.432
Train Loss 0.432
Train Loss 0.437
Train Loss 0.432
Train Loss 0.407
Train Loss 0.408
Epoch  74 | Time    48 | Train Loss 0.4482 | Test Loss 0.000 | Test Error 14.83
Train Loss 0.042
Train Loss 0.379
Train Loss 0.422
Train Loss 0.406
Train Loss 0.389
Train Loss 0.406
Train Loss 0.421
Train Loss 0.425
Epoch  75 | Time    52 | Train Loss 0.4267 | Test Loss 0.000 | Test Error 14.96
Train Loss 0.028
Train Loss 0.428
Train Loss 0.409
Train Loss 0.440
Train Loss 0.465
Train Loss 0.423
Train Loss 0.383
Train Loss 0.429
Epoch  76 | Time    49 | Train Loss 0.4041 | Test Loss 0.000 | Test Error 14.72
Train Loss 0.043
Train Loss 0.388
Train Loss 0.388
Train Loss 0.393
Train Loss 0.435
Train Loss 0.393
Train Loss 0.429
Train Loss 0.403
Epoch  77 | Time    45 | Train Loss 0.3907 | Test Loss 0.000 | Test Error 14.79
Train Loss 0.038
Train Loss 0.399
Train Loss 0.415
Train Loss 0.386
Train Loss 0.419
Train Loss 0.381
Train Loss 0.397
Train Loss 0.391
Epoch  78 | Time    46 | Train Loss 0.3774 | Test Loss 0.000 | Test Error 14.42
Train Loss 0.037
Train Loss 0.386
Train Loss 0.407
Train Loss 0.426
Train Loss 0.388
Train Loss 0.411
Train Loss 0.387
Train Loss 0.379
Epoch  79 | Time    48 | Train Loss 0.4075 | Test Loss 0.000 | Test Error 14.70
Train Loss 0.041
Train Loss 0.424
Train Loss 0.397
Train Loss 0.379
Train Loss 0.400
Train Loss 0.387
Train Loss 0.400
Train Loss 0.384
Epoch  80 | Time    44 | Train Loss 0.4485 | Test Loss 0.000 | Test Error 14.53
Train Loss 0.048
Train Loss 0.378
Train Loss 0.393
Train Loss 0.367
Train Loss 0.384
Train Loss 0.396
Train Loss 0.380
Train Loss 0.383
Epoch  81 | Time    48 | Train Loss 0.3625 | Test Loss 0.000 | Test Error 14.33
Train Loss 0.033
Train Loss 0.378
Train Loss 0.363
Train Loss 0.383
Train Loss 0.360
Train Loss 0.383
Train Loss 0.392
Train Loss 0.412
Epoch  82 | Time    57 | Train Loss 0.3875 | Test Loss 0.000 | Test Error 14.47
Train Loss 0.038
Train Loss 0.374
Train Loss 0.396
Train Loss 0.423
Train Loss 0.369
Train Loss 0.403
Train Loss 0.388
Train Loss 0.360
Epoch  83 | Time    47 | Train Loss 0.3759 | Test Loss 0.000 | Test Error 14.72
Train Loss 0.040
Train Loss 0.384
Train Loss 0.347
Train Loss 0.370
Train Loss 0.385
Train Loss 0.386
Train Loss 0.400
Train Loss 0.398
Epoch  84 | Time    64 | Train Loss 0.3802 | Test Loss 0.000 | Test Error 14.64
Train Loss 0.039
Train Loss 0.373
Train Loss 0.367
Train Loss 0.391
Train Loss 0.368
Train Loss 0.365
Train Loss 0.392
Train Loss 0.362
Epoch  85 | Time    44 | Train Loss 0.3623 | Test Loss 0.000 | Test Error 14.50
Train Loss 0.044
Train Loss 0.347
Train Loss 0.374
Train Loss 0.362
Train Loss 0.372
Train Loss 0.380
Train Loss 0.367
Train Loss 0.401
Epoch  86 | Time    47 | Train Loss 0.3624 | Test Loss 0.000 | Test Error 14.49
Train Loss 0.043
Train Loss 0.352
Train Loss 0.389
Train Loss 0.383
Train Loss 0.360
Train Loss 0.368
Train Loss 0.377
Train Loss 0.400
Epoch  87 | Time    49 | Train Loss 0.3664 | Test Loss 0.000 | Test Error 14.64
Train Loss 0.044
Train Loss 0.351
Train Loss 0.352
Train Loss 0.339
Train Loss 0.345
Train Loss 0.405
Train Loss 0.342
Train Loss 0.382
Epoch  88 | Time    48 | Train Loss 0.3810 | Test Loss 0.000 | Test Error 14.35
Train Loss 0.037
Train Loss 0.368
Train Loss 0.351
Train Loss 0.346
Train Loss 0.363
Train Loss 0.381
Train Loss 0.359
Train Loss 0.375
Epoch  89 | Time    48 | Train Loss 0.3273 | Test Loss 0.000 | Test Error 14.35
Train Loss 0.034
Train Loss 0.330
Train Loss 0.390
Train Loss 0.362
Train Loss 0.369
Train Loss 0.380
Train Loss 0.362
Train Loss 0.353
Epoch  90 | Time    52 | Train Loss 0.3505 | Test Loss 0.000 | Test Error 14.31
Train Loss 0.049
Train Loss 0.361
Train Loss 0.382
Train Loss 0.357
Train Loss 0.378
Train Loss 0.406
Train Loss 0.363
Train Loss 0.368
Epoch  91 | Time    48 | Train Loss 0.3853 | Test Loss 0.000 | Test Error 14.29
Train Loss 0.030
Train Loss 0.384
Train Loss 0.362
Train Loss 0.359
Train Loss 0.389
Train Loss 0.365
Train Loss 0.364
Train Loss 0.361
Epoch  92 | Time    49 | Train Loss 0.3222 | Test Loss 0.000 | Test Error 14.45
Train Loss 0.029
Train Loss 0.365
Train Loss 0.316
Train Loss 0.353
Train Loss 0.380
Train Loss 0.366
Train Loss 0.353
Train Loss 0.359
Epoch  93 | Time    45 | Train Loss 0.3418 | Test Loss 0.000 | Test Error 14.41
Train Loss 0.032
Train Loss 0.346
Train Loss 0.345
Train Loss 0.353
Train Loss 0.384
Train Loss 0.358
Train Loss 0.352
Train Loss 0.373
Epoch  94 | Time    50 | Train Loss 0.3257 | Test Loss 0.000 | Test Error 14.35
Train Loss 0.032
Train Loss 0.323
Train Loss 0.378
Train Loss 0.364
Train Loss 0.369
Train Loss 0.349
Train Loss 0.355
Train Loss 0.358
Epoch  95 | Time    48 | Train Loss 0.3773 | Test Loss 0.000 | Test Error 14.30
Train Loss 0.039
Train Loss 0.327
Train Loss 0.362
Train Loss 0.363
Train Loss 0.345
Train Loss 0.370
Train Loss 0.338
Train Loss 0.363
Epoch  96 | Time    55 | Train Loss 0.3578 | Test Loss 0.000 | Test Error 14.20
Train Loss 0.030
Train Loss 0.363
Train Loss 0.346
Train Loss 0.368
Train Loss 0.387
Train Loss 0.356
Train Loss 0.328
Train Loss 0.356
Epoch  97 | Time    48 | Train Loss 0.3534 | Test Loss 0.000 | Test Error 14.39
Train Loss 0.037
Train Loss 0.370
Train Loss 0.366
Train Loss 0.335
Train Loss 0.349
Train Loss 0.332
Train Loss 0.359
Train Loss 0.335
Epoch  98 | Time    46 | Train Loss 0.3279 | Test Loss 0.000 | Test Error 14.36
Train Loss 0.047
Train Loss 0.354
Train Loss 0.345
Train Loss 0.367
Train Loss 0.362
Train Loss 0.372
Train Loss 0.336
Train Loss 0.334
Epoch  99 | Time    53 | Train Loss 0.3479 | Test Loss 0.000 | Test Error 14.35
Train Loss 0.044
Train Loss 0.349
Train Loss 0.389
Train Loss 0.354
Train Loss 0.379
Train Loss 0.360
Train Loss 0.341
Train Loss 0.345
Epoch 100 | Time    48 | Train Loss 0.3455 | Test Loss 0.000 | Test Error 14.35
(50000, 32, 32, 3)
gaussian_noise
	Test Loss 0.001 | Test Error 19.542
(50000, 32, 32, 3)
shot_noise
	Test Loss 0.001 | Test Error 17.838
(50000, 32, 32, 3)
impulse_noise
	Test Loss 0.001 | Test Error 24.028
(50000, 32, 32, 3)
defocus_blur
	Test Loss 0.000 | Test Error 15.760
(50000, 32, 32, 3)
glass_blur
	Test Loss 0.001 | Test Error 20.360
(50000, 32, 32, 3)
motion_blur
	Test Loss 0.001 | Test Error 18.524
(50000, 32, 32, 3)
zoom_blur
	Test Loss 0.001 | Test Error 16.918
(50000, 32, 32, 3)
snow
	Test Loss 0.001 | Test Error 20.494
(50000, 32, 32, 3)
frost
	Test Loss 0.001 | Test Error 20.094
(50000, 32, 32, 3)
fog
	Test Loss 0.001 | Test Error 23.570
(50000, 32, 32, 3)
brightness
	Test Loss 0.001 | Test Error 16.344
(50000, 32, 32, 3)
contrast
	Test Loss 0.001 | Test Error 29.070
(50000, 32, 32, 3)
elastic_transform
	Test Loss 0.001 | Test Error 18.340
(50000, 32, 32, 3)
pixelate
	Test Loss 0.000 | Test Error 15.418
(50000, 32, 32, 3)
jpeg_compression
	Test Loss 0.001 | Test Error 16.640
Mean Corruption Error: 19.529

brightness Flipping Prob
0.011269999999999804
Top5 Distance	0.24697
Zipf Distance	0.01532

gaussian_blur Flipping Prob
0.003120000000000028
Top5 Distance	0.07495
Zipf Distance	0.00442

gaussian_noise Flipping Prob
0.025636666666666648
Top5 Distance	0.60042
Zipf Distance	0.03599

motion_blur Flipping Prob
0.03434500000000007
Top5 Distance	0.70063
Zipf Distance	0.04567

rotate Flipping Prob
0.029323333333333475
Top5 Distance	0.65711
Zipf Distance	0.04047

scale Flipping Prob
0.04674000000000198
Top5 Distance	0.83704
Zipf Distance	0.05898

shot_noise Flipping Prob
0.030503333333333365
Top5 Distance	0.74453
Zipf Distance	0.04377

snow Flipping Prob
0.015169999999999902
Top5 Distance	0.30134
Zipf Distance	0.01979

spatter Flipping Prob
0.025050000000000006
Top5 Distance	0.49362
Zipf Distance	0.03349

speckle_noise Flipping Prob
0.029510000000000047
Top5 Distance	0.71039
Zipf Distance	0.04199

tilt Flipping Prob
0.010103333333333278
Top5 Distance	0.24421
Zipf Distance	0.01435

translate Flipping Prob
0.0667933333333339
Top5 Distance	1.43035
Zipf Distance	0.09132

zoom_blur Flipping Prob
0.003010000000000022
Top5 Distance	0.07185
Zipf Distance	0.00422
flip_list [0.011269999999999804, 0.003120000000000028, 0.025636666666666648, 0.03434500000000007, 0.029323333333333475, 0.04674000000000198, 0.030503333333333365, 0.015169999999999902, 0.025050000000000006, 0.029510000000000047, 0.010103333333333278, 0.0667933333333339, 0.003010000000000022]

Mean Flipping Prob	0.02543
