Files already downloaded and verified
Files already downloaded and verified
Beginning training from epoch: 1
Train Loss 0.249
Train Loss 2.113
Train Loss 2.016
Train Loss 1.957
Train Loss 1.867
Train Loss 1.873
Train Loss 1.800
Train Loss 1.778
Epoch   1 | Time    55 | Train Loss 1.7239 | Test Loss 0.001 | Test Error 53.34
Train Loss 0.249
Train Loss 2.113
Train Loss 2.016
Train Loss 1.957
Train Loss 1.867
Train Loss 1.873
Train Loss 1.800
Train Loss 1.778
Epoch   1 | Time    38 | Train Loss 1.7239 | Test Loss 0.001 | Test Error 53.34
Train Loss 0.174
Train Loss 1.710
Train Loss 1.675
Train Loss 1.683
Train Loss 1.641
Train Loss 1.637
Train Loss 1.616
Train Loss 1.602
Train Loss 0.174
Train Loss 1.710
Train Loss 1.675
Train Loss 1.683
Train Loss 1.641
Train Loss 1.637
Train Loss 1.616
Train Loss 1.602
Epoch   2 | Time    50 | Train Loss 1.5584 | Test Loss 0.001 | Test Error 48.67
Epoch   2 | Time    36 | Train Loss 1.5584 | Test Loss 0.001 | Test Error 48.67
Train Loss 0.168
Train Loss 1.559
Train Loss 1.559
Train Loss 1.542
Train Loss 1.528
Train Loss 1.526
Train Loss 1.510
Train Loss 1.484
Epoch   3 | Time    36 | Train Loss 1.5089 | Test Loss 0.001 | Test Error 46.72
Train Loss 0.168
Train Loss 1.559
Train Loss 1.559
Train Loss 1.542
Train Loss 1.528
Train Loss 1.526
Train Loss 1.510
Train Loss 1.484
Epoch   3 | Time    50 | Train Loss 1.5089 | Test Loss 0.001 | Test Error 46.72
Train Loss 0.139
Train Loss 1.467
Train Loss 1.461
Train Loss 1.445
Train Loss 1.429
Train Loss 1.434
Train Loss 1.435
Train Loss 1.446
Epoch   4 | Time    38 | Train Loss 1.4218 | Test Loss 0.001 | Test Error 41.81
Train Loss 0.139
Train Loss 1.467
Train Loss 1.461
Train Loss 1.445
Train Loss 1.429
Train Loss 1.434
Train Loss 1.435
Train Loss 1.446
Epoch   4 | Time    55 | Train Loss 1.4218 | Test Loss 0.001 | Test Error 41.81
Train Loss 0.131
Train Loss 1.425
Train Loss 1.412
Train Loss 1.373
Train Loss 1.404
Train Loss 1.368
Train Loss 1.363
Train Loss 1.366
Epoch   5 | Time    36 | Train Loss 1.3463 | Test Loss 0.001 | Test Error 40.68
Train Loss 0.131
Train Loss 1.277
Train Loss 1.313
Train Loss 1.290
Train Loss 1.310
Train Loss 1.354
Train Loss 1.280
Train Loss 1.281
Epoch   6 | Time    36 | Train Loss 1.2832 | Test Loss 0.001 | Test Error 37.47
Train Loss 0.131
Train Loss 1.425
Train Loss 1.412
Train Loss 1.373
Train Loss 1.404
Train Loss 1.368
Train Loss 1.363
Train Loss 1.366
Epoch   5 | Time    55 | Train Loss 1.3463 | Test Loss 0.001 | Test Error 40.67
Train Loss 0.142
Train Loss 1.279
Train Loss 1.266
Train Loss 1.243
Train Loss 1.290
Train Loss 1.206
Train Loss 1.245
Train Loss 1.245
Epoch   7 | Time    36 | Train Loss 1.2544 | Test Loss 0.001 | Test Error 36.95
Train Loss 0.131
Train Loss 1.277
Train Loss 1.313
Train Loss 1.290
Train Loss 1.310
Train Loss 1.354
Train Loss 1.280
Train Loss 1.281
Epoch   6 | Time    55 | Train Loss 1.2831 | Test Loss 0.001 | Test Error 37.45
Train Loss 0.124
Train Loss 1.210
Train Loss 1.204
Train Loss 1.233
Train Loss 1.200
Train Loss 1.214
Train Loss 1.187
Train Loss 1.200
Epoch   8 | Time    36 | Train Loss 1.1758 | Test Loss 0.001 | Test Error 34.22
Train Loss 0.117
Train Loss 1.168
Train Loss 1.154
Train Loss 1.134
Train Loss 1.189
Train Loss 1.186
Train Loss 1.177
Train Loss 1.135
Epoch   9 | Time    36 | Train Loss 1.1516 | Test Loss 0.001 | Test Error 33.99
Train Loss 0.142
Train Loss 1.279
Train Loss 1.266
Train Loss 1.243
Train Loss 1.290
Train Loss 1.206
Train Loss 1.245
Train Loss 1.245
Epoch   7 | Time    55 | Train Loss 1.2546 | Test Loss 0.001 | Test Error 36.96
Train Loss 0.118
Train Loss 1.104
Train Loss 1.103
Train Loss 1.103
Train Loss 1.088
Train Loss 1.094
Train Loss 1.138
Train Loss 1.150
Epoch  10 | Time    36 | Train Loss 1.1103 | Test Loss 0.001 | Test Error 30.90
Train Loss 0.124
Train Loss 1.210
Train Loss 1.204
Train Loss 1.233
Train Loss 1.200
Train Loss 1.214
Train Loss 1.187
Train Loss 1.200
Epoch   8 | Time    51 | Train Loss 1.1757 | Test Loss 0.001 | Test Error 34.25
Train Loss 0.102
Train Loss 1.102
Train Loss 1.064
Train Loss 1.073
Train Loss 1.116
Train Loss 1.072
Train Loss 1.059
Train Loss 1.105
Epoch  11 | Time    36 | Train Loss 1.0742 | Test Loss 0.001 | Test Error 31.91
Train Loss 0.097
Train Loss 1.022
Train Loss 1.054
Train Loss 1.040
Train Loss 1.037
Train Loss 1.027
Train Loss 1.037
Train Loss 1.068
Epoch  12 | Time    36 | Train Loss 1.0695 | Test Loss 0.001 | Test Error 30.16
Train Loss 0.117
Train Loss 1.168
Train Loss 1.154
Train Loss 1.134
Train Loss 1.188
Train Loss 1.186
Train Loss 1.177
Train Loss 1.135
Epoch   9 | Time    46 | Train Loss 1.1515 | Test Loss 0.001 | Test Error 34.00
Train Loss 0.109
Train Loss 1.017
Train Loss 1.004
Train Loss 1.026
Train Loss 0.995
Train Loss 1.036
Train Loss 1.011
Train Loss 0.969
Epoch  13 | Time    36 | Train Loss 1.0344 | Test Loss 0.001 | Test Error 28.95
Train Loss 0.118
Train Loss 1.104
Train Loss 1.103
Train Loss 1.103
Train Loss 1.088
Train Loss 1.094
Train Loss 1.138
Train Loss 1.149
Epoch  10 | Time    52 | Train Loss 1.1105 | Test Loss 0.001 | Test Error 30.96
Train Loss 0.114
Train Loss 0.937
Train Loss 0.971
Train Loss 0.973
Train Loss 1.007
Train Loss 0.957
Train Loss 0.991
Train Loss 0.989
Epoch  14 | Time    36 | Train Loss 0.9707 | Test Loss 0.001 | Test Error 29.59
Train Loss 0.102
Train Loss 1.102
Train Loss 1.064
Train Loss 1.073
Train Loss 1.116
Train Loss 1.072
Train Loss 1.060
Train Loss 1.105
Train Loss 0.110
Train Loss 0.960
Train Loss 0.937
Train Loss 0.918
Train Loss 0.954
Train Loss 0.954
Train Loss 0.928
Train Loss 0.946
Epoch  11 | Time    54 | Train Loss 1.0744 | Test Loss 0.001 | Test Error 31.91
Epoch  15 | Time    36 | Train Loss 0.9230 | Test Loss 0.001 | Test Error 27.92
Train Loss 0.084
Train Loss 0.906
Train Loss 0.915
Train Loss 0.896
Train Loss 0.898
Train Loss 0.913
Train Loss 0.910
Train Loss 0.898
Epoch  16 | Time    36 | Train Loss 0.9110 | Test Loss 0.001 | Test Error 27.95
Train Loss 0.097
Train Loss 1.022
Train Loss 1.054
Train Loss 1.040
Train Loss 1.037
Train Loss 1.027
Train Loss 1.036
Train Loss 1.069
Epoch  12 | Time    54 | Train Loss 1.0693 | Test Loss 0.001 | Test Error 30.17
Train Loss 0.083
Train Loss 0.885
Train Loss 0.821
Train Loss 0.881
Train Loss 0.864
Train Loss 0.938
Train Loss 0.898
Train Loss 0.855
Epoch  17 | Time    36 | Train Loss 0.9110 | Test Loss 0.001 | Test Error 26.91
Train Loss 0.109
Train Loss 1.017
Train Loss 1.004
Train Loss 1.026
Train Loss 0.995
Train Loss 1.036
Train Loss 1.011
Train Loss 0.969
Train Loss 0.082
Train Loss 0.850
Train Loss 0.859
Train Loss 0.850
Train Loss 0.834
Train Loss 0.882
Train Loss 0.860
Train Loss 0.847
Epoch  13 | Time    55 | Train Loss 1.0342 | Test Loss 0.001 | Test Error 28.96
Epoch  18 | Time    36 | Train Loss 0.8184 | Test Loss 0.001 | Test Error 25.60
Train Loss 0.080
Train Loss 0.799
Train Loss 0.805
Train Loss 0.821
Train Loss 0.813
Train Loss 0.840
Train Loss 0.834
Train Loss 0.805
Epoch  19 | Time    36 | Train Loss 0.8379 | Test Loss 0.001 | Test Error 25.23
Train Loss 0.114
Train Loss 0.937
Train Loss 0.971
Train Loss 0.973
Train Loss 1.006
Train Loss 0.956
Train Loss 0.992
Train Loss 0.990
Epoch  14 | Time    54 | Train Loss 0.9718 | Test Loss 0.001 | Test Error 29.68
Train Loss 0.080
Train Loss 0.778
Train Loss 0.775
Train Loss 0.822
Train Loss 0.786
Train Loss 0.777
Train Loss 0.823
Train Loss 0.785
Epoch  20 | Time    36 | Train Loss 0.8283 | Test Loss 0.001 | Test Error 24.88
Train Loss 0.110
Train Loss 0.961
Train Loss 0.938
Train Loss 0.916
Train Loss 0.953
Train Loss 0.954
Train Loss 0.929
Train Loss 0.946
Epoch  15 | Time    52 | Train Loss 0.9226 | Test Loss 0.001 | Test Error 27.96
Train Loss 0.073
Train Loss 0.738
Train Loss 0.784
Train Loss 0.750
Train Loss 0.757
Train Loss 0.794
Train Loss 0.755
Train Loss 0.789
Epoch  21 | Time    36 | Train Loss 0.7682 | Test Loss 0.001 | Test Error 25.06
Train Loss 0.072
Train Loss 0.725
Train Loss 0.753
Train Loss 0.733
Train Loss 0.748
Train Loss 0.712
Train Loss 0.748
Train Loss 0.760
Epoch  22 | Time    36 | Train Loss 0.7316 | Test Loss 0.001 | Test Error 24.29
Train Loss 0.085
Train Loss 0.906
Train Loss 0.914
Train Loss 0.896
Train Loss 0.897
Train Loss 0.911
Train Loss 0.912
Train Loss 0.900
Epoch  16 | Time    55 | Train Loss 0.9111 | Test Loss 0.001 | Test Error 27.92
Train Loss 0.070
Train Loss 0.692
Train Loss 0.739
Train Loss 0.732
Train Loss 0.705
Train Loss 0.723
Train Loss 0.660
Train Loss 0.700
Epoch  23 | Time    36 | Train Loss 0.6801 | Test Loss 0.001 | Test Error 23.13
Train Loss 0.084
Train Loss 0.885
Train Loss 0.821
Train Loss 0.881
Train Loss 0.864
Train Loss 0.936
Train Loss 0.899
Train Loss 0.855
Epoch  17 | Time    53 | Train Loss 0.9097 | Test Loss 0.001 | Test Error 26.70
Train Loss 0.064
Train Loss 0.669
Train Loss 0.635
Train Loss 0.682
Train Loss 0.685
Train Loss 0.671
Train Loss 0.687
Train Loss 0.683
Epoch  24 | Time    36 | Train Loss 0.6992 | Test Loss 0.001 | Test Error 22.72
Train Loss 0.072
Train Loss 0.645
Train Loss 0.647
Train Loss 0.640
Train Loss 0.654
Train Loss 0.682
Train Loss 0.677
Train Loss 0.672
Epoch  25 | Time    36 | Train Loss 0.6592 | Test Loss 0.001 | Test Error 23.52
Train Loss 0.082
Train Loss 0.851
Train Loss 0.857
Train Loss 0.847
Train Loss 0.834
Train Loss 0.885
Train Loss 0.860
Train Loss 0.845
Epoch  18 | Time    55 | Train Loss 0.8211 | Test Loss 0.001 | Test Error 25.73
Train Loss 0.055
Train Loss 0.642
Train Loss 0.629
Train Loss 0.616
Train Loss 0.626
Train Loss 0.621
Train Loss 0.633
Train Loss 0.639
Epoch  26 | Time    36 | Train Loss 0.6601 | Test Loss 0.001 | Test Error 22.88
Train Loss 0.081
Train Loss 0.802
Train Loss 0.802
Train Loss 0.818
Train Loss 0.805
Train Loss 0.843
Train Loss 0.829
Train Loss 0.810
Epoch  19 | Time    54 | Train Loss 0.8377 | Test Loss 0.001 | Test Error 25.10
Train Loss 0.062
Train Loss 0.591
Train Loss 0.566
Train Loss 0.616
Train Loss 0.630
Train Loss 0.603
Train Loss 0.655
Train Loss 0.641
Epoch  27 | Time    36 | Train Loss 0.6250 | Test Loss 0.001 | Test Error 23.19
Train Loss 0.066
Train Loss 0.564
Train Loss 0.588
Train Loss 0.609
Train Loss 0.585
Train Loss 0.590
Train Loss 0.603
Train Loss 0.582
Epoch  28 | Time    36 | Train Loss 0.6077 | Test Loss 0.001 | Test Error 23.40
Train Loss 0.080
Train Loss 0.780
Train Loss 0.783
Train Loss 0.828
Train Loss 0.785
Train Loss 0.778
Train Loss 0.820
Train Loss 0.782
Epoch  20 | Time    50 | Train Loss 0.8329 | Test Loss 0.001 | Test Error 24.76
Train Loss 0.071
Train Loss 0.574
Train Loss 0.538
Train Loss 0.549
Train Loss 0.565
Train Loss 0.560
Train Loss 0.564
Train Loss 0.593
Epoch  29 | Time    36 | Train Loss 0.5320 | Test Loss 0.001 | Test Error 22.99
Train Loss 0.072
Train Loss 0.737
Train Loss 0.776
Train Loss 0.742
Train Loss 0.766
Train Loss 0.779
Train Loss 0.758
Train Loss 0.792
Epoch  21 | Time    54 | Train Loss 0.7776 | Test Loss 0.001 | Test Error 24.92
Train Loss 0.055
Train Loss 0.562
Train Loss 0.486
Train Loss 0.517
Train Loss 0.558
Train Loss 0.529
Train Loss 0.532
Train Loss 0.564
Epoch  30 | Time    36 | Train Loss 0.5454 | Test Loss 0.001 | Test Error 23.18
Train Loss 0.054
Train Loss 0.540
Train Loss 0.524
Train Loss 0.533
Train Loss 0.504
Train Loss 0.587
Train Loss 0.519
Train Loss 0.539
Epoch  31 | Time    36 | Train Loss 0.5327 | Test Loss 0.001 | Test Error 22.89
Train Loss 0.073
Train Loss 0.728
Train Loss 0.754
Train Loss 0.735
Train Loss 0.737
Train Loss 0.711
Train Loss 0.744
Train Loss 0.757
Epoch  22 | Time    55 | Train Loss 0.7230 | Test Loss 0.001 | Test Error 24.09
Train Loss 0.046
Train Loss 0.494
Train Loss 0.513
Train Loss 0.479
Train Loss 0.493
Train Loss 0.489
Train Loss 0.519
Train Loss 0.516
Epoch  32 | Time    36 | Train Loss 0.4956 | Test Loss 0.001 | Test Error 22.67
Train Loss 0.074
Train Loss 0.682
Train Loss 0.743
Train Loss 0.744
Train Loss 0.698
Train Loss 0.709
Train Loss 0.651
Train Loss 0.702
Epoch  23 | Time    54 | Train Loss 0.6816 | Test Loss 0.001 | Test Error 23.47
Train Loss 0.055
Train Loss 0.477
Train Loss 0.486
Train Loss 0.518
Train Loss 0.499
Train Loss 0.519
Train Loss 0.523
Train Loss 0.542
Epoch  33 | Time    36 | Train Loss 0.4822 | Test Loss 0.001 | Test Error 23.10
Train Loss 0.046
Train Loss 0.474
Train Loss 0.466
Train Loss 0.486
Train Loss 0.474
Train Loss 0.480
Train Loss 0.482
Train Loss 0.477
Epoch  34 | Time    36 | Train Loss 0.4794 | Test Loss 0.001 | Test Error 23.11
Train Loss 0.063
Train Loss 0.663
Train Loss 0.641
Train Loss 0.687
Train Loss 0.677
Train Loss 0.669
Train Loss 0.688
Train Loss 0.686
Epoch  24 | Time    55 | Train Loss 0.6950 | Test Loss 0.001 | Test Error 22.98
Train Loss 0.052
Train Loss 0.387
Train Loss 0.482
Train Loss 0.446
Train Loss 0.500
Train Loss 0.467
Train Loss 0.473
Train Loss 0.451
Epoch  35 | Time    36 | Train Loss 0.4434 | Test Loss 0.001 | Test Error 23.27
Train Loss 0.078
Train Loss 0.645
Train Loss 0.660
Train Loss 0.636
Train Loss 0.646
Train Loss 0.690
Train Loss 0.665
Train Loss 0.673
Epoch  25 | Time    55 | Train Loss 0.6596 | Test Loss 0.001 | Test Error 23.59
Train Loss 0.038
Train Loss 0.433
Train Loss 0.426
Train Loss 0.484
Train Loss 0.446
Train Loss 0.433
Train Loss 0.420
Train Loss 0.453
Epoch  36 | Time    36 | Train Loss 0.4569 | Test Loss 0.001 | Test Error 23.23
Train Loss 0.044
Train Loss 0.432
Train Loss 0.429
Train Loss 0.442
Train Loss 0.396
Train Loss 0.402
Train Loss 0.473
Train Loss 0.460
Epoch  37 | Time    36 | Train Loss 0.4077 | Test Loss 0.001 | Test Error 23.20
Train Loss 0.056
Train Loss 0.624
Train Loss 0.617
Train Loss 0.629
Train Loss 0.634
Train Loss 0.629
Train Loss 0.628
Train Loss 0.637
Epoch  26 | Time    54 | Train Loss 0.6618 | Test Loss 0.001 | Test Error 23.09
Train Loss 0.034
Train Loss 0.405
Train Loss 0.413
Train Loss 0.417
Train Loss 0.436
Train Loss 0.392
Train Loss 0.463
Train Loss 0.448
Epoch  38 | Time    36 | Train Loss 0.4404 | Test Loss 0.001 | Test Error 22.44
Train Loss 0.067
Train Loss 0.595
Train Loss 0.572
Train Loss 0.613
Train Loss 0.614
Train Loss 0.611
Train Loss 0.656
Train Loss 0.640
Epoch  27 | Time    55 | Train Loss 0.6206 | Test Loss 0.001 | Test Error 23.18
Train Loss 0.029
Train Loss 0.383
Train Loss 0.443
Train Loss 0.384
Train Loss 0.405
Train Loss 0.415
Train Loss 0.375
Train Loss 0.463
Epoch  39 | Time    36 | Train Loss 0.4256 | Test Loss 0.001 | Test Error 22.64
Train Loss 0.039
Train Loss 0.384
Train Loss 0.408
Train Loss 0.396
Train Loss 0.390
Train Loss 0.405
Train Loss 0.399
Train Loss 0.416
Epoch  40 | Time    36 | Train Loss 0.3766 | Test Loss 0.001 | Test Error 22.84
Train Loss 0.058
Train Loss 0.563
Train Loss 0.602
Train Loss 0.595
Train Loss 0.581
Train Loss 0.576
Train Loss 0.604
Train Loss 0.589
Epoch  28 | Time    55 | Train Loss 0.5974 | Test Loss 0.001 | Test Error 23.68
Train Loss 0.040
Train Loss 0.369
Train Loss 0.376
Train Loss 0.381
Train Loss 0.368
Train Loss 0.418
Train Loss 0.396
Train Loss 0.407
Epoch  41 | Time    36 | Train Loss 0.3966 | Test Loss 0.001 | Test Error 22.68
Train Loss 0.064
Train Loss 0.555
Train Loss 0.524
Train Loss 0.568
Train Loss 0.579
Train Loss 0.548
Train Loss 0.548
Train Loss 0.588
Epoch  29 | Time    50 | Train Loss 0.5512 | Test Loss 0.001 | Test Error 22.87
Train Loss 0.039
Train Loss 0.365
Train Loss 0.347
Train Loss 0.358
Train Loss 0.388
Train Loss 0.369
Train Loss 0.388
Train Loss 0.366
Epoch  42 | Time    36 | Train Loss 0.3886 | Test Loss 0.001 | Test Error 22.79
Train Loss 0.029
Train Loss 0.338
Train Loss 0.330
Train Loss 0.361
Train Loss 0.419
Train Loss 0.402
Train Loss 0.369
Train Loss 0.383
Epoch  43 | Time    36 | Train Loss 0.4071 | Test Loss 0.001 | Test Error 22.24
Train Loss 0.051
Train Loss 0.555
Train Loss 0.483
Train Loss 0.534
Train Loss 0.555
Train Loss 0.530
Train Loss 0.538
Train Loss 0.559
Epoch  30 | Time    53 | Train Loss 0.5239 | Test Loss 0.001 | Test Error 22.55
Train Loss 0.023
Train Loss 0.284
Train Loss 0.360
Train Loss 0.342
Train Loss 0.354
Train Loss 0.393
Train Loss 0.374
Train Loss 0.342
Epoch  44 | Time    36 | Train Loss 0.3649 | Test Loss 0.001 | Test Error 22.46
Train Loss 0.052
Train Loss 0.557
Train Loss 0.524
Train Loss 0.533
Train Loss 0.494
Train Loss 0.577
Train Loss 0.519
Train Loss 0.532
Epoch  31 | Time    52 | Train Loss 0.5360 | Test Loss 0.001 | Test Error 22.08
Train Loss 0.040
Train Loss 0.306
Train Loss 0.369
Train Loss 0.365
Train Loss 0.371
Train Loss 0.347
Train Loss 0.358
Train Loss 0.327
Epoch  45 | Time    36 | Train Loss 0.3684 | Test Loss 0.001 | Test Error 22.38
Train Loss 0.041
Train Loss 0.328
Train Loss 0.356
Train Loss 0.346
Train Loss 0.352
Train Loss 0.331
Train Loss 0.357
Train Loss 0.362
Epoch  46 | Time    36 | Train Loss 0.3293 | Test Loss 0.001 | Test Error 22.18
Train Loss 0.056
Train Loss 0.487
Train Loss 0.517
Train Loss 0.473
Train Loss 0.492
Train Loss 0.488
Train Loss 0.507
Train Loss 0.508
Epoch  32 | Time    54 | Train Loss 0.5121 | Test Loss 0.001 | Test Error 22.60
Train Loss 0.017
Train Loss 0.323
Train Loss 0.330
Train Loss 0.330
Train Loss 0.342
Train Loss 0.312
Train Loss 0.292
Train Loss 0.354
Epoch  47 | Time    36 | Train Loss 0.3520 | Test Loss 0.001 | Test Error 22.81
Train Loss 0.051
Train Loss 0.501
Train Loss 0.488
Train Loss 0.516
Train Loss 0.522
Train Loss 0.506
Train Loss 0.511
Train Loss 0.553
Epoch  33 | Time    54 | Train Loss 0.4710 | Test Loss 0.001 | Test Error 22.33
Train Loss 0.029
Train Loss 0.317
Train Loss 0.346
Train Loss 0.339
Train Loss 0.316
Train Loss 0.331
Train Loss 0.349
Train Loss 0.308
Epoch  48 | Time    36 | Train Loss 0.3086 | Test Loss 0.001 | Test Error 23.15
Train Loss 0.020
Train Loss 0.358
Train Loss 0.352
Train Loss 0.299
Train Loss 0.310
Train Loss 0.316
Train Loss 0.316
Train Loss 0.317
Epoch  49 | Time    36 | Train Loss 0.3204 | Test Loss 0.001 | Test Error 22.59
Train Loss 0.039
Train Loss 0.472
Train Loss 0.465
Train Loss 0.477
Train Loss 0.479
Train Loss 0.451
Train Loss 0.490
Train Loss 0.492
Epoch  34 | Time    55 | Train Loss 0.4595 | Test Loss 0.001 | Test Error 22.70
Train Loss 0.025
Train Loss 0.279
Train Loss 0.336
Train Loss 0.300
Train Loss 0.269
Train Loss 0.323
Train Loss 0.282
Train Loss 0.314
Epoch  50 | Time    36 | Train Loss 0.3124 | Test Loss 0.001 | Test Error 22.20
Train Loss 0.055
Train Loss 0.409
Train Loss 0.472
Train Loss 0.446
Train Loss 0.466
Train Loss 0.488
Train Loss 0.454
Train Loss 0.437
Epoch  35 | Time    54 | Train Loss 0.4590 | Test Loss 0.001 | Test Error 22.42
Train Loss 0.026
Train Loss 0.262
Train Loss 0.301
Train Loss 0.311
Train Loss 0.274
Train Loss 0.308
Train Loss 0.315
Train Loss 0.263
Epoch  51 | Time    36 | Train Loss 0.3040 | Test Loss 0.001 | Test Error 22.28
Train Loss 0.033
Train Loss 0.258
Train Loss 0.289
Train Loss 0.281
Train Loss 0.282
Train Loss 0.258
Train Loss 0.281
Train Loss 0.312
Epoch  52 | Time    36 | Train Loss 0.2669 | Test Loss 0.001 | Test Error 22.02
Train Loss 0.038
Train Loss 0.442
Train Loss 0.433
Train Loss 0.470
Train Loss 0.451
Train Loss 0.451
Train Loss 0.440
Train Loss 0.466
Epoch  36 | Time    55 | Train Loss 0.4633 | Test Loss 0.001 | Test Error 23.08
Train Loss 0.026
Train Loss 0.255
Train Loss 0.269
Train Loss 0.273
Train Loss 0.286
Train Loss 0.297
Train Loss 0.269
Train Loss 0.283
Epoch  53 | Time    36 | Train Loss 0.2861 | Test Loss 0.001 | Test Error 21.92
Train Loss 0.053
Train Loss 0.428
Train Loss 0.442
Train Loss 0.440
Train Loss 0.432
Train Loss 0.427
Train Loss 0.461
Train Loss 0.457
Epoch  37 | Time    56 | Train Loss 0.4205 | Test Loss 0.001 | Test Error 22.97
Train Loss 0.011
Train Loss 0.237
Train Loss 0.287
Train Loss 0.282
Train Loss 0.289
Train Loss 0.253
Train Loss 0.289
Train Loss 0.285
Epoch  54 | Time    36 | Train Loss 0.2402 | Test Loss 0.001 | Test Error 22.56
Train Loss 0.020
Train Loss 0.235
Train Loss 0.266
Train Loss 0.315
Train Loss 0.286
Train Loss 0.273
Train Loss 0.285
Train Loss 0.249
Epoch  55 | Time    36 | Train Loss 0.2816 | Test Loss 0.001 | Test Error 22.50
Train Loss 0.045
Train Loss 0.417
Train Loss 0.414
Train Loss 0.403
Train Loss 0.409
Train Loss 0.393
Train Loss 0.464
Train Loss 0.461
Epoch  38 | Time    55 | Train Loss 0.4303 | Test Loss 0.001 | Test Error 22.09
Train Loss 0.035
Train Loss 0.281
Train Loss 0.220
Train Loss 0.263
Train Loss 0.246
Train Loss 0.280
Train Loss 0.235
Train Loss 0.271
Epoch  56 | Time    36 | Train Loss 0.2456 | Test Loss 0.001 | Test Error 22.25
Train Loss 0.035
Train Loss 0.388
Train Loss 0.426
Train Loss 0.391
Train Loss 0.401
Train Loss 0.431
Train Loss 0.381
Train Loss 0.419
Epoch  39 | Time    56 | Train Loss 0.4437 | Test Loss 0.001 | Test Error 22.31
Train Loss 0.029
Train Loss 0.222
Train Loss 0.233
Train Loss 0.236
Train Loss 0.242
Train Loss 0.216
Train Loss 0.331
Train Loss 0.217
Epoch  57 | Time    36 | Train Loss 0.2536 | Test Loss 0.001 | Test Error 22.83
Train Loss 0.029
Train Loss 0.217
Train Loss 0.226
Train Loss 0.221
Train Loss 0.197
Train Loss 0.247
Train Loss 0.255
Train Loss 0.254
Epoch  58 | Time    36 | Train Loss 0.2257 | Test Loss 0.001 | Test Error 22.61
Train Loss 0.034
Train Loss 0.402
Train Loss 0.397
Train Loss 0.406
Train Loss 0.370
Train Loss 0.367
Train Loss 0.377
Train Loss 0.433
Epoch  40 | Time    56 | Train Loss 0.3761 | Test Loss 0.001 | Test Error 22.37
Train Loss 0.032
Train Loss 0.241
Train Loss 0.228
Train Loss 0.268
Train Loss 0.243
Train Loss 0.228
Train Loss 0.282
Train Loss 0.247
Epoch  59 | Time    36 | Train Loss 0.2451 | Test Loss 0.001 | Test Error 22.19
Train Loss 0.035
Train Loss 0.369
Train Loss 0.402
Train Loss 0.369
Train Loss 0.378
Train Loss 0.399
Train Loss 0.377
Train Loss 0.407
Epoch  41 | Time    56 | Train Loss 0.4069 | Test Loss 0.001 | Test Error 22.24
Train Loss 0.019
Train Loss 0.233
Train Loss 0.221
Train Loss 0.233
Train Loss 0.208
Train Loss 0.243
Train Loss 0.239
Train Loss 0.222
Epoch  60 | Time    36 | Train Loss 0.2594 | Test Loss 0.001 | Test Error 22.44
Train Loss 0.029
Train Loss 0.215
Train Loss 0.240
Train Loss 0.248
Train Loss 0.231
Train Loss 0.212
Train Loss 0.198
Train Loss 0.226
Epoch  61 | Time    36 | Train Loss 0.2685 | Test Loss 0.001 | Test Error 22.45
Train Loss 0.032
Train Loss 0.371
Train Loss 0.366
Train Loss 0.365
Train Loss 0.368
Train Loss 0.356
Train Loss 0.396
Train Loss 0.358
Epoch  42 | Time    46 | Train Loss 0.3675 | Test Loss 0.001 | Test Error 22.58
Train Loss 0.019
Train Loss 0.210
Train Loss 0.239
Train Loss 0.211
Train Loss 0.206
Train Loss 0.227
Train Loss 0.252
Train Loss 0.230
Epoch  62 | Time    36 | Train Loss 0.2076 | Test Loss 0.001 | Test Error 22.37
Train Loss 0.034
Train Loss 0.327
Train Loss 0.342
Train Loss 0.402
Train Loss 0.382
Train Loss 0.362
Train Loss 0.381
Train Loss 0.390
Epoch  43 | Time    54 | Train Loss 0.4145 | Test Loss 0.001 | Test Error 22.46
Train Loss 0.036
Train Loss 0.218
Train Loss 0.212
Train Loss 0.191
Train Loss 0.223
Train Loss 0.198
Train Loss 0.216
Train Loss 0.218
Epoch  63 | Time    36 | Train Loss 0.2181 | Test Loss 0.001 | Test Error 22.69
Train Loss 0.023
Train Loss 0.300
Train Loss 0.360
Train Loss 0.336
Train Loss 0.371
Train Loss 0.383
Train Loss 0.368
Train Loss 0.303
Train Loss 0.021
Train Loss 0.197
Train Loss 0.205
Train Loss 0.215
Train Loss 0.222
Train Loss 0.205
Train Loss 0.220
Train Loss 0.234
Epoch  64 | Time    36 | Train Loss 0.1974 | Test Loss 0.001 | Test Error 22.69
Epoch  44 | Time    52 | Train Loss 0.3642 | Test Loss 0.001 | Test Error 21.52
Train Loss 0.017
Train Loss 0.222
Train Loss 0.212
Train Loss 0.208
Train Loss 0.202
Train Loss 0.193
Train Loss 0.214
Train Loss 0.220
Epoch  65 | Time    36 | Train Loss 0.1669 | Test Loss 0.001 | Test Error 22.26
Train Loss 0.029
Train Loss 0.293
Train Loss 0.388
Train Loss 0.346
Train Loss 0.358
Train Loss 0.352
Train Loss 0.361
Train Loss 0.328
Epoch  45 | Time    52 | Train Loss 0.3687 | Test Loss 0.001 | Test Error 22.51
Train Loss 0.029
Train Loss 0.203
Train Loss 0.220
Train Loss 0.196
Train Loss 0.176
Train Loss 0.185
Train Loss 0.190
Train Loss 0.188
Epoch  66 | Time    36 | Train Loss 0.2315 | Test Loss 0.001 | Test Error 22.64
Train Loss 0.039
Train Loss 0.330
Train Loss 0.379
Train Loss 0.368
Train Loss 0.327
Train Loss 0.358
Train Loss 0.342
Train Loss 0.355
Epoch  46 | Time    53 | Train Loss 0.3316 | Test Loss 0.001 | Test Error 22.43
Train Loss 0.019
Train Loss 0.167
Train Loss 0.181
Train Loss 0.187
Train Loss 0.198
Train Loss 0.180
Train Loss 0.151
Train Loss 0.171
Epoch  67 | Time    37 | Train Loss 0.1664 | Test Loss 0.001 | Test Error 22.14
Train Loss 0.002
Train Loss 0.172
Train Loss 0.162
Train Loss 0.187
Train Loss 0.201
Train Loss 0.174
Train Loss 0.170
Train Loss 0.164
Epoch  68 | Time    36 | Train Loss 0.2022 | Test Loss 0.001 | Test Error 22.02
Train Loss 0.024
Train Loss 0.329
Train Loss 0.311
Train Loss 0.335
Train Loss 0.343
Train Loss 0.326
Train Loss 0.303
Train Loss 0.334
Epoch  47 | Time    51 | Train Loss 0.3585 | Test Loss 0.001 | Test Error 22.29
Train Loss 0.015
Train Loss 0.182
Train Loss 0.163
Train Loss 0.209
Train Loss 0.165
Train Loss 0.186
Train Loss 0.196
Train Loss 0.141
Epoch  69 | Time    36 | Train Loss 0.1982 | Test Loss 0.001 | Test Error 21.67
Train Loss 0.029
Train Loss 0.307
Train Loss 0.342
Train Loss 0.306
Train Loss 0.328
Train Loss 0.335
Train Loss 0.324
Train Loss 0.311
Epoch  48 | Time    55 | Train Loss 0.2920 | Test Loss 0.001 | Test Error 22.37
Train Loss 0.011
Train Loss 0.164
Train Loss 0.225
Train Loss 0.179
Train Loss 0.198
Train Loss 0.161
Train Loss 0.148
Train Loss 0.213
Epoch  70 | Time    36 | Train Loss 0.1751 | Test Loss 0.001 | Test Error 21.82
Train Loss 0.013
Train Loss 0.182
Train Loss 0.163
Train Loss 0.156
Train Loss 0.183
Train Loss 0.187
Train Loss 0.188
Train Loss 0.167
Epoch  71 | Time    36 | Train Loss 0.1277 | Test Loss 0.001 | Test Error 21.56
Train Loss 0.023
Train Loss 0.337
Train Loss 0.339
Train Loss 0.327
Train Loss 0.329
Train Loss 0.287
Train Loss 0.334
Train Loss 0.311
Epoch  49 | Time    50 | Train Loss 0.3252 | Test Loss 0.001 | Test Error 22.78
Train Loss 0.031
Train Loss 0.165
Train Loss 0.169
Train Loss 0.173
Train Loss 0.172
Train Loss 0.151
Train Loss 0.126
Train Loss 0.167
Epoch  72 | Time    36 | Train Loss 0.1474 | Test Loss 0.001 | Test Error 21.53
Train Loss 0.021
Train Loss 0.296
Train Loss 0.340
Train Loss 0.280
Train Loss 0.293
Train Loss 0.309
Train Loss 0.306
Train Loss 0.301
Epoch  50 | Time    55 | Train Loss 0.2935 | Test Loss 0.001 | Test Error 22.52
Train Loss 0.013
Train Loss 0.152
Train Loss 0.166
Train Loss 0.158
Train Loss 0.166
Train Loss 0.145
Train Loss 0.154
Train Loss 0.146
Epoch  73 | Time    36 | Train Loss 0.1359 | Test Loss 0.001 | Test Error 21.34
Train Loss 0.014
Train Loss 0.178
Train Loss 0.175
Train Loss 0.162
Train Loss 0.170
Train Loss 0.166
Train Loss 0.161
Train Loss 0.184
Epoch  74 | Time    36 | Train Loss 0.1642 | Test Loss 0.001 | Test Error 21.39
Train Loss 0.043
Train Loss 0.270
Train Loss 0.284
Train Loss 0.329
Train Loss 0.275
Train Loss 0.302
Train Loss 0.284
Train Loss 0.249
Epoch  51 | Time    52 | Train Loss 0.2920 | Test Loss 0.001 | Test Error 22.25
Train Loss 0.006
Train Loss 0.147
Train Loss 0.182
Train Loss 0.128
Train Loss 0.159
Train Loss 0.152
Train Loss 0.172
Train Loss 0.131
Epoch  75 | Time    36 | Train Loss 0.1609 | Test Loss 0.001 | Test Error 21.36
Train Loss 0.017
Train Loss 0.287
Train Loss 0.277
Train Loss 0.286
Train Loss 0.298
Train Loss 0.245
Train Loss 0.298
Train Loss 0.305
Epoch  52 | Time    56 | Train Loss 0.2733 | Test Loss 0.001 | Test Error 22.59
Train Loss 0.009
Train Loss 0.163
Train Loss 0.125
Train Loss 0.144
Train Loss 0.178
Train Loss 0.142
Train Loss 0.119
Train Loss 0.154
Epoch  76 | Time    36 | Train Loss 0.1510 | Test Loss 0.001 | Test Error 21.90
Train Loss 0.015
Train Loss 0.115
Train Loss 0.143
Train Loss 0.161
Train Loss 0.176
Train Loss 0.148
Train Loss 0.146
Train Loss 0.131
Epoch  77 | Time    36 | Train Loss 0.1376 | Test Loss 0.001 | Test Error 21.76
Train Loss 0.031
Train Loss 0.254
Train Loss 0.261
Train Loss 0.308
Train Loss 0.264
Train Loss 0.287
Train Loss 0.263
Train Loss 0.302
Epoch  53 | Time    56 | Train Loss 0.2868 | Test Loss 0.001 | Test Error 22.69
Train Loss 0.020
Train Loss 0.139
Train Loss 0.140
Train Loss 0.148
Train Loss 0.158
Train Loss 0.126
Train Loss 0.149
Train Loss 0.143
Epoch  78 | Time    36 | Train Loss 0.1346 | Test Loss 0.001 | Test Error 21.81
Train Loss 0.019
Train Loss 0.248
Train Loss 0.270
Train Loss 0.257
Train Loss 0.279
Train Loss 0.282
Train Loss 0.286
Train Loss 0.305
Epoch  54 | Time    56 | Train Loss 0.2527 | Test Loss 0.001 | Test Error 22.35
Train Loss 0.008
Train Loss 0.111
Train Loss 0.100
Train Loss 0.138
Train Loss 0.113
Train Loss 0.146
Train Loss 0.133
Train Loss 0.135
Epoch  79 | Time    36 | Train Loss 0.1356 | Test Loss 0.001 | Test Error 21.75
Train Loss 0.017
Train Loss 0.170
Train Loss 0.123
Train Loss 0.134
Train Loss 0.135
Train Loss 0.136
Train Loss 0.154
Train Loss 0.126
Epoch  80 | Time    36 | Train Loss 0.1461 | Test Loss 0.001 | Test Error 21.58
Train Loss 0.021
Train Loss 0.255
Train Loss 0.221
Train Loss 0.294
Train Loss 0.272
Train Loss 0.259
Train Loss 0.281
Train Loss 0.250
Epoch  55 | Time    56 | Train Loss 0.3078 | Test Loss 0.001 | Test Error 22.60
Train Loss 0.029
Train Loss 0.125
Train Loss 0.149
Train Loss 0.117
Train Loss 0.131
Train Loss 0.133
Train Loss 0.134
Train Loss 0.103
Epoch  81 | Time    36 | Train Loss 0.1308 | Test Loss 0.001 | Test Error 21.27
Train Loss 0.014
Train Loss 0.236
Train Loss 0.234
Train Loss 0.256
Train Loss 0.248
Train Loss 0.297
Train Loss 0.259
Train Loss 0.247
Epoch  56 | Time    56 | Train Loss 0.2288 | Test Loss 0.001 | Test Error 22.69
Train Loss 0.022
Train Loss 0.098
Train Loss 0.126
Train Loss 0.131
Train Loss 0.116
Train Loss 0.134
Train Loss 0.119
Train Loss 0.157
Epoch  82 | Time    36 | Train Loss 0.1166 | Test Loss 0.001 | Test Error 21.34
Train Loss 0.012
Train Loss 0.132
Train Loss 0.148
Train Loss 0.112
Train Loss 0.134
Train Loss 0.110
Train Loss 0.131
Train Loss 0.092
Epoch  83 | Time    36 | Train Loss 0.1103 | Test Loss 0.001 | Test Error 21.17
Train Loss 0.032
Train Loss 0.228
Train Loss 0.257
Train Loss 0.224
Train Loss 0.258
Train Loss 0.236
Train Loss 0.321
Train Loss 0.255
Epoch  57 | Time    56 | Train Loss 0.2366 | Test Loss 0.001 | Test Error 22.44
Train Loss 0.005
Train Loss 0.151
Train Loss 0.139
Train Loss 0.122
Train Loss 0.142
Train Loss 0.143
Train Loss 0.116
Train Loss 0.141
Epoch  84 | Time    36 | Train Loss 0.1279 | Test Loss 0.001 | Test Error 21.23
Train Loss 0.032
Train Loss 0.230
Train Loss 0.237
Train Loss 0.228
Train Loss 0.211
Train Loss 0.252
Train Loss 0.263
Train Loss 0.229
Epoch  58 | Time    52 | Train Loss 0.2196 | Test Loss 0.001 | Test Error 22.29
Train Loss 0.013
Train Loss 0.095
Train Loss 0.094
Train Loss 0.104
Train Loss 0.129
Train Loss 0.106
Train Loss 0.107
Train Loss 0.112
Epoch  85 | Time    36 | Train Loss 0.1434 | Test Loss 0.001 | Test Error 21.18
Train Loss 0.015
Train Loss 0.082
Train Loss 0.134
Train Loss 0.135
Train Loss 0.106
Train Loss 0.086
Train Loss 0.118
Train Loss 0.124
Epoch  86 | Time    36 | Train Loss 0.0834 | Test Loss 0.001 | Test Error 21.22
Train Loss 0.027
Train Loss 0.239
Train Loss 0.241
Train Loss 0.258
Train Loss 0.243
Train Loss 0.246
Train Loss 0.268
Train Loss 0.243
Epoch  59 | Time    54 | Train Loss 0.2635 | Test Loss 0.001 | Test Error 22.41
Train Loss 0.014
Train Loss 0.113
Train Loss 0.134
Train Loss 0.119
Train Loss 0.106
Train Loss 0.125
Train Loss 0.121
Train Loss 0.110
Epoch  87 | Time    36 | Train Loss 0.0884 | Test Loss 0.001 | Test Error 21.08
Train Loss 0.036
Train Loss 0.208
Train Loss 0.204
Train Loss 0.240
Train Loss 0.235
Train Loss 0.232
Train Loss 0.241
Train Loss 0.242
Epoch  60 | Time    48 | Train Loss 0.2499 | Test Loss 0.001 | Test Error 22.51
Train Loss 0.023
Train Loss 0.085
Train Loss 0.119
Train Loss 0.082
Train Loss 0.123
Train Loss 0.112
Train Loss 0.075
Train Loss 0.153
Epoch  88 | Time    36 | Train Loss 0.1174 | Test Loss 0.001 | Test Error 20.98
Train Loss 0.015
Train Loss 0.109
Train Loss 0.110
Train Loss 0.161
Train Loss 0.108
Train Loss 0.151
Train Loss 0.140
Train Loss 0.112
Epoch  89 | Time    36 | Train Loss 0.1130 | Test Loss 0.001 | Test Error 21.24
Train Loss 0.031
Train Loss 0.215
Train Loss 0.234
Train Loss 0.241
Train Loss 0.220
Train Loss 0.242
Train Loss 0.211
Train Loss 0.234
Epoch  61 | Time    55 | Train Loss 0.2078 | Test Loss 0.001 | Test Error 22.15
Train Loss 0.007
Train Loss 0.063
Train Loss 0.123
Train Loss 0.132
Train Loss 0.116
Train Loss 0.142
Train Loss 0.105
Train Loss 0.109
Epoch  90 | Time    36 | Train Loss 0.0896 | Test Loss 0.001 | Test Error 21.07
Train Loss 0.020
Train Loss 0.216
Train Loss 0.239
Train Loss 0.243
Train Loss 0.238
Train Loss 0.183
Train Loss 0.239
Train Loss 0.218
Epoch  62 | Time    54 | Train Loss 0.2253 | Test Loss 0.001 | Test Error 22.45
Train Loss 0.019
Train Loss 0.084
Train Loss 0.100
Train Loss 0.107
Train Loss 0.104
Train Loss 0.134
Train Loss 0.127
Train Loss 0.097
Epoch  91 | Time    36 | Train Loss 0.0982 | Test Loss 0.001 | Test Error 21.00
Train Loss 0.011
Train Loss 0.120
Train Loss 0.108
Train Loss 0.084
Train Loss 0.130
Train Loss 0.114
Train Loss 0.127
Train Loss 0.099
Epoch  92 | Time    36 | Train Loss 0.0885 | Test Loss 0.001 | Test Error 20.96
Train Loss 0.032
Train Loss 0.189
Train Loss 0.212
Train Loss 0.194
Train Loss 0.229
Train Loss 0.204
Train Loss 0.213
Train Loss 0.207
Epoch  63 | Time    55 | Train Loss 0.2384 | Test Loss 0.001 | Test Error 22.20
Train Loss 0.011
Train Loss 0.105
Train Loss 0.100
Train Loss 0.094
Train Loss 0.106
Train Loss 0.130
Train Loss 0.099
Train Loss 0.077
Epoch  93 | Time    36 | Train Loss 0.1205 | Test Loss 0.001 | Test Error 20.85
Train Loss 0.015
Train Loss 0.229
Train Loss 0.227
Train Loss 0.210
Train Loss 0.214
Train Loss 0.223
Train Loss 0.180
Train Loss 0.233
Epoch  64 | Time    55 | Train Loss 0.1841 | Test Loss 0.001 | Test Error 22.17
Train Loss 0.005
Train Loss 0.096
Train Loss 0.114
Train Loss 0.106
Train Loss 0.127
Train Loss 0.105
Train Loss 0.095
Train Loss 0.116
Epoch  94 | Time    36 | Train Loss 0.1082 | Test Loss 0.001 | Test Error 20.93
Train Loss 0.005
Train Loss 0.105
Train Loss 0.102
Train Loss 0.102
Train Loss 0.113
Train Loss 0.093
Train Loss 0.096
Train Loss 0.122
Epoch  95 | Time    36 | Train Loss 0.1002 | Test Loss 0.001 | Test Error 21.07
Train Loss 0.007
Train Loss 0.211
Train Loss 0.259
Train Loss 0.198
Train Loss 0.182
Train Loss 0.199
Train Loss 0.208
Train Loss 0.194
Epoch  65 | Time    55 | Train Loss 0.1886 | Test Loss 0.001 | Test Error 21.90
Train Loss 0.015
Train Loss 0.087
Train Loss 0.104
Train Loss 0.094
Train Loss 0.136
Train Loss 0.107
Train Loss 0.102
Train Loss 0.086
Epoch  96 | Time    36 | Train Loss 0.1384 | Test Loss 0.001 | Test Error 21.04
Train Loss 0.018
Train Loss 0.202
Train Loss 0.229
Train Loss 0.198
Train Loss 0.176
Train Loss 0.202
Train Loss 0.215
Train Loss 0.191
Epoch  66 | Time    52 | Train Loss 0.2114 | Test Loss 0.001 | Test Error 21.63
Train Loss 0.004
Train Loss 0.134
Train Loss 0.091
Train Loss 0.107
Train Loss 0.111
Train Loss 0.081
Train Loss 0.117
Train Loss 0.138
Epoch  97 | Time    36 | Train Loss 0.1292 | Test Loss 0.001 | Test Error 21.04
Train Loss 0.008
Train Loss 0.092
Train Loss 0.096
Train Loss 0.113
Train Loss 0.096
Train Loss 0.089
Train Loss 0.125
Train Loss 0.086
Epoch  98 | Time    36 | Train Loss 0.0870 | Test Loss 0.001 | Test Error 21.01
Train Loss 0.021
Train Loss 0.168
Train Loss 0.212
Train Loss 0.196
Train Loss 0.183
Train Loss 0.204
Train Loss 0.157
Train Loss 0.186
Epoch  67 | Time    55 | Train Loss 0.1650 | Test Loss 0.001 | Test Error 21.63
Train Loss 0.003
Train Loss 0.088
Train Loss 0.073
Train Loss 0.118
Train Loss 0.113
Train Loss 0.110
Train Loss 0.102
Train Loss 0.089
Epoch  99 | Time    36 | Train Loss 0.0919 | Test Loss 0.001 | Test Error 20.99
Train Loss 0.003
Train Loss 0.168
Train Loss 0.176
Train Loss 0.208
Train Loss 0.178
Train Loss 0.178
Train Loss 0.162
Train Loss 0.174
Epoch  68 | Time    54 | Train Loss 0.1986 | Test Loss 0.001 | Test Error 21.57
Train Loss 0.013
Train Loss 0.093
Train Loss 0.132
Train Loss 0.081
Train Loss 0.098
Train Loss 0.105
Train Loss 0.075
Train Loss 0.100
Epoch 100 | Time    36 | Train Loss 0.0971 | Test Loss 0.001 | Test Error 20.97
(50000, 32, 32, 3)
gaussian_noise
	Test Loss 0.002 | Test Error 25.016
(50000, 32, 32, 3)
shot_noise
	Test Loss 0.002 | Test Error 23.596
(50000, 32, 32, 3)
impulse_noise
	Test Loss 0.002 | Test Error 28.032
(50000, 32, 32, 3)
defocus_blur
	Test Loss 0.002 | Test Error 22.572
(50000, 32, 32, 3)
glass_blur
	Test Loss 0.002 | Test Error 25.688
(50000, 32, 32, 3)
motion_blur
	Test Loss 0.002 | Test Error 25.166
(50000, 32, 32, 3)
zoom_blur
	Test Loss 0.002 | Test Error 23.810
(50000, 32, 32, 3)
snow
	Test Loss 0.002 | Test Error 27.678
(50000, 32, 32, 3)
frost
	Test Loss 0.002 | Test Error 28.862
(50000, 32, 32, 3)
fog
	Test Loss 0.003 | Test Error 32.656
(50000, 32, 32, 3)
brightness
	Test Loss 0.002 | Test Error 24.204
(50000, 32, 32, 3)
contrast
	Test Loss 0.003 | Test Error 37.058
(50000, 32, 32, 3)
elastic_transform
	Test Loss 0.002 | Test Error 24.852
(50000, 32, 32, 3)
pixelate
	Test Loss 0.002 | Test Error 21.960
(50000, 32, 32, 3)
jpeg_compression
	Test Loss 0.002 | Test Error 22.826
Mean Corruption Error: 26.265
Train Loss 0.023
Train Loss 0.179
Train Loss 0.179
Train Loss 0.194
Train Loss 0.151
Train Loss 0.172
Train Loss 0.179
Train Loss 0.131
Epoch  69 | Time    51 | Train Loss 0.1565 | Test Loss 0.001 | Test Error 21.55

brightness Flipping Prob
0.01723333333333293
Top5 Distance	0.36728
Zipf Distance	0.02305
Train Loss 0.010
Train Loss 0.142
Train Loss 0.191
Train Loss 0.158
Train Loss 0.193
Train Loss 0.158
Train Loss 0.177
Train Loss 0.192
Epoch  70 | Time    52 | Train Loss 0.2043 | Test Loss 0.001 | Test Error 21.29

gaussian_blur Flipping Prob
0.0035166666666667057
Top5 Distance	0.07965
Zipf Distance	0.00480
Train Loss 0.006
Train Loss 0.109
Train Loss 0.108
Train Loss 0.104
Train Loss 0.111
Train Loss 0.085
Train Loss 0.091
Train Loss 0.115
Epoch  95 | Time    56 | Train Loss 0.0719 | Test Loss 0.001 | Test Error 20.94
Train Loss 0.013
Train Loss 0.067
Train Loss 0.125
Train Loss 0.095
Train Loss 0.128
Train Loss 0.117
Train Loss 0.112
Train Loss 0.085
Epoch  96 | Time    55 | Train Loss 0.1128 | Test Loss 0.001 | Test Error 20.98
Train Loss 0.007
Train Loss 0.108
Train Loss 0.094
Train Loss 0.112
Train Loss 0.113
Train Loss 0.091
Train Loss 0.091
Train Loss 0.123
Epoch  97 | Time    56 | Train Loss 0.1083 | Test Loss 0.001 | Test Error 20.98
Train Loss 0.012
Train Loss 0.099
Train Loss 0.113
Train Loss 0.108
Train Loss 0.105
Train Loss 0.108
Train Loss 0.115
Train Loss 0.070
Epoch  98 | Time    54 | Train Loss 0.0798 | Test Loss 0.001 | Test Error 21.04
Train Loss 0.010
Train Loss 0.094
Train Loss 0.074
Train Loss 0.106
Train Loss 0.110
Train Loss 0.110
Train Loss 0.096
Train Loss 0.084
Epoch  99 | Time    46 | Train Loss 0.1113 | Test Loss 0.001 | Test Error 21.02
Train Loss 0.011
Train Loss 0.099
Train Loss 0.132
Train Loss 0.102
Train Loss 0.104
Train Loss 0.105
Train Loss 0.103
Train Loss 0.097
Epoch 100 | Time    55 | Train Loss 0.0906 | Test Loss 0.001 | Test Error 21.03
(50000, 32, 32, 3)
gaussian_noise
	Test Loss 0.002 | Test Error 25.228
(50000, 32, 32, 3)
shot_noise
	Test Loss 0.002 | Test Error 23.774
(50000, 32, 32, 3)
impulse_noise
	Test Loss 0.002 | Test Error 28.276
(50000, 32, 32, 3)
defocus_blur
	Test Loss 0.002 | Test Error 22.430
(50000, 32, 32, 3)
glass_blur
	Test Loss 0.002 | Test Error 25.720
(50000, 32, 32, 3)
motion_blur
	Test Loss 0.002 | Test Error 25.038
(50000, 32, 32, 3)
zoom_blur
	Test Loss 0.002 | Test Error 23.658
(50000, 32, 32, 3)
snow
	Test Loss 0.002 | Test Error 27.300
(50000, 32, 32, 3)
frost
	Test Loss 0.002 | Test Error 28.408
(50000, 32, 32, 3)
fog
	Test Loss 0.003 | Test Error 32.482
(50000, 32, 32, 3)
brightness
	Test Loss 0.002 | Test Error 23.980
(50000, 32, 32, 3)
contrast
	Test Loss 0.003 | Test Error 36.412
(50000, 32, 32, 3)
elastic_transform
	Test Loss 0.002 | Test Error 25.028
(50000, 32, 32, 3)
pixelate
	Test Loss 0.002 | Test Error 21.862
(50000, 32, 32, 3)
jpeg_compression
	Test Loss 0.002 | Test Error 22.742
Mean Corruption Error: 26.156

brightness Flipping Prob
0.017016666666666253
Top5 Distance	0.36375
Zipf Distance	0.02275

gaussian_blur Flipping Prob
0.0036566666666667086
Top5 Distance	0.08173
Zipf Distance	0.00497

gaussian_noise Flipping Prob
0.03003000000000006
Top5 Distance	0.68005
Zipf Distance	0.04145

motion_blur Flipping Prob
0.03705500000000046
Top5 Distance	0.76904
Zipf Distance	0.04941

rotate Flipping Prob
0.03220666666666688
Top5 Distance	0.72780
Zipf Distance	0.04450

scale Flipping Prob
0.07726333333333349
Top5 Distance	1.30312
Zipf Distance	0.09602

shot_noise Flipping Prob
0.03645333333333344
Top5 Distance	0.82575
Zipf Distance	0.05051

snow Flipping Prob
0.015366666666666622
Top5 Distance	0.30202
Zipf Distance	0.01983

spatter Flipping Prob
0.027986666666666576
Top5 Distance	0.55162
Zipf Distance	0.03718

speckle_noise Flipping Prob
0.033080000000000026
Top5 Distance	0.76773
Zipf Distance	0.04627

tilt Flipping Prob
0.014423333333332993
Top5 Distance	0.32319
Zipf Distance	0.01973

translate Flipping Prob
0.0869066666666691
Top5 Distance	1.76085
Zipf Distance	0.11597

zoom_blur Flipping Prob
0.0036900000000000487
Top5 Distance	0.08572
Zipf Distance	0.00511
flip_list [0.017016666666666253, 0.0036566666666667086, 0.03003000000000006, 0.03705500000000046, 0.03220666666666688, 0.07726333333333349, 0.03645333333333344, 0.015366666666666622, 0.027986666666666576, 0.033080000000000026, 0.014423333333332993, 0.0869066666666691, 0.0036900000000000487]

Mean Flipping Prob	0.03193
