Bright Maschine Learning software stack loaded.
Files already downloaded and verified
Files already downloaded and verified
Beginning training from epoch: 1
Train Loss 0.314
Train Loss 4.018
Train Loss 3.282
Train Loss 2.699
Train Loss 2.716
Train Loss 2.587
Train Loss 2.345
Train Loss 2.329
Epoch   1 | Time    37 | Train Loss 2.2980 | Test Loss 0.002 | Test Error 79.40
Train Loss 0.214
Train Loss 2.134
Train Loss 2.100
Train Loss 2.019
Train Loss 2.006
Train Loss 1.980
Train Loss 1.909
Train Loss 1.908
Epoch   2 | Time    35 | Train Loss 1.8962 | Test Loss 0.002 | Test Error 65.09
Train Loss 0.187
Train Loss 1.864
Train Loss 1.833
Train Loss 1.840
Train Loss 1.782
Train Loss 1.793
Train Loss 1.732
Train Loss 1.744
Epoch   3 | Time    35 | Train Loss 1.7092 | Test Loss 0.002 | Test Error 58.22
Train Loss 0.174
Train Loss 1.692
Train Loss 1.690
Train Loss 1.658
Train Loss 1.626
Train Loss 1.566
Train Loss 1.600
Train Loss 1.591
Epoch   4 | Time    35 | Train Loss 1.5807 | Test Loss 0.001 | Test Error 52.21
Train Loss 0.158
Train Loss 1.535
Train Loss 1.523
Train Loss 1.527
Train Loss 1.487
Train Loss 1.474
Train Loss 1.476
Train Loss 1.480
Epoch   5 | Time    35 | Train Loss 1.4452 | Test Loss 0.001 | Test Error 42.60
Train Loss 0.129
Train Loss 1.431
Train Loss 1.403
Train Loss 1.408
Train Loss 1.408
Train Loss 1.402
Train Loss 1.377
Train Loss 1.388
Epoch   6 | Time    35 | Train Loss 1.3759 | Test Loss 0.001 | Test Error 39.29
Train Loss 0.112
Train Loss 1.345
Train Loss 1.359
Train Loss 1.338
Train Loss 1.355
Train Loss 1.307
Train Loss 1.306
Train Loss 1.318
Epoch   7 | Time    35 | Train Loss 1.3285 | Test Loss 0.001 | Test Error 38.62
Train Loss 0.125
Train Loss 1.285
Train Loss 1.293
Train Loss 1.301
Train Loss 1.259
Train Loss 1.311
Train Loss 1.230
Train Loss 1.272
Epoch   8 | Time    35 | Train Loss 1.3129 | Test Loss 0.001 | Test Error 36.46
Train Loss 0.127
Train Loss 1.258
Train Loss 1.266
Train Loss 1.271
Train Loss 1.275
Train Loss 1.239
Train Loss 1.212
Train Loss 1.257
Epoch   9 | Time    35 | Train Loss 1.2342 | Test Loss 0.001 | Test Error 32.43
Train Loss 0.137
Train Loss 1.223
Train Loss 1.248
Train Loss 1.192
Train Loss 1.191
Train Loss 1.200
Train Loss 1.171
Train Loss 1.178
Epoch  10 | Time    35 | Train Loss 1.1927 | Test Loss 0.001 | Test Error 31.75
Train Loss 0.121
Train Loss 1.181
Train Loss 1.202
Train Loss 1.172
Train Loss 1.171
Train Loss 1.196
Train Loss 1.195
Train Loss 1.151
Epoch  11 | Time    35 | Train Loss 1.1649 | Test Loss 0.001 | Test Error 31.46
Train Loss 0.116
Train Loss 1.161
Train Loss 1.145
Train Loss 1.116
Train Loss 1.168
Train Loss 1.139
Train Loss 1.170
Train Loss 1.127
Epoch  12 | Time    35 | Train Loss 1.1432 | Test Loss 0.001 | Test Error 30.14
Train Loss 0.113
Train Loss 1.103
Train Loss 1.147
Train Loss 1.117
Train Loss 1.125
Train Loss 1.111
Train Loss 1.142
Train Loss 1.131
Epoch  13 | Time    35 | Train Loss 1.1343 | Test Loss 0.001 | Test Error 30.01
Train Loss 0.108
Train Loss 1.104
Train Loss 1.089
Train Loss 1.124
Train Loss 1.082
Train Loss 1.118
Train Loss 1.068
Train Loss 1.134
Epoch  14 | Time    35 | Train Loss 1.0874 | Test Loss 0.001 | Test Error 30.67
Train Loss 0.102
Train Loss 1.085
Train Loss 1.112
Train Loss 1.106
Train Loss 1.078
Train Loss 1.105
Train Loss 1.065
Train Loss 1.072
Epoch  15 | Time    35 | Train Loss 1.0775 | Test Loss 0.001 | Test Error 28.44
Train Loss 0.113
Train Loss 1.055
Train Loss 1.082
Train Loss 1.044
Train Loss 1.047
Train Loss 1.098
Train Loss 1.075
Train Loss 1.061
Epoch  16 | Time    35 | Train Loss 1.0615 | Test Loss 0.001 | Test Error 29.68
Train Loss 0.083
Train Loss 1.061
Train Loss 1.054
Train Loss 1.070
Train Loss 1.056
Train Loss 1.052
Train Loss 1.028
Train Loss 1.034
Epoch  17 | Time    35 | Train Loss 1.0556 | Test Loss 0.001 | Test Error 30.80
Train Loss 0.098
Train Loss 0.985
Train Loss 1.052
Train Loss 1.045
Train Loss 1.022
Train Loss 1.051
Train Loss 1.035
Train Loss 1.034
Epoch  18 | Time    35 | Train Loss 1.0749 | Test Loss 0.001 | Test Error 26.66
Train Loss 0.094
Train Loss 1.026
Train Loss 1.004
Train Loss 1.006
Train Loss 1.075
Train Loss 1.047
Train Loss 1.052
Train Loss 1.043
Epoch  19 | Time    35 | Train Loss 1.0170 | Test Loss 0.001 | Test Error 25.60
Train Loss 0.111
Train Loss 1.017
Train Loss 0.991
Train Loss 1.072
Train Loss 1.046
Train Loss 1.033
Train Loss 1.028
Train Loss 1.038
Epoch  20 | Time    35 | Train Loss 1.0224 | Test Loss 0.001 | Test Error 27.89
Train Loss 0.100
Train Loss 0.998
Train Loss 1.008
Train Loss 1.007
Train Loss 1.035
Train Loss 1.015
Train Loss 1.005
Train Loss 1.008
Epoch  21 | Time    35 | Train Loss 1.0166 | Test Loss 0.001 | Test Error 29.61
Train Loss 0.099
Train Loss 0.985
Train Loss 0.977
Train Loss 0.994
Train Loss 1.001
Train Loss 0.999
Train Loss 0.973
Train Loss 1.025
Epoch  22 | Time    35 | Train Loss 0.9862 | Test Loss 0.001 | Test Error 28.74
Train Loss 0.100
Train Loss 0.964
Train Loss 0.964
Train Loss 1.015
Train Loss 0.996
Train Loss 1.011
Train Loss 0.992
Train Loss 1.019
Epoch  23 | Time    35 | Train Loss 0.9869 | Test Loss 0.001 | Test Error 26.05
Train Loss 0.095
Train Loss 0.975
Train Loss 1.017
Train Loss 0.981
Train Loss 1.004
Train Loss 0.958
Train Loss 0.966
Train Loss 0.955
Epoch  24 | Time    35 | Train Loss 0.9834 | Test Loss 0.001 | Test Error 26.06
Train Loss 0.109
Train Loss 0.951
Train Loss 0.969
Train Loss 0.978
Train Loss 0.957
Train Loss 0.971
Train Loss 1.013
Train Loss 0.965
Epoch  25 | Time    35 | Train Loss 0.9679 | Test Loss 0.001 | Test Error 25.97
Train Loss 0.082
Train Loss 0.971
Train Loss 0.957
Train Loss 0.969
Train Loss 0.964
Train Loss 0.982
Train Loss 0.989
Train Loss 0.938
Epoch  26 | Time    35 | Train Loss 0.9601 | Test Loss 0.001 | Test Error 23.92
Train Loss 0.096
Train Loss 0.928
Train Loss 0.955
Train Loss 1.009
Train Loss 0.988
Train Loss 0.974
Train Loss 0.964
Train Loss 0.984
Epoch  27 | Time    35 | Train Loss 0.9793 | Test Loss 0.001 | Test Error 29.14
Train Loss 0.086
Train Loss 0.921
Train Loss 0.946
Train Loss 0.937
Train Loss 0.947
Train Loss 0.934
Train Loss 0.949
Train Loss 0.939
Epoch  28 | Time    35 | Train Loss 0.9823 | Test Loss 0.001 | Test Error 26.20
Train Loss 0.098
Train Loss 0.935
Train Loss 0.953
Train Loss 0.974
Train Loss 0.922
Train Loss 0.984
Train Loss 0.967
Train Loss 0.955
Epoch  29 | Time    35 | Train Loss 0.9719 | Test Loss 0.001 | Test Error 25.13
Train Loss 0.085
Train Loss 0.937
Train Loss 0.944
Train Loss 0.915
Train Loss 0.923
Train Loss 0.939
Train Loss 0.926
Train Loss 0.946
Epoch  30 | Time    35 | Train Loss 0.9380 | Test Loss 0.001 | Test Error 24.41
Train Loss 0.090
Train Loss 0.915
Train Loss 0.928
Train Loss 0.900
Train Loss 0.946
Train Loss 0.937
Train Loss 0.957
Train Loss 0.924
Epoch  31 | Time    35 | Train Loss 0.9657 | Test Loss 0.001 | Test Error 25.74
Train Loss 0.083
Train Loss 0.938
Train Loss 0.928
Train Loss 0.914
Train Loss 0.954
Train Loss 0.906
Train Loss 0.961
Train Loss 0.917
Epoch  32 | Time    35 | Train Loss 0.9429 | Test Loss 0.001 | Test Error 23.78
Train Loss 0.086
Train Loss 0.881
Train Loss 0.940
Train Loss 0.910
Train Loss 0.930
Train Loss 0.892
Train Loss 0.893
Train Loss 0.932
Epoch  33 | Time    35 | Train Loss 0.9254 | Test Loss 0.001 | Test Error 23.94
Train Loss 0.083
Train Loss 0.949
Train Loss 0.898
Train Loss 0.928
Train Loss 0.910
Train Loss 0.896
Train Loss 0.898
Train Loss 0.930
Epoch  34 | Time    35 | Train Loss 0.9162 | Test Loss 0.001 | Test Error 23.23
Train Loss 0.094
Train Loss 0.880
Train Loss 0.896
Train Loss 0.895
Train Loss 0.908
Train Loss 0.957
Train Loss 0.900
Train Loss 0.902
Epoch  35 | Time    35 | Train Loss 0.9186 | Test Loss 0.001 | Test Error 23.63
Train Loss 0.091
Train Loss 0.882
Train Loss 0.882
Train Loss 0.899
Train Loss 0.906
Train Loss 0.908
Train Loss 0.947
Train Loss 0.900
Epoch  36 | Time    35 | Train Loss 0.9329 | Test Loss 0.001 | Test Error 28.18
Train Loss 0.076
Train Loss 0.851
Train Loss 0.924
Train Loss 0.920
Train Loss 0.918
Train Loss 0.914
Train Loss 0.912
Train Loss 0.890
Epoch  37 | Time    35 | Train Loss 0.9085 | Test Loss 0.001 | Test Error 23.52
Train Loss 0.089
Train Loss 0.920
Train Loss 0.871
Train Loss 0.909
Train Loss 0.902
Train Loss 0.880
Train Loss 0.908
Train Loss 0.912
Epoch  38 | Time    35 | Train Loss 0.9309 | Test Loss 0.001 | Test Error 22.53
Train Loss 0.088
Train Loss 0.894
Train Loss 0.876
Train Loss 0.874
Train Loss 0.871
Train Loss 0.869
Train Loss 0.908
Train Loss 0.904
Epoch  39 | Time    35 | Train Loss 0.8777 | Test Loss 0.001 | Test Error 23.33
Train Loss 0.094
Train Loss 0.841
Train Loss 0.873
Train Loss 0.899
Train Loss 0.892
Train Loss 0.891
Train Loss 0.870
Train Loss 0.874
Epoch  40 | Time    35 | Train Loss 0.8800 | Test Loss 0.001 | Test Error 23.30
Train Loss 0.092
Train Loss 0.872
Train Loss 0.886
Train Loss 0.897
Train Loss 0.880
Train Loss 0.858
Train Loss 0.919
Train Loss 0.878
Epoch  41 | Time    35 | Train Loss 0.9062 | Test Loss 0.001 | Test Error 22.80
Train Loss 0.078
Train Loss 0.833
Train Loss 0.887
Train Loss 0.902
Train Loss 0.861
Train Loss 0.826
Train Loss 0.885
Train Loss 0.879
Epoch  42 | Time    35 | Train Loss 0.8549 | Test Loss 0.001 | Test Error 23.94
Train Loss 0.087
Train Loss 0.869
Train Loss 0.896
Train Loss 0.835
Train Loss 0.867
Train Loss 0.894
Train Loss 0.871
Train Loss 0.844
Epoch  43 | Time    35 | Train Loss 0.8886 | Test Loss 0.001 | Test Error 23.19
Train Loss 0.085
Train Loss 0.840
Train Loss 0.856
Train Loss 0.870
Train Loss 0.873
Train Loss 0.880
Train Loss 0.860
Train Loss 0.855
Epoch  44 | Time    35 | Train Loss 0.8383 | Test Loss 0.001 | Test Error 21.55
Train Loss 0.090
Train Loss 0.844
Train Loss 0.855
Train Loss 0.876
Train Loss 0.875
Train Loss 0.867
Train Loss 0.848
Train Loss 0.842
Epoch  45 | Time    35 | Train Loss 0.8467 | Test Loss 0.001 | Test Error 21.11
Train Loss 0.092
Train Loss 0.892
Train Loss 0.858
Train Loss 0.865
Train Loss 0.821
Train Loss 0.874
Train Loss 0.850
Train Loss 0.831
Epoch  46 | Time    35 | Train Loss 0.8263 | Test Loss 0.001 | Test Error 21.55
Train Loss 0.089
Train Loss 0.841
Train Loss 0.858
Train Loss 0.846
Train Loss 0.848
Train Loss 0.866
Train Loss 0.849
Train Loss 0.859
Epoch  47 | Time    35 | Train Loss 0.8655 | Test Loss 0.001 | Test Error 21.59
Train Loss 0.075
Train Loss 0.860
Train Loss 0.817
Train Loss 0.824
Train Loss 0.846
Train Loss 0.850
Train Loss 0.841
Train Loss 0.834
Epoch  48 | Time    35 | Train Loss 0.8899 | Test Loss 0.001 | Test Error 24.76
Train Loss 0.073
Train Loss 0.792
Train Loss 0.856
Train Loss 0.861
Train Loss 0.824
Train Loss 0.831
Train Loss 0.806
Train Loss 0.833
Epoch  49 | Time    35 | Train Loss 0.8265 | Test Loss 0.001 | Test Error 22.26
Train Loss 0.074
Train Loss 0.815
Train Loss 0.834
Train Loss 0.824
Train Loss 0.857
Train Loss 0.842
Train Loss 0.791
Train Loss 0.857
Epoch  50 | Time    35 | Train Loss 0.8063 | Test Loss 0.001 | Test Error 22.20
Train Loss 0.069
Train Loss 0.787
Train Loss 0.800
Train Loss 0.832
Train Loss 0.779
Train Loss 0.832
Train Loss 0.812
Train Loss 0.836
Epoch  51 | Time    35 | Train Loss 0.8353 | Test Loss 0.001 | Test Error 20.82
Train Loss 0.076
Train Loss 0.819
Train Loss 0.815
Train Loss 0.850
Train Loss 0.815
Train Loss 0.827
Train Loss 0.830
Train Loss 0.783
Epoch  52 | Time    35 | Train Loss 0.8219 | Test Loss 0.001 | Test Error 22.23
Train Loss 0.084
Train Loss 0.783
Train Loss 0.831
Train Loss 0.785
Train Loss 0.827
Train Loss 0.806
Train Loss 0.799
Train Loss 0.856
Epoch  53 | Time    35 | Train Loss 0.7931 | Test Loss 0.001 | Test Error 21.05
Train Loss 0.084
Train Loss 0.781
Train Loss 0.805
Train Loss 0.807
Train Loss 0.798
Train Loss 0.781
Train Loss 0.805
Train Loss 0.829
Epoch  54 | Time    35 | Train Loss 0.8215 | Test Loss 0.001 | Test Error 20.55
Train Loss 0.088
Train Loss 0.814
Train Loss 0.803
Train Loss 0.770
Train Loss 0.796
Train Loss 0.819
Train Loss 0.821
Train Loss 0.748
Epoch  55 | Time    35 | Train Loss 0.8138 | Test Loss 0.001 | Test Error 19.43
Train Loss 0.092
Train Loss 0.765
Train Loss 0.779
Train Loss 0.766
Train Loss 0.792
Train Loss 0.823
Train Loss 0.753
Train Loss 0.793
Epoch  56 | Time    35 | Train Loss 0.7992 | Test Loss 0.001 | Test Error 19.63
Train Loss 0.080
Train Loss 0.770
Train Loss 0.765
Train Loss 0.770
Train Loss 0.766
Train Loss 0.792
Train Loss 0.792
Train Loss 0.805
Epoch  57 | Time    35 | Train Loss 0.7719 | Test Loss 0.001 | Test Error 19.14
Train Loss 0.078
Train Loss 0.770
Train Loss 0.777
Train Loss 0.774
Train Loss 0.784
Train Loss 0.792
Train Loss 0.784
Train Loss 0.736
Epoch  58 | Time    35 | Train Loss 0.7866 | Test Loss 0.001 | Test Error 18.80
Train Loss 0.070
Train Loss 0.726
Train Loss 0.753
Train Loss 0.768
Train Loss 0.788
Train Loss 0.757
Train Loss 0.727
Train Loss 0.758
Epoch  59 | Time    35 | Train Loss 0.7299 | Test Loss 0.001 | Test Error 19.96
Train Loss 0.060
Train Loss 0.743
Train Loss 0.784
Train Loss 0.755
Train Loss 0.804
Train Loss 0.757
Train Loss 0.739
Train Loss 0.775
Epoch  60 | Time    35 | Train Loss 0.7427 | Test Loss 0.001 | Test Error 18.25
Train Loss 0.074
Train Loss 0.769
Train Loss 0.776
Train Loss 0.769
Train Loss 0.724
Train Loss 0.779
Train Loss 0.717
Train Loss 0.715
Epoch  61 | Time    35 | Train Loss 0.7577 | Test Loss 0.001 | Test Error 18.74
Train Loss 0.083
Train Loss 0.761
Train Loss 0.717
Train Loss 0.742
Train Loss 0.725
Train Loss 0.713
Train Loss 0.738
Train Loss 0.759
Epoch  62 | Time    35 | Train Loss 0.7408 | Test Loss 0.001 | Test Error 18.88
Train Loss 0.088
Train Loss 0.720
Train Loss 0.742
Train Loss 0.743
Train Loss 0.724
Train Loss 0.733
Train Loss 0.756
Train Loss 0.693
Epoch  63 | Time    35 | Train Loss 0.7320 | Test Loss 0.001 | Test Error 17.93
Train Loss 0.071
Train Loss 0.708
Train Loss 0.734
Train Loss 0.738
Train Loss 0.707
Train Loss 0.756
Train Loss 0.744
Train Loss 0.701
Epoch  64 | Time    35 | Train Loss 0.7086 | Test Loss 0.001 | Test Error 18.45
Train Loss 0.060
Train Loss 0.699
Train Loss 0.709
Train Loss 0.764
Train Loss 0.717
Train Loss 0.697
Train Loss 0.751
Train Loss 0.724
Epoch  65 | Time    35 | Train Loss 0.7400 | Test Loss 0.001 | Test Error 18.70
Train Loss 0.074
Train Loss 0.710
Train Loss 0.693
Train Loss 0.707
Train Loss 0.699
Train Loss 0.691
Train Loss 0.763
Train Loss 0.749
Epoch  66 | Time    35 | Train Loss 0.7416 | Test Loss 0.001 | Test Error 16.98
Train Loss 0.078
Train Loss 0.699
Train Loss 0.732
Train Loss 0.673
Train Loss 0.728
Train Loss 0.729
Train Loss 0.702
Train Loss 0.687
Epoch  67 | Time    35 | Train Loss 0.7044 | Test Loss 0.001 | Test Error 17.00
Train Loss 0.061
Train Loss 0.688
Train Loss 0.692
Train Loss 0.697
Train Loss 0.668
Train Loss 0.675
Train Loss 0.707
Train Loss 0.693
Epoch  68 | Time    35 | Train Loss 0.7255 | Test Loss 0.001 | Test Error 17.02
Train Loss 0.059
Train Loss 0.656
Train Loss 0.687
Train Loss 0.666
Train Loss 0.657
Train Loss 0.702
Train Loss 0.704
Train Loss 0.725
Epoch  69 | Time    35 | Train Loss 0.7086 | Test Loss 0.001 | Test Error 16.94
Train Loss 0.067
Train Loss 0.675
Train Loss 0.650
Train Loss 0.730
Train Loss 0.693
Train Loss 0.684
Train Loss 0.700
Train Loss 0.676
Epoch  70 | Time    35 | Train Loss 0.6871 | Test Loss 0.000 | Test Error 16.50
Train Loss 0.059
Train Loss 0.662
Train Loss 0.651
Train Loss 0.646
Train Loss 0.638
Train Loss 0.681
Train Loss 0.668
Train Loss 0.676
Epoch  71 | Time    35 | Train Loss 0.6665 | Test Loss 0.000 | Test Error 16.55
Train Loss 0.058
Train Loss 0.646
Train Loss 0.670
Train Loss 0.641
Train Loss 0.658
Train Loss 0.655
Train Loss 0.669
Train Loss 0.661
Epoch  72 | Time    35 | Train Loss 0.6836 | Test Loss 0.001 | Test Error 17.76
Train Loss 0.048
Train Loss 0.662
Train Loss 0.653
Train Loss 0.660
Train Loss 0.623
Train Loss 0.655
Train Loss 0.631
Train Loss 0.700
Epoch  73 | Time    35 | Train Loss 0.6581 | Test Loss 0.000 | Test Error 15.76
Train Loss 0.067
Train Loss 0.663
Train Loss 0.626
Train Loss 0.664
Train Loss 0.631
Train Loss 0.660
Train Loss 0.688
Train Loss 0.633
Epoch  74 | Time    35 | Train Loss 0.6527 | Test Loss 0.000 | Test Error 16.25
Train Loss 0.058
Train Loss 0.628
Train Loss 0.644
Train Loss 0.602
Train Loss 0.667
Train Loss 0.617
Train Loss 0.602
Train Loss 0.643
Epoch  75 | Time    35 | Train Loss 0.6421 | Test Loss 0.000 | Test Error 16.12
Train Loss 0.069
Train Loss 0.606
Train Loss 0.646
Train Loss 0.671
Train Loss 0.597
Train Loss 0.624
Train Loss 0.619
Train Loss 0.594
Epoch  76 | Time    35 | Train Loss 0.6254 | Test Loss 0.000 | Test Error 15.45
Train Loss 0.061
Train Loss 0.573
Train Loss 0.634
Train Loss 0.618
Train Loss 0.610
Train Loss 0.620
Train Loss 0.615
Train Loss 0.617
Epoch  77 | Time    35 | Train Loss 0.6241 | Test Loss 0.000 | Test Error 15.16
Train Loss 0.062
Train Loss 0.602
Train Loss 0.607
Train Loss 0.617
Train Loss 0.613
Train Loss 0.595
Train Loss 0.610
Train Loss 0.604
Epoch  78 | Time    35 | Train Loss 0.6065 | Test Loss 0.000 | Test Error 15.04
Train Loss 0.056
Train Loss 0.583
Train Loss 0.570
Train Loss 0.599
Train Loss 0.590
Train Loss 0.605
Train Loss 0.610
Train Loss 0.617
Epoch  79 | Time    35 | Train Loss 0.5968 | Test Loss 0.000 | Test Error 15.04
Train Loss 0.067
Train Loss 0.574
Train Loss 0.572
Train Loss 0.592
Train Loss 0.574
Train Loss 0.578
Train Loss 0.564
Train Loss 0.598
Epoch  80 | Time    35 | Train Loss 0.6033 | Test Loss 0.000 | Test Error 14.92
Train Loss 0.060
Train Loss 0.575
Train Loss 0.539
Train Loss 0.562
Train Loss 0.582
Train Loss 0.580
Train Loss 0.560
Train Loss 0.578
Epoch  81 | Time    35 | Train Loss 0.5678 | Test Loss 0.000 | Test Error 14.74
Train Loss 0.081
Train Loss 0.551
Train Loss 0.557
Train Loss 0.538
Train Loss 0.577
Train Loss 0.572
Train Loss 0.558
Train Loss 0.581
Epoch  82 | Time    35 | Train Loss 0.5738 | Test Loss 0.000 | Test Error 14.43
Train Loss 0.056
Train Loss 0.567
Train Loss 0.577
Train Loss 0.550
Train Loss 0.586
Train Loss 0.551
Train Loss 0.554
Train Loss 0.572
Epoch  83 | Time    35 | Train Loss 0.5441 | Test Loss 0.000 | Test Error 13.91
Train Loss 0.046
Train Loss 0.552
Train Loss 0.518
Train Loss 0.536
Train Loss 0.530
Train Loss 0.555
Train Loss 0.537
Train Loss 0.516
Epoch  84 | Time    35 | Train Loss 0.5377 | Test Loss 0.000 | Test Error 13.54
Train Loss 0.050
Train Loss 0.540
Train Loss 0.528
Train Loss 0.530
Train Loss 0.531
Train Loss 0.516
Train Loss 0.557
Train Loss 0.520
Epoch  85 | Time    35 | Train Loss 0.5623 | Test Loss 0.000 | Test Error 13.63
Train Loss 0.060
Train Loss 0.515
Train Loss 0.497
Train Loss 0.542
Train Loss 0.515
Train Loss 0.544
Train Loss 0.523
Train Loss 0.530
Epoch  86 | Time    35 | Train Loss 0.5359 | Test Loss 0.000 | Test Error 13.35
Train Loss 0.045
Train Loss 0.501
Train Loss 0.491
Train Loss 0.525
Train Loss 0.531
Train Loss 0.519
Train Loss 0.484
Train Loss 0.517
Epoch  87 | Time    35 | Train Loss 0.4972 | Test Loss 0.000 | Test Error 13.34
Train Loss 0.052
Train Loss 0.517
Train Loss 0.521
Train Loss 0.504
Train Loss 0.530
Train Loss 0.477
Train Loss 0.517
Train Loss 0.528
Epoch  88 | Time    35 | Train Loss 0.5007 | Test Loss 0.000 | Test Error 13.04
Train Loss 0.059
Train Loss 0.495
Train Loss 0.484
Train Loss 0.495
Train Loss 0.498
Train Loss 0.476
Train Loss 0.466
Train Loss 0.512
Epoch  89 | Time    37 | Train Loss 0.5034 | Test Loss 0.000 | Test Error 12.56
Train Loss 0.047
Train Loss 0.485
Train Loss 0.486
Train Loss 0.507
Train Loss 0.504
Train Loss 0.462
Train Loss 0.473
Train Loss 0.466
Epoch  90 | Time    35 | Train Loss 0.4695 | Test Loss 0.000 | Test Error 12.80
Train Loss 0.036
Train Loss 0.457
Train Loss 0.493
Train Loss 0.483
Train Loss 0.488
Train Loss 0.478
Train Loss 0.476
Train Loss 0.480
Epoch  91 | Time    35 | Train Loss 0.4861 | Test Loss 0.000 | Test Error 12.71
Train Loss 0.034
Train Loss 0.482
Train Loss 0.455
Train Loss 0.451
Train Loss 0.486
Train Loss 0.463
Train Loss 0.474
Train Loss 0.465
Epoch  92 | Time    35 | Train Loss 0.4531 | Test Loss 0.000 | Test Error 12.34
Train Loss 0.056
Train Loss 0.452
Train Loss 0.453
Train Loss 0.427
Train Loss 0.437
Train Loss 0.455
Train Loss 0.468
Train Loss 0.448
Epoch  93 | Time    35 | Train Loss 0.4332 | Test Loss 0.000 | Test Error 12.30
Train Loss 0.040
Train Loss 0.465
Train Loss 0.442
Train Loss 0.424
Train Loss 0.446
Train Loss 0.427
Train Loss 0.452
Train Loss 0.446
Epoch  94 | Time    35 | Train Loss 0.4356 | Test Loss 0.000 | Test Error 12.06
Train Loss 0.042
Train Loss 0.470
Train Loss 0.454
Train Loss 0.447
Train Loss 0.455
Train Loss 0.457
Train Loss 0.449
Train Loss 0.421
Epoch  95 | Time    35 | Train Loss 0.4410 | Test Loss 0.000 | Test Error 12.15
Train Loss 0.040
Train Loss 0.429
Train Loss 0.426
Train Loss 0.441
Train Loss 0.418
Train Loss 0.440
Train Loss 0.424
Train Loss 0.423
Epoch  96 | Time    35 | Train Loss 0.4489 | Test Loss 0.000 | Test Error 12.04
Train Loss 0.042
Train Loss 0.439
Train Loss 0.427
Train Loss 0.434
Train Loss 0.455
Train Loss 0.412
Train Loss 0.455
Train Loss 0.473
Epoch  97 | Time    35 | Train Loss 0.4225 | Test Loss 0.000 | Test Error 11.90
Train Loss 0.040
Train Loss 0.437
Train Loss 0.450
Train Loss 0.419
Train Loss 0.427
Train Loss 0.443
Train Loss 0.427
Train Loss 0.439
Epoch  98 | Time    35 | Train Loss 0.4170 | Test Loss 0.000 | Test Error 11.91
Train Loss 0.051
Train Loss 0.405
Train Loss 0.447
Train Loss 0.435
Train Loss 0.426
Train Loss 0.404
Train Loss 0.462
Train Loss 0.421
Epoch  99 | Time    35 | Train Loss 0.4323 | Test Loss 0.000 | Test Error 11.91
Train Loss 0.037
Train Loss 0.419
Train Loss 0.434
Train Loss 0.438
Train Loss 0.421
Train Loss 0.419
Train Loss 0.440
Train Loss 0.434
Epoch 100 | Time    35 | Train Loss 0.3984 | Test Loss 0.000 | Test Error 11.83
(50000, 32, 32, 3)
gaussian_noise
	Test Loss 0.001 | Test Error 18.710
(50000, 32, 32, 3)
shot_noise
	Test Loss 0.000 | Test Error 16.382
(50000, 32, 32, 3)
impulse_noise
	Test Loss 0.001 | Test Error 23.988
(50000, 32, 32, 3)
defocus_blur
	Test Loss 0.000 | Test Error 13.510
(50000, 32, 32, 3)
glass_blur
	Test Loss 0.001 | Test Error 21.928
(50000, 32, 32, 3)
motion_blur
	Test Loss 0.000 | Test Error 15.912
(50000, 32, 32, 3)
zoom_blur
	Test Loss 0.000 | Test Error 14.640
(50000, 32, 32, 3)
snow
	Test Loss 0.001 | Test Error 17.876
(50000, 32, 32, 3)
frost
	Test Loss 0.001 | Test Error 17.422
(50000, 32, 32, 3)
fog
	Test Loss 0.001 | Test Error 18.796
(50000, 32, 32, 3)
brightness
	Test Loss 0.000 | Test Error 13.594
(50000, 32, 32, 3)
contrast
	Test Loss 0.001 | Test Error 24.264
(50000, 32, 32, 3)
elastic_transform
	Test Loss 0.000 | Test Error 16.358
(50000, 32, 32, 3)
pixelate
	Test Loss 0.000 | Test Error 14.054
(50000, 32, 32, 3)
jpeg_compression
	Test Loss 0.000 | Test Error 14.940
Mean Corruption Error: 17.492

brightness Flipping Prob
0.008243333333333458
Top5 Distance	0.23702
Zipf Distance	0.01275

gaussian_blur Flipping Prob
0.0027800000000000173
Top5 Distance	0.08767
Zipf Distance	0.00453

gaussian_noise Flipping Prob
0.023256666666666672
Top5 Distance	0.73685
Zipf Distance	0.03815

motion_blur Flipping Prob
0.033974999999999894
Top5 Distance	0.82984
Zipf Distance	0.04912

rotate Flipping Prob
0.029566666666666835
Top5 Distance	0.80702
Zipf Distance	0.04487

scale Flipping Prob
0.03744333333333444
Top5 Distance	0.87467
Zipf Distance	0.05288

shot_noise Flipping Prob
0.02933000000000003
Top5 Distance	0.94024
Zipf Distance	0.04852

snow Flipping Prob
0.017139999999999937
Top5 Distance	0.39112
Zipf Distance	0.02372

spatter Flipping Prob
0.02471999999999992
Top5 Distance	0.57924
Zipf Distance	0.03560

speckle_noise Flipping Prob
0.02738666666666665
Top5 Distance	0.91373
Zipf Distance	0.04626

tilt Flipping Prob
0.009209999999999992
Top5 Distance	0.27826
Zipf Distance	0.01462

translate Flipping Prob
0.05750666666666675
Top5 Distance	1.54357
Zipf Distance	0.08764

zoom_blur Flipping Prob
0.0030166666666666857
Top5 Distance	0.08911
Zipf Distance	0.00472
flip_list [0.008243333333333458, 0.0027800000000000173, 0.023256666666666672, 0.033974999999999894, 0.029566666666666835, 0.03744333333333444, 0.02933000000000003, 0.017139999999999937, 0.02471999999999992, 0.02738666666666665, 0.009209999999999992, 0.05750666666666675, 0.0030166666666666857]

Mean Flipping Prob	0.02335
